

        **********************************************************
        ** PROGRAM FullProf.2k (Version 7.20 - Oct2019-ILL JRC) **
        **********************************************************
                       M U L T I -- P A T T E R N                 
            Rietveld, Profile Matching & Integrated Intensity     
                 Refinement of X-ray and/or Neutron Data


    Date: 05/08/2023  Time: 20:19:17.113                              

 => PCR file code: Cu3P
 => DAT file code: 230804_Cu3P_geom.dat -> Relative contribution: 1.0000                                                            

 ==> CONDITIONS OF THIS RUN FOR PATTERN No.:  1

 => Global Refinement of X-ray powder diffraction data                                                                              
 => Global Refinement of X-ray powder diffraction data                                                                              
    Bragg-Brentano(X-rays) or Debye-Scherrer geometry(Neutrons)
 => Title: #(C) 2023 by FIZ Karlsruhe - Leibniz Institute for Information Infrastructure.  All rights reserved.

 => Number of phases:    1
 => Number of excluded regions:    0
 => Number of scattering factors supplied:    0
 => Conventional weights: w=1.0/Variance(yobs)
 => Asymmetry correction as in J.Appl.Cryst. 26,128(1993)
 => Background refined by polynomial function
 => The    7th default profile function was selected
 => T-C-H Pseudo-Voigt function 
    This function is convoluted with asymmetry due to axial 
    divergence as formulated by: 
    van Laar and Yelon, J. Appl. Cryst. 17, 47(1984).
    and using the method of:
    Finger, Cox and Jephcoat, J. Appl. Cryst. 27, 892 (1994).
    Fortran 90 module adapted from function PROFVAL (in F77) : 
    L.W. Finger, J. Appl. Cryst. 31, 111 (1998).


 ==> INPUT/OUTPUT OPTIONS:

 => Generate file *.PRF for plot
 => Output Integrated Intensities
 => Generate new input file *.PCR

 => Data supplied in free format for pattern:  1
 => Plot pattern at each cycle
 => Wavelengths:  1.54056 1.54439
 => Alpha2/Alpha1 ratio:   0.5000
 => Cos(Monochromator angle)=   0.9100
 => Asymmetry correction for angles lower than    0.000 degrees
 => Absorption correction (AC), muR-eff =   0.0000  0.0000
 => Base of peaks: 2.0*HW*    8.00

 => Number of cycles:    1
 => Relaxation factors ==>    for coordinates:  1.00
 => for anisotropic temperature factors:  1.00
 => for halfwidth/strain/size parameters:  1.00
 => for lattice constants and propagation vectors:  1.00
 => EPS-value for convergence:    0.1
 => Number of Least-Squares parameters varied:     0

 =>--------------------------->
 =>------->  PATTERN number:  1
 =>--------------------------->
 => Global parameters and codes ==>
 => Zero-point:     0.0000    0.0000
 => Background parameters and codes ==>
 => Origin of polynomial at 2theta/TOF/E(KeV):   40.000  
  0.0000      0.0000      0.0000      0.0000      0.0000      0.0000    
        0.00        0.00        0.00        0.00        0.00        0.00
 => Displacement peak-shift parameter and code:     0.00    0.00
 => Transparency peak-shift parameter and code:     0.00    0.00

 => Reading Intensity data  =>>

 ==> Angular range, step and number of points:
     2Thmin:       5.000000  2Thmax:     100.000000  Step:       0.020000  No. of points:   4751
 --------------------------------------------------------------------------------
 => Phase  No. 1
      #(C) 2023 by FIZ Karlsruhe - Leibniz Institute for Information Infrast
 --------------------------------------------------------------------------------
 =>-------> Pattern#  1
 => Crystal Structure Refinement
 => Preferred orientation vector:   0.0000  0.0000  1.0000

 =>-------> Data for PHASE: 1
 => Number of atoms:    5
 => Number of distance  constraints:    0
 => Number of angle     constraints:    0

 => Symmetry information on space group: P 63 c m            
 -> The multiplicity of the general position is:  12
 -> The space group is Acentric                 
 -> Lattice type  P: { 000 }                                       
 -> Reduced set of symmetry operators:

  No.  IT   Symmetry symbol    Rotation part     Associated Translation
   1: ( 1)   1            --> ( x  ,   y, z) + {  0.0000  0.0000  0.0000}
   2: ( 6)  6+ ( 0, 0, z) --> ( x-y, x  , z) + {  0.0000  0.0000  0.5000}
   3: ( 2)  3+ ( 0, 0, z) --> (  -y, x-y, z) + {  0.0000  0.0000  0.0000}
   4: ( 4)   2 ( 0, 0, z) --> (-x  ,  -y, z) + {  0.0000  0.0000  0.5000}
   5: ( 3)  3- ( 0, 0, z) --> (-x+y,-x  , z) + {  0.0000  0.0000  0.0000}
   6: ( 5)  6- ( 0, 0, z) --> (   y,-x+y, z) + {  0.0000  0.0000  0.5000}
   7: (19)   m ( x,-x, z) --> (  -y,-x  , z) + {  0.0000  0.0000  0.5000}
   8: (24)   m ( 0, y, z) --> (-x  ,-x+y, z) + {  0.0000  0.0000  0.0000}
   9: (20)   m ( x,2x, z) --> (-x+y,   y, z) + {  0.0000  0.0000  0.5000}
  10: (22)   m ( x, x, z) --> (   y, x  , z) + {  0.0000  0.0000  0.0000}
  11: (21)   m (2x, x, z) --> ( x  , x-y, z) + {  0.0000  0.0000  0.5000}
  12: (23)   m ( x, 0, z) --> ( x-y,  -y, z) + {  0.0000  0.0000  0.0000}


        Information on Space Group: 
        --------------------------- 

 =>   Number of Space group: 185
 =>  Hermann-Mauguin Symbol: P 63 c m
 =>             Hall Symbol: P 6c -2
 =>            Setting Type: IT (Generated from Hermann-Mauguin symbol)
 =>          Crystal System: Hexagonal
 =>              Laue Class: 6/mmm
 =>             Point Group: 6mm
 =>         Bravais Lattice: P
 =>          Lattice Symbol: hP
 =>  Reduced Number of S.O.:  12
 =>    General multiplicity:  12
 =>          Centrosymmetry: Acentric
 =>  Generators (exc. -1&L):   2
 =>         Asymmetric unit:  0.000 <= x <=  0.667
                              0.000 <= y <=  0.500
                              0.000 <= z <=  0.500

 => List of S.O. without inversion and lattice centring translations
 => SYMM(  1): x,y,z                               => SYMM(  2): x-y,x,z+1/2
 => SYMM(  3): -y,x-y,z                            => SYMM(  4): -x,-y,z+1/2
 => SYMM(  5): -x+y,-x,z                           => SYMM(  6): y,-x+y,z+1/2
 => SYMM(  7): -y,-x,z+1/2                         => SYMM(  8): -x,-x+y,z
 => SYMM(  9): -x+y,y,z+1/2                        => SYMM( 10): y,x,z
 => SYMM( 11): x,x-y,z+1/2                         => SYMM( 12): x-y,-y,z


 => Initial parameters ==>
 Atom    Ntyp                  X         Y         Z         B         occ.         in  fin  Spc  Mult
                             B11       B22       B33       B12       B13       B23
 Cu1    Cu                 0.28060   0.00000   0.07650   0.00000   0.50000           0    0    0    6
                 Codes:    0.00000   0.00000   0.00000   0.00000   0.00000
 Cu2    Cu                 0.37610   0.00000   0.42460   0.00000   0.50000           0    0    0    6
                 Codes:    0.00000   0.00000   0.00000   0.00000   0.00000
 Cu3    Cu                 0.33330   0.66670   0.19980   0.00000   0.33333           0    0    0    4
                 Codes:    0.00000   0.00000   0.00000   0.00000   0.00000
 Cu4    Cu                 0.00000   0.00000   0.32130   0.00000   0.16667           0    0    0    2
                 Codes:    0.00000   0.00000   0.00000   0.00000   0.00000
 P1     P                  0.33220   0.00000   0.75000   0.00000   0.50000           0    0    0    6
                 Codes:    0.00000   0.00000   0.00000   0.00000   0.00000

 => IT IS ASSUMED THAT THE FIRST GIVEN SITE IS FULLY OCCUPIED 
    OR THE FIRST AND SECOND ATOMS ARE IN THE SAME SITE WITH TOTAL FULL OCCUPATION
  (If this is not the case, change the order of atoms to obtain correct values for the content of the unit cell)
    The given occupation factors have been obtained mutiplying m/M by   1.0000
      -> Atom: Cu  ,  Chemical element: CU  Atomic Mass:    63.5460
      -> Atom: Cu  ,  Chemical element: CU  Atomic Mass:    63.5460
      -> Atom: Cu  ,  Chemical element: CU  Atomic Mass:    63.5460
      -> Atom: Cu  ,  Chemical element: CU  Atomic Mass:    63.5460
      -> Atom: P   ,  Chemical element: P   Atomic Mass:    30.9738
 => The given value of ATZ is       1329.67 the program has calculated:        1329.67
    The value of ATZ given in the input PCR file will be used for quantitative analysis
 => The chemical content of the unit cell is: 
       6.0000 Cu   +   6.0000 Cu   +   4.0000 Cu   +   2.0000 Cu   +   6.0000 P      
 => The normalized site occupation numbers in % are: 
     100.0000 Cu1    :      100.0000 Cu2    :       99.9990 Cu3    :      100.0020 Cu4    :      100.0000 P1       
 => The density (volumic mass) of the compound is:    7.370 g/cm3

 =>-------> PROFILE PARAMETERS FOR PATTERN:  1

 => Overall scale factor:   0.100000E-03
 => ETA (p-Voigt) OR M (Pearson VII):   0.0000
 => Overall temperature factor:      0.00000
 => Halfwidth U,V,W:      0.00413    -0.00762     0.00625
 => X and Y parameters:       0.0190      0.0000
 => Direct cell parameters:    6.9593   6.9593   7.1430  90.0000  90.0000 120.0000
 => Preferred orientation parameters:   0.0000  0.0000
 => Asymmetry parameters     :      0.00000     0.00000     0.00000     0.00000
 => Strain parameters        :      0.00000     0.00000     0.00000
 => Size   parameters        :      0.00000     0.00000
 => Further shape parameters (S_L and D_L):   0.00000   0.00000
    S_L is source width/detector distance
    D_L is detector width/detector distance

 ==> CODEWORDS FOR PROFILE PARAMETERS of PATTERN#  1

 => Overall scale factor:    0.000
 => ETA (p-Voigt) OR M (Pearson VII):    0.000
 => Overall temperature factor:    0.000
 => Halfwidth U,V,W:    0.000   0.000   0.000
 => X and Y parameters:    0.000   0.000
 => Direct cell parameters:    0.000   0.000   0.000   0.000   0.000   0.000
 => Preferred orientation parameters:    0.000   0.000
 => Asymmetry parameters     :    0.000   0.000   0.000   0.000
 => Strain parameters        :    0.000   0.000   0.000
 => Size   parameters        :    0.000   0.000

 => Cell constraints according to Laue symmetry: 6/mmm

        Metric information:
        -------------------

 => Direct cell parameters:

         a =       6.9593      b =       6.9593      c =       7.1430
     alpha =       90.000   beta =       90.000  gamma =      120.000
                        Direct Cell Volume =     299.6004

 => Reciprocal cell parameters:

         a*=     0.165922      b*=     0.165922      c*=     0.139997
     alpha*=       90.000   beta*=       90.000  gamma*=       60.000
                    Reciprocal Cell Volume =   0.00333778

 => Direct and Reciprocal Metric Tensors:

                   GD                                       GR
     48.4319    -24.2159      0.0000          0.027530    0.013765    0.000000
    -24.2159     48.4319      0.0000          0.013765    0.027530    0.000000
      0.0000      0.0000     51.0224          0.000000    0.000000    0.019599

 =>  Cartesian frame: z // c; y is in the bc-plane; x is y ^ z = a*  

     Crystal_to_Orthonormal_Matrix              Orthonormal_to_Crystal Matrix
              Cr_Orth_cel                               Orth_Cr_cel  
      6.9593     -3.4797      0.0000          0.143693    0.082961   -0.000000
      0.0000      6.0269      0.0000          0.000000    0.165922   -0.000000
      0.0000      0.0000      7.1430          0.000000    0.000000    0.139997

     Busing-Levy B-matrix: Hc=B.H            Inverse of the Busing-Levy B-matrix
                BL_M                                      BL_Minv  
    0.165922    0.082961    0.000000            6.0269     -3.4796     -0.0000
    0.000000    0.143693   -0.000000            0.0000      6.9593      0.0000
    0.000000    0.000000    0.139997            0.0000      0.0000      7.1430

 => Laue symmetry 6/mmm will be used to generate HKL for pattern#   1
 => Reflections generated between S(1/d)min:  0.0565 A-1 and S(1/d)max:  1.0057 A-1
 =>                                    dmax: 17.7030 A   and      dmin:  0.9943 A
 => The number of reflections generated is:     69
 => The max. scatt. variable (gen.ref.) is:       101.5543
 => Scattering coefficients from internal table


 => X-ray scattering coeff. (A1, B1, A2,...C, f(0), Z, Dfp,Dfpp)

 CU     13.3380   3.5828   7.1676   0.2470   5.6158  11.3966   1.6735  64.8126   1.1910  28.9859  29.0000  -2.0190   0.5890
 P       6.4345   1.9067   4.1791  27.1570   1.7800   0.5260   1.4908  68.1645   1.1149  14.9993  15.0000   0.2830   0.4340
  
 => Zero counts at step no.      2 at 2theta/TOF/E(KeV):         5.0200  Intensity fixed to 1.0 and variance to 1E6
 => Zero counts at step no.      4 at 2theta/TOF/E(KeV):         5.0600  Intensity fixed to 1.0 and variance to 1E6
 => Zero counts at step no.      6 at 2theta/TOF/E(KeV):         5.1000  Intensity fixed to 1.0 and variance to 1E6
 => Zero counts at step no.      7 at 2theta/TOF/E(KeV):         5.1200  Intensity fixed to 1.0 and variance to 1E6
 => Zero counts at step no.      8 at 2theta/TOF/E(KeV):         5.1400  Intensity fixed to 1.0 and variance to 1E6
 => Zero counts at step no.     10 at 2theta/TOF/E(KeV):         5.1800  Intensity fixed to 1.0 and variance to 1E6
 => Zero counts at step no.     12 at 2theta/TOF/E(KeV):         5.2200  Intensity fixed to 1.0 and variance to 1E6
 => Zero counts at step no.     16 at 2theta/TOF/E(KeV):         5.3000  Intensity fixed to 1.0 and variance to 1E6
 => Zero counts at step no.     18 at 2theta/TOF/E(KeV):         5.3400  Intensity fixed to 1.0 and variance to 1E6
 => Zero counts at step no.     19 at 2theta/TOF/E(KeV):         5.3600  Intensity fixed to 1.0 and variance to 1E6
 => Zero counts at step no.     20 at 2theta/TOF/E(KeV):         5.3800  Intensity fixed to 1.0 and variance to 1E6
 => Zero counts at step no.     21 at 2theta/TOF/E(KeV):         5.4000  Intensity fixed to 1.0 and variance to 1E6
 => Zero counts at step no.     22 at 2theta/TOF/E(KeV):         5.4200  Intensity fixed to 1.0 and variance to 1E6
 => Zero counts at step no.     24 at 2theta/TOF/E(KeV):         5.4600  Intensity fixed to 1.0 and variance to 1E6
 => Zero counts at step no.     25 at 2theta/TOF/E(KeV):         5.4800  Intensity fixed to 1.0 and variance to 1E6
 => Zero counts at step no.     26 at 2theta/TOF/E(KeV):         5.5000  Intensity fixed to 1.0 and variance to 1E6
 => Zero counts at step no.     27 at 2theta/TOF/E(KeV):         5.5200  Intensity fixed to 1.0 and variance to 1E6
 => Zero counts at step no.     28 at 2theta/TOF/E(KeV):         5.5400  Intensity fixed to 1.0 and variance to 1E6
 => Zero counts at step no.     30 at 2theta/TOF/E(KeV):         5.5800  Intensity fixed to 1.0 and variance to 1E6
 => Zero counts at step no.     31 at 2theta/TOF/E(KeV):         5.6000  Intensity fixed to 1.0 and variance to 1E6
 => Zero counts at step no.     32 at 2theta/TOF/E(KeV):         5.6200  Intensity fixed to 1.0 and variance to 1E6
 => Zero counts at step no.     35 at 2theta/TOF/E(KeV):         5.6800  Intensity fixed to 1.0 and variance to 1E6
 => Zero counts at step no.     36 at 2theta/TOF/E(KeV):         5.7000  Intensity fixed to 1.0 and variance to 1E6
 => Zero counts at step no.     38 at 2theta/TOF/E(KeV):         5.7400  Intensity fixed to 1.0 and variance to 1E6
 => Zero counts at step no.     40 at 2theta/TOF/E(KeV):         5.7800  Intensity fixed to 1.0 and variance to 1E6
 => Zero counts at step no.     42 at 2theta/TOF/E(KeV):         5.8200  Intensity fixed to 1.0 and variance to 1E6
 => Zero counts at step no.     43 at 2theta/TOF/E(KeV):         5.8400  Intensity fixed to 1.0 and variance to 1E6
 => Zero counts at step no.     44 at 2theta/TOF/E(KeV):         5.8600  Intensity fixed to 1.0 and variance to 1E6
 => Zero counts at step no.     46 at 2theta/TOF/E(KeV):         5.9000  Intensity fixed to 1.0 and variance to 1E6
 => Zero counts at step no.     47 at 2theta/TOF/E(KeV):         5.9200  Intensity fixed to 1.0 and variance to 1E6
 => Zero counts at step no.     48 at 2theta/TOF/E(KeV):         5.9400  Intensity fixed to 1.0 and variance to 1E6
 => Zero counts at step no.     49 at 2theta/TOF/E(KeV):         5.9600  Intensity fixed to 1.0 and variance to 1E6
 => Zero counts at step no.     50 at 2theta/TOF/E(KeV):         5.9800  Intensity fixed to 1.0 and variance to 1E6
 => Zero counts at step no.     52 at 2theta/TOF/E(KeV):         6.0200  Intensity fixed to 1.0 and variance to 1E6
 => Zero counts at step no.     54 at 2theta/TOF/E(KeV):         6.0600  Intensity fixed to 1.0 and variance to 1E6
 => Zero counts at step no.     55 at 2theta/TOF/E(KeV):         6.0800  Intensity fixed to 1.0 and variance to 1E6
 => Zero counts at step no.     60 at 2theta/TOF/E(KeV):         6.1800  Intensity fixed to 1.0 and variance to 1E6
 => Zero counts at step no.     61 at 2theta/TOF/E(KeV):         6.2000  Intensity fixed to 1.0 and variance to 1E6
 => Zero counts at step no.     62 at 2theta/TOF/E(KeV):         6.2200  Intensity fixed to 1.0 and variance to 1E6
 => Zero counts at step no.     64 at 2theta/TOF/E(KeV):         6.2600  Intensity fixed to 1.0 and variance to 1E6
 => Zero counts at step no.     65 at 2theta/TOF/E(KeV):         6.2800  Intensity fixed to 1.0 and variance to 1E6
 => Zero counts at step no.     66 at 2theta/TOF/E(KeV):         6.3000  Intensity fixed to 1.0 and variance to 1E6
 => Zero counts at step no.     68 at 2theta/TOF/E(KeV):         6.3400  Intensity fixed to 1.0 and variance to 1E6
 => Zero counts at step no.     70 at 2theta/TOF/E(KeV):         6.3800  Intensity fixed to 1.0 and variance to 1E6
 => Zero counts at step no.     72 at 2theta/TOF/E(KeV):         6.4200  Intensity fixed to 1.0 and variance to 1E6
 => Zero counts at step no.     74 at 2theta/TOF/E(KeV):         6.4600  Intensity fixed to 1.0 and variance to 1E6
 => Zero counts at step no.     76 at 2theta/TOF/E(KeV):         6.5000  Intensity fixed to 1.0 and variance to 1E6
 => Zero counts at step no.     78 at 2theta/TOF/E(KeV):         6.5400  Intensity fixed to 1.0 and variance to 1E6
 => Zero counts at step no.     82 at 2theta/TOF/E(KeV):         6.6200  Intensity fixed to 1.0 and variance to 1E6
 => Zero counts at step no.     83 at 2theta/TOF/E(KeV):         6.6400  Intensity fixed to 1.0 and variance to 1E6
 => Zero counts at step no.     86 at 2theta/TOF/E(KeV):         6.7000  Intensity fixed to 1.0 and variance to 1E6
 => Zero counts at step no.     87 at 2theta/TOF/E(KeV):         6.7200  Intensity fixed to 1.0 and variance to 1E6
 => Zero counts at step no.     88 at 2theta/TOF/E(KeV):         6.7400  Intensity fixed to 1.0 and variance to 1E6
 => Zero counts at step no.     92 at 2theta/TOF/E(KeV):         6.8200  Intensity fixed to 1.0 and variance to 1E6
 => Zero counts at step no.     96 at 2theta/TOF/E(KeV):         6.9000  Intensity fixed to 1.0 and variance to 1E6
 => Zero counts at step no.     97 at 2theta/TOF/E(KeV):         6.9200  Intensity fixed to 1.0 and variance to 1E6
 => Zero counts at step no.     98 at 2theta/TOF/E(KeV):         6.9400  Intensity fixed to 1.0 and variance to 1E6
 => Zero counts at step no.     99 at 2theta/TOF/E(KeV):         6.9600  Intensity fixed to 1.0 and variance to 1E6
 => Zero counts at step no.    102 at 2theta/TOF/E(KeV):         7.0200  Intensity fixed to 1.0 and variance to 1E6
 => Zero counts at step no.    103 at 2theta/TOF/E(KeV):         7.0400  Intensity fixed to 1.0 and variance to 1E6
 => Zero counts at step no.    104 at 2theta/TOF/E(KeV):         7.0600  Intensity fixed to 1.0 and variance to 1E6
 => Zero counts at step no.    106 at 2theta/TOF/E(KeV):         7.1000  Intensity fixed to 1.0 and variance to 1E6
 => Zero counts at step no.    107 at 2theta/TOF/E(KeV):         7.1200  Intensity fixed to 1.0 and variance to 1E6
 => Zero counts at step no.    112 at 2theta/TOF/E(KeV):         7.2200  Intensity fixed to 1.0 and variance to 1E6
 => Zero counts at step no.    114 at 2theta/TOF/E(KeV):         7.2600  Intensity fixed to 1.0 and variance to 1E6
 => Zero counts at step no.    116 at 2theta/TOF/E(KeV):         7.3000  Intensity fixed to 1.0 and variance to 1E6
 => Zero counts at step no.    120 at 2theta/TOF/E(KeV):         7.3800  Intensity fixed to 1.0 and variance to 1E6
 => Zero counts at step no.    124 at 2theta/TOF/E(KeV):         7.4600  Intensity fixed to 1.0 and variance to 1E6
 => Zero counts at step no.    126 at 2theta/TOF/E(KeV):         7.5000  Intensity fixed to 1.0 and variance to 1E6
 => Zero counts at step no.    128 at 2theta/TOF/E(KeV):         7.5400  Intensity fixed to 1.0 and variance to 1E6
 => Zero counts at step no.    130 at 2theta/TOF/E(KeV):         7.5800  Intensity fixed to 1.0 and variance to 1E6
 => Zero counts at step no.    132 at 2theta/TOF/E(KeV):         7.6200  Intensity fixed to 1.0 and variance to 1E6
 => Zero counts at step no.    134 at 2theta/TOF/E(KeV):         7.6600  Intensity fixed to 1.0 and variance to 1E6
 => Zero counts at step no.    136 at 2theta/TOF/E(KeV):         7.7000  Intensity fixed to 1.0 and variance to 1E6
 => Zero counts at step no.    138 at 2theta/TOF/E(KeV):         7.7400  Intensity fixed to 1.0 and variance to 1E6
 => Zero counts at step no.    140 at 2theta/TOF/E(KeV):         7.7800  Intensity fixed to 1.0 and variance to 1E6
 => Zero counts at step no.    144 at 2theta/TOF/E(KeV):         7.8600  Intensity fixed to 1.0 and variance to 1E6
 => Zero counts at step no.    146 at 2theta/TOF/E(KeV):         7.9000  Intensity fixed to 1.0 and variance to 1E6
 => Zero counts at step no.    148 at 2theta/TOF/E(KeV):         7.9400  Intensity fixed to 1.0 and variance to 1E6
 => Zero counts at step no.    150 at 2theta/TOF/E(KeV):         7.9800  Intensity fixed to 1.0 and variance to 1E6
 => Zero counts at step no.    151 at 2theta/TOF/E(KeV):         8.0000  Intensity fixed to 1.0 and variance to 1E6
 => Zero counts at step no.    152 at 2theta/TOF/E(KeV):         8.0200  Intensity fixed to 1.0 and variance to 1E6
 => Zero counts at step no.    153 at 2theta/TOF/E(KeV):         8.0400  Intensity fixed to 1.0 and variance to 1E6
 => Zero counts at step no.    169 at 2theta/TOF/E(KeV):         8.3600  Intensity fixed to 1.0 and variance to 1E6
 => Zero counts at step no.    174 at 2theta/TOF/E(KeV):         8.4600  Intensity fixed to 1.0 and variance to 1E6
 
 => No optimization for routine tasks


   Standard deviations have to be multiplied by: 6.5246
   (correlated residuals) See references:
  -J.F.Berar & P.Lelann, J. Appl. Cryst. 24, 1-5 (1991) 
  -J.F.Berar, Acc. in Pow. Diff. II,NIST Sp.Pub. 846, 63(1992) 

 ++++++++++++++++++++++++++++++++++++++++++++++++++++++++++++++++++++++++++++++++++++++++++++++++++++++++++++++++++++++++

 => CYCLE No.:    1
 ---------------------------------------------------------------------------------------
 => Phase  1 Name: #(C) 2023 by FIZ Karlsruhe - Leibniz Institute for Information Infrast
 ---------------------------------------------------------------------------------------
 => New parameters, shifts, and standard deviations

 Atom        x       dx      sx       y       dy      sy       z       dz      sz       B       dB      sB      occ.    docc.   socc.

 Cu1      0.28060 0.00000 0.00000  0.00000 0.00000 0.00000  0.07650 0.00000 0.00000  0.00000 0.00000 0.00000  0.50000 0.00000 0.00000
 Cu2      0.37610 0.00000 0.00000  0.00000 0.00000 0.00000  0.42460 0.00000 0.00000  0.00000 0.00000 0.00000  0.50000 0.00000 0.00000
 Cu3      0.33330 0.00000 0.00000  0.66670 0.00000 0.00000  0.19980 0.00000 0.00000  0.00000 0.00000 0.00000  0.33333 0.00000 0.00000
 Cu4      0.00000 0.00000 0.00000  0.00000 0.00000 0.00000  0.32130 0.00000 0.00000  0.00000 0.00000 0.00000  0.16667 0.00000 0.00000
 P1       0.33220 0.00000 0.00000  0.00000 0.00000 0.00000  0.75000 0.00000 0.00000  0.00000 0.00000 0.00000  0.50000 0.00000 0.00000

 ==> PROFILE PARAMETERS FOR PATTERN#  1

 => Overall scale factor:      0.000100000     0.000000000     0.000000000
 => Eta(p-Voigt) or m(Pearson VII):   0.000000  0.000000  0.000000
 => Overall tem. factor:     0.000000    0.000000    0.000000
 => Halfwidth parameters: 
         0.004133    0.000000    0.000000
        -0.007618    0.000000    0.000000
         0.006255    0.000000    0.000000
 => Cell parameters: 
        6.959300    0.000000    0.000000
        6.959300    0.000000    0.000000
        7.143000    0.000000    0.000000
       90.000000    0.000000    0.000000
       90.000000    0.000000    0.000000
      120.000000    0.000000    0.000000
 => Preferred orientation: 
         0.000000    0.000000    0.000000
         0.000000    0.000000    0.000000
 => Asymmetry parameters: 
         0.000000    0.000000    0.000000
         0.000000    0.000000    0.000000
         0.000000    0.000000    0.000000
         0.000000    0.000000    0.000000
 => X and Y parameters: 
         0.018961    0.000000    0.000000
         0.000000    0.000000    0.000000
 => Strain parameters: 
         0.000000    0.000000    0.000000
         0.000000    0.000000    0.000000
         0.000000    0.000000    0.000000
 => Size   parameters (G,L): 
         0.000000    0.000000    0.000000
         0.000000    0.000000    0.000000
 => Further shape parameters (S_L and D_L): 
       0.000000  0.000000  0.000000
       0.000000  0.000000  0.000000

 ==> GLOBAL PARAMETERS FOR PATTERN#  1


 => Zero-point:     0.0000    0.0000    0.0000
 => Background Polynomial Parameters ==>
       0.0000      0.0000      0.0000    
       0.0000      0.0000      0.0000    
       0.0000      0.0000      0.0000    
       0.0000      0.0000      0.0000    
       0.0000      0.0000      0.0000    
       0.0000      0.0000      0.0000    

 => Cos( theta)-shift parameter :   0.0000  0.0000  0.0000
 => Sin(2theta)-shift parameter :   0.0000  0.0000  0.0000

 ==> RELIABILITY FACTORS WITH ALL NON-EXCLUDED POINTS FOR PATTERN:  1

 => R-Factors:   105.      148.     Chi2:  348.     DW-Stat.:  0.1461   Patt#:  1
 => Expected :            7.96                                1.9099
 => Deviance : 0.362E+07     Dev*:   0.000    
 => GoF-index:  19.         Sqrt(Residual/N)
 => N-P+C:  4751

 =>    SumYdif       SumYobs      SumYcal      SumwYobsSQ     Residual    Condition
     0.7866E+06    0.7500E+06    0.1469E+06    0.7499E+06    0.1653E+07     0.000    


 => Conventional Rietveld Rp,Rwp,Re and Chi2:   105.      148.      7.96      348.0    
 => (Values obtained using Ynet, but true sigma(y))
 =>  SumYnet, Sum(w Ynet**2):     0.7500E+06    0.7499E+06

 => N-sigma of the GoF:    16910.543

 ==> RELIABILITY FACTORS FOR POINTS WITH BRAGG CONTRIBUTIONS FOR PATTERN:  1

 => R-Factors:   108.      172.     Chi2:  527.     DW-Stat.:  0.1775   Patt#:
 => Expected :            7.51                                1.8777
 => Deviance : 0.362E+07     Dev*:         NaN
 => GoF-index:  23.         Sqrt(Residual/N)
 => N-P+C:  2583

 =>    SumYdif       SumYobs      SumYcal      SumwYobsSQ     Residual    Condition
     0.4942E+06    0.4576E+06    0.1469E+06    0.4576E+06    0.1361E+07     0.000    


 => Conventional Rietveld Rp,Rwp,Re and Chi2:   108.      172.      7.51      526.9    
 => (Values obtained using Ynet, but true sigma(y))
 =>  SumYnet, Sum(w Ynet**2):     0.4576E+06    0.4576E+06

 => N-sigma of the GoF:    18897.791

 => Global user-weigthed Chi2 (Bragg contrib.):   527.    

 => ---------> Pattern#  1
 => Phase:  1
 =>    Bragg R-factor:  87.6    
 =>    RF-factor     :  68.8    


   Standard deviations have to be multiplied by: 6.5246
   (correlated residuals) See references:
  -J.F.Berar & P.Lelann, J. Appl. Cryst. 24, 1-5 (1991) 
  -J.F.Berar, Acc. in Pow. Diff. II,NIST Sp.Pub. 846, 63(1992) 

 ++++++++++++++++++++++++++++++++++++++++++++++++++++++++++++++++++++++++++++++++++++++++++++++++++++++++++++++++++++++++

 => CYCLE No.:    1
 =>  Convergence reached at this CYCLE !!!!
 =>  Parameter shifts set to zero
 ---------------------------------------------------------------------------------------
 => Phase  1 Name: #(C) 2023 by FIZ Karlsruhe - Leibniz Institute for Information Infrast
 ---------------------------------------------------------------------------------------
 => New parameters, shifts, and standard deviations

 Atom        x       dx      sx       y       dy      sy       z       dz      sz       B       dB      sB      occ.    docc.   socc.

 Cu1      0.28060 0.00000 0.00000  0.00000 0.00000 0.00000  0.07650 0.00000 0.00000  0.00000 0.00000 0.00000  0.50000 0.00000 0.00000
 Cu2      0.37610 0.00000 0.00000  0.00000 0.00000 0.00000  0.42460 0.00000 0.00000  0.00000 0.00000 0.00000  0.50000 0.00000 0.00000
 Cu3      0.33330 0.00000 0.00000  0.66670 0.00000 0.00000  0.19980 0.00000 0.00000  0.00000 0.00000 0.00000  0.33333 0.00000 0.00000
 Cu4      0.00000 0.00000 0.00000  0.00000 0.00000 0.00000  0.32130 0.00000 0.00000  0.00000 0.00000 0.00000  0.16667 0.00000 0.00000
 P1       0.33220 0.00000 0.00000  0.00000 0.00000 0.00000  0.75000 0.00000 0.00000  0.00000 0.00000 0.00000  0.50000 0.00000 0.00000

 ==> PROFILE PARAMETERS FOR PATTERN#  1

 => Overall scale factor:      0.000100000     0.000000000     0.000000000
 => Eta(p-Voigt) or m(Pearson VII):   0.000000  0.000000  0.000000
 => Overall tem. factor:     0.000000    0.000000    0.000000
 => Halfwidth parameters: 
         0.004133    0.000000    0.000000
        -0.007618    0.000000    0.000000
         0.006255    0.000000    0.000000
 => Cell parameters: 
        6.959300    0.000000    0.000000
        6.959300    0.000000    0.000000
        7.143000    0.000000    0.000000
       90.000000    0.000000    0.000000
       90.000000    0.000000    0.000000
      120.000000    0.000000    0.000000
 => Preferred orientation: 
         0.000000    0.000000    0.000000
         0.000000    0.000000    0.000000
 => Asymmetry parameters: 
         0.000000    0.000000    0.000000
         0.000000    0.000000    0.000000
         0.000000    0.000000    0.000000
         0.000000    0.000000    0.000000
 => X and Y parameters: 
         0.018961    0.000000    0.000000
         0.000000    0.000000    0.000000
 => Strain parameters: 
         0.000000    0.000000    0.000000
         0.000000    0.000000    0.000000
         0.000000    0.000000    0.000000
 => Size   parameters (G,L): 
         0.000000    0.000000    0.000000
         0.000000    0.000000    0.000000
 => Further shape parameters (S_L and D_L): 
       0.000000  0.000000  0.000000
       0.000000  0.000000  0.000000

 ==> GLOBAL PARAMETERS FOR PATTERN#  1


 => Zero-point:     0.0000    0.0000    0.0000
 => Background Polynomial Parameters ==>
       0.0000      0.0000      0.0000    
       0.0000      0.0000      0.0000    
       0.0000      0.0000      0.0000    
       0.0000      0.0000      0.0000    
       0.0000      0.0000      0.0000    
       0.0000      0.0000      0.0000    

 => Cos( theta)-shift parameter :   0.0000  0.0000  0.0000
 => Sin(2theta)-shift parameter :   0.0000  0.0000  0.0000

 ==> RELIABILITY FACTORS WITH ALL NON-EXCLUDED POINTS FOR PATTERN:  1

 => R-Factors:   105.      148.     Chi2:  348.     DW-Stat.:  0.1461   Patt#:  1
 => Expected :            7.96                                1.9099
 => Deviance : 0.362E+07     Dev*:   0.000    
 => GoF-index:  19.         Sqrt(Residual/N)
 => N-P+C:  4751

 =>    SumYdif       SumYobs      SumYcal      SumwYobsSQ     Residual    Condition
     0.7866E+06    0.7500E+06    0.1469E+06    0.7499E+06    0.1653E+07     0.000    


 => Conventional Rietveld Rp,Rwp,Re and Chi2:   105.      148.      7.96      348.0    
 => (Values obtained using Ynet, but true sigma(y))
 =>  SumYnet, Sum(w Ynet**2):     0.7500E+06    0.7499E+06

 => N-sigma of the GoF:    16910.543

 ==> RELIABILITY FACTORS FOR POINTS WITH BRAGG CONTRIBUTIONS FOR PATTERN:  1

 => R-Factors:   108.      172.     Chi2:  527.     DW-Stat.:  0.1775   Patt#:
 => Expected :            7.51                                1.8777
 => Deviance : 0.362E+07     Dev*:         NaN
 => GoF-index:  23.         Sqrt(Residual/N)
 => N-P+C:  2583

 =>    SumYdif       SumYobs      SumYcal      SumwYobsSQ     Residual    Condition
     0.4942E+06    0.4576E+06    0.1469E+06    0.4576E+06    0.1361E+07     0.000    


 => Conventional Rietveld Rp,Rwp,Re and Chi2:   108.      172.      7.51      526.9    
 => (Values obtained using Ynet, but true sigma(y))
 =>  SumYnet, Sum(w Ynet**2):     0.4576E+06    0.4576E+06

 => N-sigma of the GoF:    18897.791

 => Global user-weigthed Chi2 (Bragg contrib.):   640.    

 => ---------> Pattern#  1
 => Phase:  1
 =>    Bragg R-factor:  87.6    
 =>    RF-factor     :  68.8    

 --------------------------------------------------------------------------------------------------------------
 Pattern#  1 Phase No.:   1 Phase name: #(C) 2023 by FIZ Karlsruhe - L
 --------------------------------------------------------------------------------------------------------------

   No.  Code     H   K   L  Mult     Hw         2theta      Icalc       Iobs      Sigma      HwG     HwL       ETA       d-hkl        CORR

      1   1      1   0   0     6  0.074399      14.686        3.6       63.3      0.942  0.073089  0.002443  0.044352  6.026930    342.862213
      2   1      0   0   2     2  0.071336      24.910        2.4       79.9      1.073  0.069094  0.004188  0.078574  3.571500     38.497078
      3   1      1   1   0     6  0.071142      25.579        5.8       95.3      1.136  0.068838  0.004304  0.080923  3.479650    109.256393
      4   1      1   1   1    12  0.070301      28.510       27.4       94.2      1.208  0.067723  0.004817  0.091399  3.128217    173.845337
      5   1      1   0   2    12  0.070151      29.038       12.2       54.6      0.804  0.067523  0.004910  0.093317  3.072534    167.212112
      6   1      2   0   0     6  0.069987      29.620        0.4      127.1      1.305  0.067303  0.005013  0.095442  3.013465     80.154297
      7   1      1   1   2    12  0.068229      36.005      187.3      116.9      1.347  0.064930  0.006162  0.119557  2.492323    105.381882
      8   1      2   0   2    12  0.067417      39.078      130.6       98.5      1.249  0.063812  0.006729  0.131700  2.303162     88.133759
      9   1      2   1   0    12  0.067300      39.528        5.0       57.0      0.870  0.063650  0.006813  0.133509  2.277966     85.946198
     10   1      2   1   1    24  0.066775      41.577      122.8      109.9      1.327  0.062917  0.007198  0.141851  2.170276    153.782196
     11   1      3   0   0     6  0.065906      45.091      397.1      130.1      1.434  0.061682  0.007872  0.156537  2.008977     32.116791
     12   1      1   1   3    12  0.065650      46.158      329.0      132.1      1.470  0.061314  0.008079  0.161093  1.965007     60.974945
     13   1      2   1   2    24  0.065383      47.290       58.0      108.6      1.324  0.060925  0.008302  0.165979  1.920566    115.532608
     14   1      0   0   4     2  0.064520      51.106        1.0      202.3      1.856  0.059645  0.009066  0.182825  1.785750      8.094454
     15   1      3   0   2    12  0.064285      52.197        8.2      161.8      3.887  0.059287  0.009288  0.187745  1.750973     46.327164
     16   1      2   2   0     6  0.064209      52.557        0.1       34.5      0.579  0.059170  0.009362  0.189379  1.739825     22.810545
     17   1      1   0   4    12  0.064018      53.472       50.7     1208.3     74.337  0.058875  0.009551  0.193558  1.712174     43.895020
     18   1      2   2   1    12  0.063866      54.217        1.7       64.6      0.955  0.058637  0.009706  0.196980  1.690404     42.561565
     19   1      3   1   0    12  0.063733      54.879        0.0       46.9      0.805  0.058428  0.009845  0.200040  1.671570     41.426239
     20   1      2   1   3    24  0.063550      55.806        3.1       90.8      1.264  0.058137  0.010041  0.204351  1.645985     79.823273
     21   1      3   1   1    24  0.063419      56.492       32.0      107.9      1.255  0.057924  0.010187  0.207565  1.627598     77.686020
     22   1      1   1   4    12  0.063139      58.003        4.2      110.8      1.351  0.057464  0.010511  0.214697  1.588748     36.640915
     23   1      2   2   2    12  0.062961      59.006       30.4      144.9      2.555  0.057164  0.010729  0.219476  1.564108     35.284317
     24   1      2   0   4    12  0.062760      60.185        1.3      105.2      1.319  0.056818  0.010988  0.225133  1.536267     33.789722
     25   1      3   1   2    24  0.062600      61.166        1.1      103.8      1.320  0.056536  0.011206  0.229876  1.513956     65.243973
     26   1      4   0   0     6  0.062549      61.491        3.8       57.3      0.858  0.056444  0.011279  0.231454  1.506733     16.124866
     27   1      2   1   4    24  0.061870      66.472       11.3       22.4      0.398  0.055116  0.012425  0.255984  1.405390     54.684547
     28   1      2   2   3    12  0.061866      66.506       61.4       95.9      1.564  0.055107  0.012433  0.256152  1.404758     27.313574
     29   1      4   0   2    12  0.061768      67.402        7.9       67.8      1.011  0.054888  0.012646  0.260622  1.388249     26.573502
     30   1      3   2   0    12  0.061736      67.710        0.1       12.8      0.319  0.054813  0.012720  0.262165  1.382673     26.327482
     31   1      3   1   3    24  0.061656      68.532        4.2      133.7      2.737  0.054620  0.012918  0.266280  1.368088     51.387093
     32   1      3   2   1    24  0.061600      69.143       20.0       89.6      1.166  0.054479  0.013066  0.269348  1.357475     50.482269
     33   1      3   0   4    12  0.061493      70.497        3.9      112.5      1.399  0.054180  0.013400  0.276155  1.334689     24.295778
     34   1      1   1   5    12  0.061439      71.304        7.6       83.4      1.149  0.054010  0.013601  0.280217  1.321556     23.767481
     35   1      4   1   0    12  0.061416      71.702        1.8       44.3      0.769  0.053929  0.013701  0.282226  1.315184     23.515667
     36   1      4   1   1    24  0.061348      73.100        0.5       57.5      0.987  0.053656  0.014056  0.289271  1.293442     45.358215
     37   1      3   2   2    24  0.061339      73.366       49.5      268.4      8.100  0.053606  0.014124  0.290608  1.289417     45.056374
     38   1      2   2   4    12  0.061296      76.358        2.1       97.7      1.306  0.053106  0.014910  0.305639  1.246162     20.988438
     39   1      4   1   2    24  0.061309      77.237       18.7      128.8      1.893  0.052980  0.015146  0.310027  1.234165     41.178825
     40   1      3   1   4    24  0.061341      78.277       49.8      134.4      1.999  0.052845  0.015430  0.315198  1.220349     40.291878
     41   1      2   1   5    24  0.061377      79.054       10.2       62.1      0.958  0.052755  0.015645  0.319044  1.210286     39.668304
     42   1      5   0   0     6  0.061399      79.439        2.5       36.6      0.696  0.052713  0.015753  0.320940  1.205386      9.842931
     43   1      3   2   3    24  0.061451      80.214        6.0       82.4      1.151  0.052637  0.015971  0.324741  1.195686     38.798569
     44   1      0   0   6     2  0.061484      80.635        8.9       57.9      0.893  0.052599  0.016090  0.326797  1.190500      3.208329
     45   1      1   0   6    12  0.061674      82.527        1.9      106.3      1.393  0.052466  0.016636  0.335940  1.167933     18.633245
     46   1      3   3   0     6  0.061763      83.227       30.0       88.1      1.203  0.052433  0.016842  0.339275  1.159883      9.213428
     47   1      4   0   4    12  0.061868      83.963       36.1       43.5      0.634  0.052408  0.017061  0.342751  1.151581     18.221844
     48   1      4   1   3    24  0.061873      83.994       39.5       44.5      0.619  0.052407  0.017071  0.342898  1.151233     36.426857
     49   1      3   3   1    12  0.061964      84.567        1.5       21.2      0.517  0.052395  0.017243  0.345580  1.144888     18.062565
     50   1      5   0   2    12  0.062006      84.822       21.3       59.5      0.919  0.052392  0.017321  0.346768  1.142094     17.997694
     51   1      4   2   0    12  0.062056      85.108        3.4       21.6      0.358  0.052389  0.017408  0.348095  1.138983     17.926624
     52   1      1   1   6    12  0.062282      86.289       33.0       83.7      1.206  0.052399  0.017771  0.353506  1.126399     17.651772
     53   1      4   2   1    24  0.062314      86.445       20.6       37.0      0.631  0.052402  0.017819  0.354210  1.124774     35.235584
     54   1      2   0   6    12  0.062712      88.163        4.4       98.9      1.341  0.052475  0.018363  0.361866  1.107227     17.274220
     55   1      2   2   5    12  0.062794      88.480        1.0        8.3      0.204  0.052496  0.018464  0.363247  1.104085     17.217348
     56   1      3   3   2    12  0.062818      88.573        8.7       45.1      0.754  0.052503  0.018494  0.363651  1.103166     17.200989
     57   1      3   2   4    24  0.063102      89.589        1.5       91.4      1.232  0.052589  0.018826  0.368015  1.093266     34.065891
     58   1      3   1   5    24  0.063334      90.352        5.5       65.9      0.952  0.052670  0.019078  0.371220  1.086013     33.839249
     59   1      4   2   2    24  0.063364      90.445        3.6       38.3      0.628  0.052681  0.019109  0.371607  1.085138     33.813053
     60   1      5   1   0    12  0.063456      90.730        2.3       27.4      0.440  0.052716  0.019204  0.372788  1.082469     16.867365

   No.  Code     H   K   L  Mult     Hw         2theta      Icalc       Iobs      Sigma      HwG     HwL       ETA       d-hkl        CORR

     61   1      5   1   1    24  0.063919      92.063       20.3      106.8      1.372  0.052909  0.019656  0.378186  1.070249     33.407257
     62   1      4   1   4    24  0.064413      93.335        0.2       87.8      1.269  0.053139  0.020098  0.383145  1.058975     33.152763
     63   1      2   1   6    24  0.064600      93.782        7.3       93.9      1.197  0.053231  0.020256  0.384840  1.055100     33.076447
     64   1      3   3   3    12  0.065257      95.243        0.1      130.5      1.544  0.053575  0.020781  0.390200  1.042739     16.436779
     65   1      5   1   2    24  0.065664      96.071       12.8      127.7      1.617  0.053800  0.021085  0.393111  1.035933     32.789593
     66   1      4   2   3    24  0.066219      97.126        1.4       77.4      1.135  0.054120  0.021479  0.396675  1.027474     32.714508
     67   1      3   0   6    12  0.066452      97.544       20.6       89.3      1.128  0.054257  0.021638  0.398046  1.024178     16.347223

     -----------------------------------------------------
     BRAGG R-Factors and weight fractions for Pattern #  1
     -----------------------------------------------------

 => Phase:  1     #(C) 2023 by FIZ Karlsruhe - Leibniz Institute for Information Infrastructure.  All rights reserved.
 => Bragg R-factor:   87.5       Vol:  299.600( 0.000)  Fract(%):  100.00( 0.00)
 => Rf-factor=  68.5             ATZ:        1329.671   Brindley:  1.0000

     -----------------------------------------------------------------
      SYMBOLIC NAMES AND FINAL VALUES AND SIGMA OF REFINED PARAMETERS:
     -----------------------------------------------------------------


 ------------------------------------------------------------------
 => Number of bytes for floating point variables: 4
 => Dimensions of dynamic allocated arrays in this run of FullProf:
 ------------------------------------------------------------------

 => Total approximate array memory (dynamic + static): 128415065 bytes

    MaxPOINT=    60000 Max.num. of points(+int. Inten.)/diffraction pattern       
    MaxREFLT=    20000 Max.num. of reflections/diffraction pattern               
    MaxPARAM=      300 Max.num. of refinable parameters                          
    MaxOVERL=    18096 Max.num. of overlapping reflections                       

 ----------------------------------------------------------
 => Number of bytes for floating point arrays: 4
 => Dimensions of fixed arrays in this release of FullProf:
 ----------------------------------------------------------

    NPATT   =       80 Max.num. of powder diffraction patterns                    
    NATS    =      830 Max.num. of atoms (all kind) in asymmetric unit            
    MPAR    =     1800 Max.num. of non atomic parameters/phase                    
    IEXCL   =       30 Max.num. of excluded regions                               
    IBACP   =      377 Max.num. of background points for interpolation            
    NPHT    =       16 Max.num. of phases                                         
    NMAGM   =        8 Max.num. of rotation-matrices sets for magnetic structure  
    NBASIS  =       12 Max.num. of basis functions associated to a single atom    
    NIREPS  =        9 Max.num. of irreducible representations to be combined     
    N_EQ    =      384 Max.num. of user-supplied symmetry operators/propagation vectors
    NGL     =      400 Max.num. of global parameters/diffraction pattern          
    N_LINC  =       30 Max.num. of global linear restraints                        
    NAT_P   =       68 Max.num. of atomic parameters per atom                     
    NCONST  =      500 Max.num. of slack constraints per phase                    
    N_SPE   =       30 Max.num. of different chemical species                     
    N_FORM  =       60 Max.num. of scattering factor values in a table            
    NPR     =      150 Max.num. of points defining a numerical profile            
    INPR    =       25 Max.num. of different numerical peak shapes                
    NPRC    =      150 Max.num. of terms in the table for correcting intensities  
    NSOL    =       10 Max.num. of solutions to be stored in Montecarlo searchs   

 
              CPU Time:     1.414 seconds
                            0.024 minutes

 => Run finished at:     Date: 05/08/2023  Time: 20:19:18.623                              
