

        **********************************************************
        ** PROGRAM FullProf.2k (Version 7.20 - Oct2019-ILL JRC) **
        **********************************************************
                       M U L T I -- P A T T E R N                 
            Rietveld, Profile Matching & Integrated Intensity     
                 Refinement of X-ray and/or Neutron Data


    Date: 05/08/2023  Time: 09:37:52.254                              

 => PCR file code: CuP2
 => DAT file code: 230804_Cu3P_geom.dat -> Relative contribution: 1.0000                                                            

 ==> CONDITIONS OF THIS RUN FOR PATTERN No.:  1

 => Global Refinement of X-ray powder diffraction data                                                                              
 => Global Refinement of X-ray powder diffraction data                                                                              
    Bragg-Brentano(X-rays) or Debye-Scherrer geometry(Neutrons)
 => Title: Darstellung, Eigenschaften und Kristallstruktur von Cu~2~P~7~ und Strukturverfeinerungen von CuP~2~ und AgP~2~

 => Number of phases:    1
 => Number of excluded regions:    0
 => Number of scattering factors supplied:    0
 => Conventional weights: w=1.0/Variance(yobs)
 => Asymmetry correction as in J.Appl.Cryst. 26,128(1993)
 => Background refined by polynomial function
 => The    7th default profile function was selected
 => T-C-H Pseudo-Voigt function 
    This function is convoluted with asymmetry due to axial 
    divergence as formulated by: 
    van Laar and Yelon, J. Appl. Cryst. 17, 47(1984).
    and using the method of:
    Finger, Cox and Jephcoat, J. Appl. Cryst. 27, 892 (1994).
    Fortran 90 module adapted from function PROFVAL (in F77) : 
    L.W. Finger, J. Appl. Cryst. 31, 111 (1998).


 ==> INPUT/OUTPUT OPTIONS:

 => Generate file *.PRF for plot
 => Output Integrated Intensities
 => Generate new input file *.PCR

 => Data supplied in free format for pattern:  1
 => Plot pattern at each cycle
 => Wavelengths:  1.54056 1.54439
 => Alpha2/Alpha1 ratio:   0.5000
 => Cos(Monochromator angle)=   0.9100
 => Asymmetry correction for angles lower than    0.000 degrees
 => Absorption correction (AC), muR-eff =   0.0000  0.0000
 => Base of peaks: 2.0*HW*    8.00

 => Number of cycles:    1
 => Relaxation factors ==>    for coordinates:  1.00
 => for anisotropic temperature factors:  1.00
 => for halfwidth/strain/size parameters:  1.00
 => for lattice constants and propagation vectors:  1.00
 => EPS-value for convergence:    0.1
 => Number of Least-Squares parameters varied:     0

 =>--------------------------->
 =>------->  PATTERN number:  1
 =>--------------------------->
 => Global parameters and codes ==>
 => Zero-point:     0.0000    0.0000
 => Background parameters and codes ==>
 => Origin of polynomial at 2theta/TOF/E(KeV):   40.000  
  0.0000      0.0000      0.0000      0.0000      0.0000      0.0000    
        0.00        0.00        0.00        0.00        0.00        0.00
 => Displacement peak-shift parameter and code:     0.00    0.00
 => Transparency peak-shift parameter and code:     0.00    0.00

 => Reading Intensity data  =>>

 ==> Angular range, step and number of points:
     2Thmin:       5.000000  2Thmax:     100.000000  Step:       0.020000  No. of points:   4751
 --------------------------------------------------------------------------------
 => Phase  No. 1
      Darstellung, Eigenschaften und Kristallstruktur von Cu~2~P~7~ und Stru
 --------------------------------------------------------------------------------
 =>-------> Pattern#  1
 => Crystal Structure Refinement
 => Preferred orientation vector:   0.0000  0.0000  1.0000

 =>-------> Data for PHASE: 1
 => Number of atoms:    3
 => Number of distance  constraints:    0
 => Number of angle     constraints:    0

 => Symmetry information on space group: P 1 21/c 1          
 -> The multiplicity of the general position is:   4
 -> The space group is Centric (-1 at origin)   
 -> Lattice type  P: { 000 }                                       
 -> Reduced set of symmetry operators:

  No.  IT   Symmetry symbol    Rotation part     Associated Translation
   1: ( 1)   1            -->     ( x, y, z) + {  0.0000  0.0000  0.0000}
   2: ( 3)   2 ( 0, y, 0) -->     (-x, y,-z) + {  0.0000  0.5000  0.5000}


        Information on Space Group: 
        --------------------------- 

 =>   Number of Space group:  14
 =>  Hermann-Mauguin Symbol: P 1 21/c 1
 =>             Hall Symbol: -P 2ybc
 =>    Table Setting Choice: b1
 =>            Setting Type: IT (Generated from Hermann-Mauguin symbol)
 =>          Crystal System: Monoclinic
 =>              Laue Class: 2/m
 =>             Point Group: 2/m
 =>         Bravais Lattice: P
 =>          Lattice Symbol: mP
 =>  Reduced Number of S.O.:   2
 =>    General multiplicity:   4
 =>          Centrosymmetry: Centric (-1 at origin)
 =>  Generators (exc. -1&L):   1
 =>         Asymmetric unit:  0.000 <= x <=  1.000
                              0.000 <= y <=  0.250
                              0.000 <= z <=  1.000

 => List of S.O. without inversion and lattice centring translations
 => SYMM(  1): x,y,z                               => SYMM(  2): -x,y+1/2,-z+1/2


 => Initial parameters ==>
 Atom    Ntyp                  X         Y         Z         B         occ.         in  fin  Spc  Mult
                             B11       B22       B33       B12       B13       B23
 P2     P                  0.09352   0.11390   0.41975   0.00000   1.00000           0    0    0    4
                 Codes:    0.00000   0.00000   0.00000   0.00000   0.00000
 Cu     Cu                 0.35656   0.03929   0.08398   0.00000   1.00000           0    0    0    4
                 Codes:    0.00000   0.00000   0.00000   0.00000   0.00000
 P1     P                  0.74958   0.27890   0.19970   0.00000   1.00000           0    0    0    4
                 Codes:    0.00000   0.00000   0.00000   0.00000   0.00000

 => IT IS ASSUMED THAT THE FIRST GIVEN SITE IS FULLY OCCUPIED 
    OR THE FIRST AND SECOND ATOMS ARE IN THE SAME SITE WITH TOTAL FULL OCCUPATION
  (If this is not the case, change the order of atoms to obtain correct values for the content of the unit cell)
    The given occupation factors have been obtained mutiplying m/M by   1.0000
      -> Atom: P   ,  Chemical element: P   Atomic Mass:    30.9738
      -> Atom: Cu  ,  Chemical element: CU  Atomic Mass:    63.5460
      -> Atom: P   ,  Chemical element: P   Atomic Mass:    30.9738
 => The given value of ATZ is        501.97 the program has calculated:         501.97
    The value of ATZ given in the input PCR file will be used for quantitative analysis
 => The chemical content of the unit cell is: 
       4.0000 P    +   4.0000 Cu   +   4.0000 P      
 => The normalized site occupation numbers in % are: 
     100.0000 P2     :      100.0000 Cu     :      100.0000 P1       
 => The density (volumic mass) of the compound is:    4.306 g/cm3

 =>-------> PROFILE PARAMETERS FOR PATTERN:  1

 => Overall scale factor:   0.100000E-04
 => ETA (p-Voigt) OR M (Pearson VII):   0.0000
 => Overall temperature factor:      0.00000
 => Halfwidth U,V,W:      0.00413    -0.00762     0.00625
 => X and Y parameters:       0.0190      0.0000
 => Direct cell parameters:    5.8004   4.8063   7.5263  90.0000 112.7000  90.0000
 => Preferred orientation parameters:   0.0000  0.0000
 => Asymmetry parameters     :      0.00000     0.00000     0.00000     0.00000
 => Strain parameters        :      0.00000     0.00000     0.00000
 => Size   parameters        :      0.00000     0.00000
 => Further shape parameters (S_L and D_L):   0.00000   0.00000
    S_L is source width/detector distance
    D_L is detector width/detector distance

 ==> CODEWORDS FOR PROFILE PARAMETERS of PATTERN#  1

 => Overall scale factor:    0.000
 => ETA (p-Voigt) OR M (Pearson VII):    0.000
 => Overall temperature factor:    0.000
 => Halfwidth U,V,W:    0.000   0.000   0.000
 => X and Y parameters:    0.000   0.000
 => Direct cell parameters:    0.000   0.000   0.000   0.000   0.000   0.000
 => Preferred orientation parameters:    0.000   0.000
 => Asymmetry parameters     :    0.000   0.000   0.000   0.000
 => Strain parameters        :    0.000   0.000   0.000
 => Size   parameters        :    0.000   0.000

 => Cell constraints according to Laue symmetry: 2/m  

        Metric information:
        -------------------

 => Direct cell parameters:

         a =       5.8004      b =       4.8063      c =       7.5263
     alpha =       90.000   beta =      112.700  gamma =       90.000
                        Direct Cell Volume =     193.5685

 => Reciprocal cell parameters:

         a*=     0.186878      b*=     0.208060      c*=     0.144024
     alpha*=       90.000   beta*=       67.300  gamma*=       90.000
                    Reciprocal Cell Volume =   0.00516613

 => Direct and Reciprocal Metric Tensors:

                   GD                                       GR
     33.6446      0.0000    -16.8469          0.034923    0.000000    0.010387
      0.0000     23.1005      0.0000          0.000000    0.043289    0.000000
    -16.8469      0.0000     56.6452          0.010387    0.000000    0.020743

 =>  Cartesian frame: z // c; y is in the bc-plane; x is y ^ z = a*  

     Crystal_to_Orthonormal_Matrix              Orthonormal_to_Crystal Matrix
              Cr_Orth_cel                               Orth_Cr_cel  
      5.8004      0.0000     -2.9044          0.172402   -0.000000    0.072117
      0.0000      4.8063      0.0000          0.000000    0.208060   -0.000000
      0.0000      0.0000      6.9433          0.000000    0.000000    0.144024

     Busing-Levy B-matrix: Hc=B.H            Inverse of the Busing-Levy B-matrix
                BL_M                                      BL_Minv  
    0.186878    0.000000    0.055580            5.3511     -0.0000     -2.2384
    0.000000    0.208060   -0.000000            0.0000      4.8063      0.0000
    0.000000    0.000000    0.132867            0.0000      0.0000      7.5263

 => Laue symmetry 2/m   will be used to generate HKL for pattern#   1
 => Reflections generated between S(1/d)min:  0.0565 A-1 and S(1/d)max:  1.0057 A-1
 =>                                    dmax: 17.7030 A   and      dmin:  0.9943 A
 => The number of reflections generated is:    204
 => The max. scatt. variable (gen.ref.) is:       101.5543
 => Scattering coefficients from internal table


 => X-ray scattering coeff. (A1, B1, A2,...C, f(0), Z, Dfp,Dfpp)

 P       6.4345   1.9067   4.1791  27.1570   1.7800   0.5260   1.4908  68.1645   1.1149  14.9993  15.0000   0.2830   0.4340
 CU     13.3380   3.5828   7.1676   0.2470   5.6158  11.3966   1.6735  64.8126   1.1910  28.9859  29.0000  -2.0190   0.5890
  
 => Zero counts at step no.      2 at 2theta/TOF/E(KeV):         5.0200  Intensity fixed to 1.0 and variance to 1E6
 => Zero counts at step no.      4 at 2theta/TOF/E(KeV):         5.0600  Intensity fixed to 1.0 and variance to 1E6
 => Zero counts at step no.      6 at 2theta/TOF/E(KeV):         5.1000  Intensity fixed to 1.0 and variance to 1E6
 => Zero counts at step no.      7 at 2theta/TOF/E(KeV):         5.1200  Intensity fixed to 1.0 and variance to 1E6
 => Zero counts at step no.      8 at 2theta/TOF/E(KeV):         5.1400  Intensity fixed to 1.0 and variance to 1E6
 => Zero counts at step no.     10 at 2theta/TOF/E(KeV):         5.1800  Intensity fixed to 1.0 and variance to 1E6
 => Zero counts at step no.     12 at 2theta/TOF/E(KeV):         5.2200  Intensity fixed to 1.0 and variance to 1E6
 => Zero counts at step no.     16 at 2theta/TOF/E(KeV):         5.3000  Intensity fixed to 1.0 and variance to 1E6
 => Zero counts at step no.     18 at 2theta/TOF/E(KeV):         5.3400  Intensity fixed to 1.0 and variance to 1E6
 => Zero counts at step no.     19 at 2theta/TOF/E(KeV):         5.3600  Intensity fixed to 1.0 and variance to 1E6
 => Zero counts at step no.     20 at 2theta/TOF/E(KeV):         5.3800  Intensity fixed to 1.0 and variance to 1E6
 => Zero counts at step no.     21 at 2theta/TOF/E(KeV):         5.4000  Intensity fixed to 1.0 and variance to 1E6
 => Zero counts at step no.     22 at 2theta/TOF/E(KeV):         5.4200  Intensity fixed to 1.0 and variance to 1E6
 => Zero counts at step no.     24 at 2theta/TOF/E(KeV):         5.4600  Intensity fixed to 1.0 and variance to 1E6
 => Zero counts at step no.     25 at 2theta/TOF/E(KeV):         5.4800  Intensity fixed to 1.0 and variance to 1E6
 => Zero counts at step no.     26 at 2theta/TOF/E(KeV):         5.5000  Intensity fixed to 1.0 and variance to 1E6
 => Zero counts at step no.     27 at 2theta/TOF/E(KeV):         5.5200  Intensity fixed to 1.0 and variance to 1E6
 => Zero counts at step no.     28 at 2theta/TOF/E(KeV):         5.5400  Intensity fixed to 1.0 and variance to 1E6
 => Zero counts at step no.     30 at 2theta/TOF/E(KeV):         5.5800  Intensity fixed to 1.0 and variance to 1E6
 => Zero counts at step no.     31 at 2theta/TOF/E(KeV):         5.6000  Intensity fixed to 1.0 and variance to 1E6
 => Zero counts at step no.     32 at 2theta/TOF/E(KeV):         5.6200  Intensity fixed to 1.0 and variance to 1E6
 => Zero counts at step no.     35 at 2theta/TOF/E(KeV):         5.6800  Intensity fixed to 1.0 and variance to 1E6
 => Zero counts at step no.     36 at 2theta/TOF/E(KeV):         5.7000  Intensity fixed to 1.0 and variance to 1E6
 => Zero counts at step no.     38 at 2theta/TOF/E(KeV):         5.7400  Intensity fixed to 1.0 and variance to 1E6
 => Zero counts at step no.     40 at 2theta/TOF/E(KeV):         5.7800  Intensity fixed to 1.0 and variance to 1E6
 => Zero counts at step no.     42 at 2theta/TOF/E(KeV):         5.8200  Intensity fixed to 1.0 and variance to 1E6
 => Zero counts at step no.     43 at 2theta/TOF/E(KeV):         5.8400  Intensity fixed to 1.0 and variance to 1E6
 => Zero counts at step no.     44 at 2theta/TOF/E(KeV):         5.8600  Intensity fixed to 1.0 and variance to 1E6
 => Zero counts at step no.     46 at 2theta/TOF/E(KeV):         5.9000  Intensity fixed to 1.0 and variance to 1E6
 => Zero counts at step no.     47 at 2theta/TOF/E(KeV):         5.9200  Intensity fixed to 1.0 and variance to 1E6
 => Zero counts at step no.     48 at 2theta/TOF/E(KeV):         5.9400  Intensity fixed to 1.0 and variance to 1E6
 => Zero counts at step no.     49 at 2theta/TOF/E(KeV):         5.9600  Intensity fixed to 1.0 and variance to 1E6
 => Zero counts at step no.     50 at 2theta/TOF/E(KeV):         5.9800  Intensity fixed to 1.0 and variance to 1E6
 => Zero counts at step no.     52 at 2theta/TOF/E(KeV):         6.0200  Intensity fixed to 1.0 and variance to 1E6
 => Zero counts at step no.     54 at 2theta/TOF/E(KeV):         6.0600  Intensity fixed to 1.0 and variance to 1E6
 => Zero counts at step no.     55 at 2theta/TOF/E(KeV):         6.0800  Intensity fixed to 1.0 and variance to 1E6
 => Zero counts at step no.     60 at 2theta/TOF/E(KeV):         6.1800  Intensity fixed to 1.0 and variance to 1E6
 => Zero counts at step no.     61 at 2theta/TOF/E(KeV):         6.2000  Intensity fixed to 1.0 and variance to 1E6
 => Zero counts at step no.     62 at 2theta/TOF/E(KeV):         6.2200  Intensity fixed to 1.0 and variance to 1E6
 => Zero counts at step no.     64 at 2theta/TOF/E(KeV):         6.2600  Intensity fixed to 1.0 and variance to 1E6
 => Zero counts at step no.     65 at 2theta/TOF/E(KeV):         6.2800  Intensity fixed to 1.0 and variance to 1E6
 => Zero counts at step no.     66 at 2theta/TOF/E(KeV):         6.3000  Intensity fixed to 1.0 and variance to 1E6
 => Zero counts at step no.     68 at 2theta/TOF/E(KeV):         6.3400  Intensity fixed to 1.0 and variance to 1E6
 => Zero counts at step no.     70 at 2theta/TOF/E(KeV):         6.3800  Intensity fixed to 1.0 and variance to 1E6
 => Zero counts at step no.     72 at 2theta/TOF/E(KeV):         6.4200  Intensity fixed to 1.0 and variance to 1E6
 => Zero counts at step no.     74 at 2theta/TOF/E(KeV):         6.4600  Intensity fixed to 1.0 and variance to 1E6
 => Zero counts at step no.     76 at 2theta/TOF/E(KeV):         6.5000  Intensity fixed to 1.0 and variance to 1E6
 => Zero counts at step no.     78 at 2theta/TOF/E(KeV):         6.5400  Intensity fixed to 1.0 and variance to 1E6
 => Zero counts at step no.     82 at 2theta/TOF/E(KeV):         6.6200  Intensity fixed to 1.0 and variance to 1E6
 => Zero counts at step no.     83 at 2theta/TOF/E(KeV):         6.6400  Intensity fixed to 1.0 and variance to 1E6
 => Zero counts at step no.     86 at 2theta/TOF/E(KeV):         6.7000  Intensity fixed to 1.0 and variance to 1E6
 => Zero counts at step no.     87 at 2theta/TOF/E(KeV):         6.7200  Intensity fixed to 1.0 and variance to 1E6
 => Zero counts at step no.     88 at 2theta/TOF/E(KeV):         6.7400  Intensity fixed to 1.0 and variance to 1E6
 => Zero counts at step no.     92 at 2theta/TOF/E(KeV):         6.8200  Intensity fixed to 1.0 and variance to 1E6
 => Zero counts at step no.     96 at 2theta/TOF/E(KeV):         6.9000  Intensity fixed to 1.0 and variance to 1E6
 => Zero counts at step no.     97 at 2theta/TOF/E(KeV):         6.9200  Intensity fixed to 1.0 and variance to 1E6
 => Zero counts at step no.     98 at 2theta/TOF/E(KeV):         6.9400  Intensity fixed to 1.0 and variance to 1E6
 => Zero counts at step no.     99 at 2theta/TOF/E(KeV):         6.9600  Intensity fixed to 1.0 and variance to 1E6
 => Zero counts at step no.    102 at 2theta/TOF/E(KeV):         7.0200  Intensity fixed to 1.0 and variance to 1E6
 => Zero counts at step no.    103 at 2theta/TOF/E(KeV):         7.0400  Intensity fixed to 1.0 and variance to 1E6
 => Zero counts at step no.    104 at 2theta/TOF/E(KeV):         7.0600  Intensity fixed to 1.0 and variance to 1E6
 => Zero counts at step no.    106 at 2theta/TOF/E(KeV):         7.1000  Intensity fixed to 1.0 and variance to 1E6
 => Zero counts at step no.    107 at 2theta/TOF/E(KeV):         7.1200  Intensity fixed to 1.0 and variance to 1E6
 => Zero counts at step no.    112 at 2theta/TOF/E(KeV):         7.2200  Intensity fixed to 1.0 and variance to 1E6
 => Zero counts at step no.    114 at 2theta/TOF/E(KeV):         7.2600  Intensity fixed to 1.0 and variance to 1E6
 => Zero counts at step no.    116 at 2theta/TOF/E(KeV):         7.3000  Intensity fixed to 1.0 and variance to 1E6
 => Zero counts at step no.    120 at 2theta/TOF/E(KeV):         7.3800  Intensity fixed to 1.0 and variance to 1E6
 => Zero counts at step no.    124 at 2theta/TOF/E(KeV):         7.4600  Intensity fixed to 1.0 and variance to 1E6
 => Zero counts at step no.    126 at 2theta/TOF/E(KeV):         7.5000  Intensity fixed to 1.0 and variance to 1E6
 => Zero counts at step no.    128 at 2theta/TOF/E(KeV):         7.5400  Intensity fixed to 1.0 and variance to 1E6
 => Zero counts at step no.    130 at 2theta/TOF/E(KeV):         7.5800  Intensity fixed to 1.0 and variance to 1E6
 => Zero counts at step no.    132 at 2theta/TOF/E(KeV):         7.6200  Intensity fixed to 1.0 and variance to 1E6
 => Zero counts at step no.    134 at 2theta/TOF/E(KeV):         7.6600  Intensity fixed to 1.0 and variance to 1E6
 => Zero counts at step no.    136 at 2theta/TOF/E(KeV):         7.7000  Intensity fixed to 1.0 and variance to 1E6
 => Zero counts at step no.    138 at 2theta/TOF/E(KeV):         7.7400  Intensity fixed to 1.0 and variance to 1E6
 => Zero counts at step no.    140 at 2theta/TOF/E(KeV):         7.7800  Intensity fixed to 1.0 and variance to 1E6
 => Zero counts at step no.    144 at 2theta/TOF/E(KeV):         7.8600  Intensity fixed to 1.0 and variance to 1E6
 => Zero counts at step no.    146 at 2theta/TOF/E(KeV):         7.9000  Intensity fixed to 1.0 and variance to 1E6
 => Zero counts at step no.    148 at 2theta/TOF/E(KeV):         7.9400  Intensity fixed to 1.0 and variance to 1E6
 => Zero counts at step no.    150 at 2theta/TOF/E(KeV):         7.9800  Intensity fixed to 1.0 and variance to 1E6
 => Zero counts at step no.    151 at 2theta/TOF/E(KeV):         8.0000  Intensity fixed to 1.0 and variance to 1E6
 => Zero counts at step no.    152 at 2theta/TOF/E(KeV):         8.0200  Intensity fixed to 1.0 and variance to 1E6
 => Zero counts at step no.    153 at 2theta/TOF/E(KeV):         8.0400  Intensity fixed to 1.0 and variance to 1E6
 => Zero counts at step no.    169 at 2theta/TOF/E(KeV):         8.3600  Intensity fixed to 1.0 and variance to 1E6
 => Zero counts at step no.    174 at 2theta/TOF/E(KeV):         8.4600  Intensity fixed to 1.0 and variance to 1E6
 
 => No optimization for routine tasks


   Standard deviations have to be multiplied by:55.6646
   (correlated residuals) See references:
  -J.F.Berar & P.Lelann, J. Appl. Cryst. 24, 1-5 (1991) 
  -J.F.Berar, Acc. in Pow. Diff. II,NIST Sp.Pub. 846, 63(1992) 

 ++++++++++++++++++++++++++++++++++++++++++++++++++++++++++++++++++++++++++++++++++++++++++++++++++++++++++++++++++++++++

 => CYCLE No.:    1
 ---------------------------------------------------------------------------------------
 => Phase  1 Name: Darstellung, Eigenschaften und Kristallstruktur von Cu~2~P~7~ und Stru
 ---------------------------------------------------------------------------------------
 => New parameters, shifts, and standard deviations

 Atom        x       dx      sx       y       dy      sy       z       dz      sz       B       dB      sB      occ.    docc.   socc.

 P2       0.09352 0.00000 0.00000  0.11390 0.00000 0.00000  0.41975 0.00000 0.00000  0.00000 0.00000 0.00000  1.00000 0.00000 0.00000
 Cu       0.35656 0.00000 0.00000  0.03929 0.00000 0.00000  0.08398 0.00000 0.00000  0.00000 0.00000 0.00000  1.00000 0.00000 0.00000
 P1       0.74958 0.00000 0.00000  0.27890 0.00000 0.00000  0.19970 0.00000 0.00000  0.00000 0.00000 0.00000  1.00000 0.00000 0.00000

 ==> PROFILE PARAMETERS FOR PATTERN#  1

 => Overall scale factor:      0.000010000     0.000000000     0.000000000
 => Eta(p-Voigt) or m(Pearson VII):   0.000000  0.000000  0.000000
 => Overall tem. factor:     0.000000    0.000000    0.000000
 => Halfwidth parameters: 
         0.004133    0.000000    0.000000
        -0.007618    0.000000    0.000000
         0.006255    0.000000    0.000000
 => Cell parameters: 
        5.800400    0.000000    0.000000
        4.806301    0.000000    0.000000
        7.526300    0.000000    0.000000
       90.000000    0.000000    0.000000
      112.699997    0.000000    0.000000
       90.000000    0.000000    0.000000
 => Preferred orientation: 
         0.000000    0.000000    0.000000
         0.000000    0.000000    0.000000
 => Asymmetry parameters: 
         0.000000    0.000000    0.000000
         0.000000    0.000000    0.000000
         0.000000    0.000000    0.000000
         0.000000    0.000000    0.000000
 => X and Y parameters: 
         0.018961    0.000000    0.000000
         0.000000    0.000000    0.000000
 => Strain parameters: 
         0.000000    0.000000    0.000000
         0.000000    0.000000    0.000000
         0.000000    0.000000    0.000000
 => Size   parameters (G,L): 
         0.000000    0.000000    0.000000
         0.000000    0.000000    0.000000
 => Further shape parameters (S_L and D_L): 
       0.000000  0.000000  0.000000
       0.000000  0.000000  0.000000

 ==> GLOBAL PARAMETERS FOR PATTERN#  1


 => Zero-point:     0.0000    0.0000    0.0000
 => Background Polynomial Parameters ==>
       0.0000      0.0000      0.0000    
       0.0000      0.0000      0.0000    
       0.0000      0.0000      0.0000    
       0.0000      0.0000      0.0000    
       0.0000      0.0000      0.0000    
       0.0000      0.0000      0.0000    

 => Cos( theta)-shift parameter :   0.0000  0.0000  0.0000
 => Sin(2theta)-shift parameter :   0.0000  0.0000  0.0000

 ==> RELIABILITY FACTORS WITH ALL NON-EXCLUDED POINTS FOR PATTERN:  1

 => R-Factors:   99.5      99.6     Chi2:  156.     DW-Stat.:  0.0044   Patt#:  1
 => Expected :            7.96                                1.9099
 => Deviance : 0.820E+07     Dev*:   0.000    
 => GoF-index:  13.         Sqrt(Residual/N)
 => N-P+C:  4751

 =>    SumYdif       SumYobs      SumYcal      SumwYobsSQ     Residual    Condition
     0.7466E+06    0.7500E+06     3431.        0.7499E+06    0.7433E+06     0.000    


 => Conventional Rietveld Rp,Rwp,Re and Chi2:   99.5      99.6      7.96      156.4    
 => (Values obtained using Ynet, but true sigma(y))
 =>  SumYnet, Sum(w Ynet**2):     0.7500E+06    0.7499E+06

 => N-sigma of the GoF:     7576.347

 ==> RELIABILITY FACTORS FOR POINTS WITH BRAGG CONTRIBUTIONS FOR PATTERN:  1

 => R-Factors:   99.4      99.5     Chi2:  178.     DW-Stat.:  0.0054   Patt#:
 => Expected :            7.46                                1.8939
 => Deviance : 0.820E+07     Dev*:         NaN
 => GoF-index:  13.         Sqrt(Residual/N)
 => N-P+C:  3427

 =>    SumYdif       SumYobs      SumYcal      SumwYobsSQ     Residual    Condition
     0.6126E+06    0.6160E+06     3431.        0.6160E+06    0.6094E+06     0.000    


 => Conventional Rietveld Rp,Rwp,Re and Chi2:   99.4      99.5      7.46      177.8    
 => (Values obtained using Ynet, but true sigma(y))
 =>  SumYnet, Sum(w Ynet**2):     0.6160E+06    0.6160E+06

 => N-sigma of the GoF:     7319.602

 => Global user-weigthed Chi2 (Bragg contrib.):   178.    

 => ---------> Pattern#  1
 => Phase:  1
 =>    Bragg R-factor:  99.8    
 =>    RF-factor     :  95.2    


   Standard deviations have to be multiplied by:55.6646
   (correlated residuals) See references:
  -J.F.Berar & P.Lelann, J. Appl. Cryst. 24, 1-5 (1991) 
  -J.F.Berar, Acc. in Pow. Diff. II,NIST Sp.Pub. 846, 63(1992) 

 ++++++++++++++++++++++++++++++++++++++++++++++++++++++++++++++++++++++++++++++++++++++++++++++++++++++++++++++++++++++++

 => CYCLE No.:    1
 =>  Convergence reached at this CYCLE !!!!
 =>  Parameter shifts set to zero
 ---------------------------------------------------------------------------------------
 => Phase  1 Name: Darstellung, Eigenschaften und Kristallstruktur von Cu~2~P~7~ und Stru
 ---------------------------------------------------------------------------------------
 => New parameters, shifts, and standard deviations

 Atom        x       dx      sx       y       dy      sy       z       dz      sz       B       dB      sB      occ.    docc.   socc.

 P2       0.09352 0.00000 0.00000  0.11390 0.00000 0.00000  0.41975 0.00000 0.00000  0.00000 0.00000 0.00000  1.00000 0.00000 0.00000
 Cu       0.35656 0.00000 0.00000  0.03929 0.00000 0.00000  0.08398 0.00000 0.00000  0.00000 0.00000 0.00000  1.00000 0.00000 0.00000
 P1       0.74958 0.00000 0.00000  0.27890 0.00000 0.00000  0.19970 0.00000 0.00000  0.00000 0.00000 0.00000  1.00000 0.00000 0.00000

 ==> PROFILE PARAMETERS FOR PATTERN#  1

 => Overall scale factor:      0.000010000     0.000000000     0.000000000
 => Eta(p-Voigt) or m(Pearson VII):   0.000000  0.000000  0.000000
 => Overall tem. factor:     0.000000    0.000000    0.000000
 => Halfwidth parameters: 
         0.004133    0.000000    0.000000
        -0.007618    0.000000    0.000000
         0.006255    0.000000    0.000000
 => Cell parameters: 
        5.800400    0.000000    0.000000
        4.806301    0.000000    0.000000
        7.526300    0.000000    0.000000
       90.000000    0.000000    0.000000
      112.699997    0.000000    0.000000
       90.000000    0.000000    0.000000
 => Preferred orientation: 
         0.000000    0.000000    0.000000
         0.000000    0.000000    0.000000
 => Asymmetry parameters: 
         0.000000    0.000000    0.000000
         0.000000    0.000000    0.000000
         0.000000    0.000000    0.000000
         0.000000    0.000000    0.000000
 => X and Y parameters: 
         0.018961    0.000000    0.000000
         0.000000    0.000000    0.000000
 => Strain parameters: 
         0.000000    0.000000    0.000000
         0.000000    0.000000    0.000000
         0.000000    0.000000    0.000000
 => Size   parameters (G,L): 
         0.000000    0.000000    0.000000
         0.000000    0.000000    0.000000
 => Further shape parameters (S_L and D_L): 
       0.000000  0.000000  0.000000
       0.000000  0.000000  0.000000

 ==> GLOBAL PARAMETERS FOR PATTERN#  1


 => Zero-point:     0.0000    0.0000    0.0000
 => Background Polynomial Parameters ==>
       0.0000      0.0000      0.0000    
       0.0000      0.0000      0.0000    
       0.0000      0.0000      0.0000    
       0.0000      0.0000      0.0000    
       0.0000      0.0000      0.0000    
       0.0000      0.0000      0.0000    

 => Cos( theta)-shift parameter :   0.0000  0.0000  0.0000
 => Sin(2theta)-shift parameter :   0.0000  0.0000  0.0000

 ==> RELIABILITY FACTORS WITH ALL NON-EXCLUDED POINTS FOR PATTERN:  1

 => R-Factors:   99.5      99.6     Chi2:  156.     DW-Stat.:  0.0044   Patt#:  1
 => Expected :            7.96                                1.9099
 => Deviance : 0.820E+07     Dev*:   0.000    
 => GoF-index:  13.         Sqrt(Residual/N)
 => N-P+C:  4751

 =>    SumYdif       SumYobs      SumYcal      SumwYobsSQ     Residual    Condition
     0.7466E+06    0.7500E+06     3431.        0.7499E+06    0.7433E+06     0.000    


 => Conventional Rietveld Rp,Rwp,Re and Chi2:   99.5      99.6      7.96      156.4    
 => (Values obtained using Ynet, but true sigma(y))
 =>  SumYnet, Sum(w Ynet**2):     0.7500E+06    0.7499E+06

 => N-sigma of the GoF:     7576.347

 ==> RELIABILITY FACTORS FOR POINTS WITH BRAGG CONTRIBUTIONS FOR PATTERN:  1

 => R-Factors:   99.4      99.5     Chi2:  178.     DW-Stat.:  0.0054   Patt#:
 => Expected :            7.46                                1.8939
 => Deviance : 0.820E+07     Dev*:         NaN
 => GoF-index:  13.         Sqrt(Residual/N)
 => N-P+C:  3427

 =>    SumYdif       SumYobs      SumYcal      SumwYobsSQ     Residual    Condition
     0.6126E+06    0.6160E+06     3431.        0.6160E+06    0.6094E+06     0.000    


 => Conventional Rietveld Rp,Rwp,Re and Chi2:   99.4      99.5      7.46      177.8    
 => (Values obtained using Ynet, but true sigma(y))
 =>  SumYnet, Sum(w Ynet**2):     0.6160E+06    0.6160E+06

 => N-sigma of the GoF:     7319.602

 => Global user-weigthed Chi2 (Bragg contrib.):   217.    

 => ---------> Pattern#  1
 => Phase:  1
 =>    Bragg R-factor:  99.8    
 =>    RF-factor     :  95.2    

 --------------------------------------------------------------------------------------------------------------
 Pattern#  1 Phase No.:   1 Phase name: Darstellung, Eigenschaften und
 --------------------------------------------------------------------------------------------------------------

   No.  Code     H   K   L  Mult     Hw         2theta      Icalc       Iobs      Sigma      HwG     HwL       ETA       d-hkl        CORR

      1   1      1   0   0     2  0.073827      16.553        0.3       58.2      0.902  0.072349  0.002758  0.050374  5.351090     89.544609
      2   1      0   1   1     4  0.072049      22.480        1.9       98.8      1.183  0.070031  0.003768  0.070153  3.951863     95.373001
      3   1     -1   0   2     2  0.071433      24.577        0.0       19.4      0.509  0.069222  0.004130  0.077410  3.619098     39.595642
      4   1     -1   1   1     4  0.071347      24.875        0.4       50.9      0.695  0.069108  0.004182  0.078452  3.576404     77.219170
      5   1      1   1   0     4  0.071345      24.880        0.1       15.5      0.205  0.069106  0.004183  0.078469  3.575710     77.187309
      6   1      0   0   2     2  0.071125      25.639        0.4       87.3      1.046  0.068815  0.004315  0.081134  3.471649     36.240368
      7   1     -1   1   2     4  0.069626      30.904        3.6       67.6      0.620  0.066821  0.005241  0.100173  2.891123     48.815754
      8   1      1   1   1     4  0.069623      30.916        7.3      137.0      1.179  0.066816  0.005243  0.100218  2.890024     48.775108
      9   1      0   1   2     4  0.069385      31.770        0.2      132.7      1.297  0.066497  0.005396  0.103396  2.814274     46.014103
     10   1     -2   0   2     2  0.068922      33.449        1.1       85.4      0.988  0.065872  0.005697  0.109725  2.676708     20.596895
     11   1      2   0   0     2  0.068918      33.464        0.5       32.5      0.366  0.065866  0.005700  0.109782  2.675545     20.577045
     12   1      1   0   2     2  0.068277      35.826        0.1       49.2      0.856  0.064995  0.006129  0.118859  2.504378     17.755009
     13   1     -2   1   1     4  0.068192      36.143        0.9       81.3      1.101  0.064879  0.006187  0.120093  2.483150     34.837357
     14   1      0   2   0     2  0.067860      37.390        0.3      109.5      1.316  0.064424  0.006416  0.124984  2.403151     16.178364
     15   1     -2   1   2     4  0.067577      38.463        0.5      116.7      1.335  0.064034  0.006615  0.129243  2.338512     30.415527
     16   1      2   1   0     4  0.067574      38.477        0.0        1.9      0.021  0.064030  0.006617  0.129296  2.337736     30.392572
     17   1      0   2   1     4  0.067267      39.654        0.2      106.4      1.292  0.063605  0.006837  0.134021  2.270974     28.447943
     18   1     -1   1   3     4  0.067032      40.570        1.5      106.1      1.321  0.063276  0.007008  0.137732  2.221792     27.054379
     19   1      1   1   2     4  0.067028      40.586        0.1        5.5      0.067  0.063271  0.007011  0.137797  2.220960     27.031088
     20   1     -1   2   1     4  0.066887      41.139        0.0        2.3      0.034  0.063073  0.007115  0.140053  2.192386     26.237045
     21   1      1   2   0     4  0.066886      41.142        0.4       63.8      0.902  0.063072  0.007116  0.140066  2.192226     26.232635
     22   1      0   1   3     4  0.066330      43.356        0.0       24.3      0.665  0.062288  0.007537  0.149225  2.085259     23.360975
     23   1     -2   1   3     4  0.065969      44.827        0.6       90.5      1.234  0.061774  0.007820  0.155418  2.020187     21.692545
     24   1      2   1   1     4  0.065964      44.851        0.0        0.1      0.001  0.061766  0.007825  0.155517  2.019186     21.667366
     25   1     -1   2   2     4  0.065865      45.257        0.5       53.8      0.829  0.061625  0.007904  0.157244  2.001985     21.236618
     26   1      1   2   1     4  0.065863      45.266        0.0        5.1      0.080  0.061622  0.007906  0.157281  2.001620     21.227512
     27   1      0   2   2     4  0.065714      45.888        0.9       92.6      1.137  0.061407  0.008027  0.159936  1.975931     20.592249
     28   1     -3   0   2     2  0.065349      47.432        0.2      109.5      1.336  0.060877  0.008330  0.166595  1.915154      9.563571
     29   1     -1   0   4     2  0.065115      48.446        0.6      102.5      1.395  0.060533  0.008531  0.171020  1.877406      9.122153
     30   1     -2   2   1     4  0.064944      49.199        1.0       95.7      1.158  0.060279  0.008681  0.174331  1.850438     17.626478
     31   1     -2   0   4     2  0.064678      50.387        0.9       86.7      0.943  0.059883  0.008920  0.179604  1.809549      8.355228
     32   1      2   0   2     2  0.064671      50.419        1.2      105.3      1.038  0.059872  0.008926  0.179748  1.808471      8.343320
     33   1     -2   2   2     4  0.064536      51.031        1.4       67.6      0.932  0.059670  0.009050  0.182487  1.788202     16.242243
     34   1      2   2   0     4  0.064534      51.042        0.1        3.4      0.049  0.059666  0.009052  0.182535  1.787855     16.234694
     35   1      3   0   0     2  0.064506      51.169        0.3       13.7      0.224  0.059624  0.009078  0.183108  1.783697      8.072155
     36   1     -3   1   2     4  0.064476      51.311        0.2        7.4      0.106  0.059577  0.009107  0.183743  1.779114     16.045029
     37   1     -3   1   1     4  0.064474      51.319        1.1       53.0      0.749  0.059575  0.009109  0.183779  1.778858     16.039482
     38   1     -1   1   4     4  0.064270      52.269        0.0        0.4      0.005  0.059264  0.009303  0.188071  1.748730     15.394868
     39   1      1   1   3     4  0.064266      52.287        0.7       97.0      1.242  0.059258  0.009307  0.188154  1.748162     15.382852
     40   1      0   0   4     2  0.064181      52.687        0.1       18.6      0.412  0.059128  0.009389  0.189972  1.735825      7.561524
     41   1     -1   2   3     4  0.064171      52.735        0.1        4.0      0.056  0.059113  0.009399  0.190190  1.734362     15.092405
     42   1      1   2   2     4  0.064169      52.748        0.9       64.6      0.856  0.059109  0.009402  0.190249  1.733966     15.084120
     43   1     -2   1   4     4  0.063887      54.110        0.1       38.7      0.585  0.058671  0.009684  0.196486  1.693500     14.249924
     44   1      2   1   2     4  0.063881      54.140        0.1       51.8      0.728  0.058662  0.009690  0.196627  1.692616     14.231991
     45   1     -3   1   3     4  0.063742      54.832        0.5       38.9      0.566  0.058442  0.009835  0.199822  1.672892     13.835123
     46   1      3   1   0     4  0.063737      54.855        0.6       42.3      0.592  0.058435  0.009840  0.199927  1.672253     13.822371
     47   1      0   2   3     4  0.063700      55.041        0.8       53.7      0.782  0.058376  0.009879  0.200791  1.667033     13.718447
     48   1     -2   2   3     4  0.063459      56.281        0.0      312.0      0.000  0.057990  0.010141  0.206572  1.633220     13.055994
     49   1      2   2   1     4  0.063455      56.301        0.2       61.4      0.735  0.057984  0.010146  0.206665  1.632691     13.045784
     50   1      0   1   4     4  0.063455      56.303        0.2       53.3      0.635  0.057983  0.010146  0.206679  1.632613     13.044282
     51   1     -3   0   4     2  0.063128      58.063        0.3      112.0      1.359  0.057446  0.010524  0.214979  1.587268      6.093089
     52   1      0   3   1     4  0.062939      59.132        0.5      134.1      1.771  0.057127  0.010757  0.220078  1.561082     11.706625
     53   1     -1   3   1     4  0.062750      60.247        0.0        4.0      0.053  0.056800  0.011002  0.225430  1.534843     11.238127
     54   1      1   3   0     4  0.062749      60.249        0.7      112.0      1.457  0.056800  0.011002  0.225442  1.534788     11.237159
     55   1     -3   1   4     4  0.062552      61.470        0.0       27.7      0.439  0.056450  0.011274  0.231350  1.507204     10.757976
     56   1      3   1   1     4  0.062547      61.505        0.1       66.4      0.934  0.056440  0.011282  0.231521  1.506425     10.744645
     57   1     -3   2   2     4  0.062485      61.902        0.1       14.0      0.294  0.056328  0.011371  0.233451  1.497721     10.596451
     58   1     -3   2   1     4  0.062484      61.909        0.1       22.8      0.473  0.056327  0.011372  0.233485  1.497568     10.593864
     59   1      1   0   4     2  0.062437      62.217        0.1       34.4      0.685  0.056240  0.011442  0.234991  1.490875      5.240447
     60   1     -1   2   4     4  0.062358      62.752        0.1       44.7      0.789  0.056092  0.011563  0.237602  1.479458     10.290119

   No.  Code     H   K   L  Mult     Hw         2theta      Icalc       Iobs      Sigma      HwG     HwL       ETA       d-hkl        CORR

     61   1      1   2   3     4  0.062355      62.768        0.0        0.7      0.015  0.056088  0.011567  0.237682  1.479114     10.284410
     62   1     -1   3   2     4  0.062258      63.444        0.2       74.3      1.021  0.055904  0.011721  0.240996  1.464976     10.051692
     63   1      1   3   1     4  0.062257      63.451        0.0        3.7      0.052  0.055902  0.011722  0.241030  1.464833     10.049356
     64   1      0   3   2     4  0.062188      63.946        0.0        4.7      0.155  0.055769  0.011836  0.243468  1.454674      9.884541
     65   1     -4   0   2     2  0.062157      64.172        0.2       56.6      0.900  0.055708  0.011888  0.244580  1.450100      4.905496
     66   1     -2   2   4     4  0.062127      64.398        0.1       22.0      0.385  0.055649  0.011940  0.245694  1.445562      9.738426
     67   1      2   2   2     4  0.062123      64.425        0.0       11.5      0.267  0.055641  0.011946  0.245830  1.445012      9.729661
     68   1     -3   2   3     4  0.062042      65.048        0.0        5.4      0.103  0.055478  0.012091  0.248907  1.432681      9.534686
     69   1      3   2   0     4  0.062040      65.068        0.2       55.0      0.874  0.055473  0.012095  0.249009  1.432280      9.528387
     70   1     -1   1   5     4  0.061988      65.476        0.6       42.5      0.698  0.055368  0.012191  0.251032  1.424338      9.404480
     71   1      1   1   4     4  0.061986      65.496        0.2       13.2      0.226  0.055362  0.012195  0.251133  1.423943      9.398361
     72   1     -2   1   5     4  0.061980      65.544        0.0        1.2      0.031  0.055350  0.012206  0.251367  1.423033      9.384257
     73   1      2   1   3     4  0.061976      65.580        0.1       13.9      0.339  0.055341  0.012215  0.251547  1.422334      9.373428
     74   1      0   2   4     4  0.061881      66.379        0.1       59.0      0.946  0.055139  0.012403  0.255519  1.407137      9.140553
     75   1     -2   3   1     4  0.061851      66.635        0.1       41.9      0.691  0.055075  0.012463  0.256793  1.402356      9.068283
     76   1     -4   1   2     4  0.061768      67.400        0.0       41.7      0.799  0.054888  0.012645  0.260611  1.388289      8.858435
     77   1      3   0   2     2  0.061745      67.626        0.0       22.5      0.487  0.054834  0.012699  0.261742  1.384197      4.399088
     78   1     -2   3   2     4  0.061691      68.158        0.0        7.3      0.122  0.054707  0.012827  0.264406  1.374678      8.659426
     79   1      2   3   0     4  0.061690      68.167        0.0       52.4      0.832  0.054705  0.012830  0.264450  1.374520      8.657144
     80   1     -4   1   3     4  0.061621      68.910        0.2       93.8      1.187  0.054532  0.013010  0.268178  1.361497      8.470566
     81   1     -4   1   1     4  0.061619      68.928        0.0        4.8      0.068  0.054528  0.013014  0.268266  1.361190      8.466225
     82   1     -1   3   3     4  0.061562      69.595        0.1       35.2      0.500  0.054378  0.013177  0.271618  1.349761      8.305706
     83   1      1   3   2     4  0.061561      69.606        0.1       39.5      0.550  0.054375  0.013180  0.271674  1.349575      8.303111
     84   1     -4   0   4     2  0.061509      70.275        0.1       39.3      0.640  0.054228  0.013345  0.275039  1.338354      4.074237
     85   1      4   0   0     2  0.061507      70.310        0.1       28.6      0.493  0.054220  0.013353  0.275216  1.337772      4.070269
     86   1      0   1   5     4  0.061491      70.533        0.1       27.0      0.525  0.054172  0.013409  0.276337  1.334092      8.090509
     87   1     -3   1   5     4  0.061477      70.729        0.0       17.2      0.340  0.054131  0.013457  0.277321  1.330884      8.047158
     88   1      3   1   2     4  0.061474      70.774        0.0        1.1      0.035  0.054121  0.013469  0.277552  1.330134      8.037050
     89   1     -3   2   4     4  0.061451      71.124        0.0       28.1      0.580  0.054048  0.013556  0.279314  1.324447      7.960917
     90   1      3   2   1     4  0.061449      71.157        0.0       10.6      0.275  0.054041  0.013564  0.279479  1.323919      7.953876
     91   1      0   3   3     4  0.061423      71.570        0.0       38.9      0.754  0.053956  0.013668  0.281560  1.317288      7.866158
     92   1     -2   3   3     4  0.061368      72.646        0.2       81.0      1.082  0.053742  0.013940  0.286980  1.300412      7.647799
     93   1      2   3   1     4  0.061367      72.663        0.0       18.1      0.251  0.053739  0.013944  0.287067  1.300145      7.644403
     94   1     -4   1   4     4  0.061338      73.373        0.0       29.8      0.504  0.053605  0.014126  0.290646  1.289302      7.507958
     95   1      4   1   0     4  0.061337      73.408        0.0       37.2      0.578  0.053599  0.014135  0.290820  1.288782      7.501488
     96   1     -1   2   5     4  0.061301      74.873        0.0     1728.8      0.001  0.053341  0.014516  0.298190  1.267159      7.238891
     97   1      1   2   4     4  0.061301      74.892        0.0        9.1      0.175  0.053338  0.014521  0.298286  1.266881      7.235599
     98   1     -2   2   5     4  0.061300      74.936        0.1       93.1      1.206  0.053330  0.014533  0.298510  1.266240      7.228013
     99   1      2   2   3     4  0.061300      74.971        0.0        0.3      0.006  0.053324  0.014542  0.298681  1.265748      7.222189
    100   1     -2   0   6     2  0.061294      75.883        0.0        4.4      0.086  0.053178  0.014783  0.303258  1.252785      3.535689
    101   1      2   0   4     2  0.061294      75.925        0.2      101.1      1.276  0.053171  0.014794  0.303471  1.252189      3.532275
    102   1     -4   2   2     4  0.061300      76.691        0.0       55.5      0.889  0.053057  0.014999  0.307305  1.241575      6.944797
    103   1     -1   0   6     2  0.061310      77.272        0.0       47.5      0.836  0.052976  0.015156  0.310200  1.233697      3.429021
    104   1     -3   3   2     4  0.061319      77.635        0.0        1.9      0.031  0.052927  0.015255  0.312009  1.228828      6.805348
    105   1     -3   3   1     4  0.061320      77.641        0.1       52.6      0.832  0.052926  0.015256  0.312041  1.228744      6.804440
    106   1     -4   2   3     4  0.061336      78.128        0.1       31.0      0.575  0.052864  0.015389  0.314460  1.222300      6.735833
    107   1     -4   2   1     4  0.061336      78.145        0.0       13.5      0.270  0.052862  0.015394  0.314544  1.222078      6.733497
    108   1     -1   3   4     4  0.061346      78.405        0.0       12.2      0.215  0.052830  0.015465  0.315831  1.218681      6.697871
    109   1      1   3   3     4  0.061347      78.419        0.1       20.6      0.406  0.052828  0.015470  0.315904  1.218489      6.695863
    110   1     -2   1   6     4  0.061369      78.899        0.0       28.0      0.561  0.052772  0.015602  0.318276  1.212280      6.631729
    111   1      2   1   4     4  0.061371      78.941        0.0       18.2      0.416  0.052767  0.015614  0.318484  1.211740      6.626204
    112   1     -3   0   6     2  0.061394      79.362        0.0       29.2      0.649  0.052721  0.015731  0.320560  1.206366      3.285889
    113   1      0   2   5     4  0.061414      79.680        0.1       29.5      0.567  0.052688  0.015820  0.322121  1.202355      6.531765
    114   1      0   4   0     2  0.061418      79.742        0.0       12.0      0.329  0.052682  0.015837  0.322426  1.201575      3.262027
    115   1     -3   2   5     4  0.061426      79.867        0.0        0.5      0.016  0.052670  0.015873  0.323041  1.200005      6.508572
    116   1     -2   3   4     4  0.061429      79.905        0.2       31.1      0.531  0.052666  0.015883  0.323229  1.199525      6.503861
    117   1      3   2   2     4  0.061429      79.911        0.0        7.2      0.120  0.052665  0.015885  0.323257  1.199454      6.503165
    118   1      2   3   2     4  0.061430      79.930        0.0        0.5      0.010  0.052664  0.015891  0.323353  1.199211      6.500779
    119   1     -1   1   6     4  0.061455      80.273        0.1       21.0      0.472  0.052631  0.015987  0.325028  1.194959      6.459401
    120   1      1   1   5     4  0.061457      80.296        0.0        9.2      0.231  0.052629  0.015994  0.325140  1.194675      6.456649

   No.  Code     H   K   L  Mult     Hw         2theta      Icalc       Iobs      Sigma      HwG     HwL       ETA       d-hkl        CORR

    121   1     -3   3   3     4  0.061473      80.502        0.0        2.7      0.071  0.052610  0.016052  0.326147  1.192135      6.432248
    122   1      3   3   0     4  0.061474      80.520        0.0        5.4      0.129  0.052609  0.016057  0.326239  1.191903      6.430034
    123   1     -4   1   5     4  0.061481      80.607        0.1       20.7      0.430  0.052601  0.016082  0.326662  1.190840      6.419890
    124   1      4   1   1     4  0.061485      80.657        0.2       25.4      0.516  0.052597  0.016096  0.326907  1.190225      6.414045
    125   1      0   4   1     4  0.061530      81.172        0.1       53.2      0.880  0.052555  0.016243  0.329408  1.183977      6.355372
    126   1      0   3   4     4  0.061585      81.730        0.1       48.7      0.850  0.052514  0.016404  0.332109  1.177296      6.294157
    127   1     -1   4   1     4  0.061630      82.144        0.1       14.2      0.261  0.052488  0.016524  0.334103  1.172406      6.250372
    128   1      1   4   0     4  0.061630      82.146        0.1       26.4      0.485  0.052488  0.016525  0.334113  1.172382      6.250156
    129   1     -3   1   6     4  0.061653      82.344        0.0        5.0      0.147  0.052476  0.016583  0.335060  1.170072      6.229778
    130   1      3   1   3     4  0.061659      82.400        0.1       14.6      0.258  0.052473  0.016599  0.335330  1.169416      6.224028
    131   1     -4   2   4     4  0.061661      82.413        0.1        5.2      0.082  0.052472  0.016603  0.335396  1.169256      6.222625
    132   1      4   2   0     4  0.061665      82.447        0.3       36.0      0.596  0.052470  0.016613  0.335555  1.168868      6.219234
    133   1      0   0   6     2  0.061795      83.462        0.2       64.5      0.945  0.052424  0.016912  0.340387  1.157216      3.060020
    134   1     -5   0   2     2  0.061811      83.570        0.2       48.8      0.725  0.052420  0.016944  0.340898  1.155994      3.054969
    135   1     -1   4   2     4  0.062034      84.981        0.0        1.0      0.021  0.052390  0.017369  0.347504  1.140366      5.986029
    136   1      1   4   1     4  0.062035      84.987        0.0       42.7      0.840  0.052390  0.017371  0.347533  1.140299      5.985516
    137   1      0   4   2     4  0.062115      85.433        0.0       54.1      0.882  0.052389  0.017507  0.349591  1.135487      5.949405
    138   1     -3   3   4     4  0.062259      86.177        0.2       82.2      1.142  0.052396  0.017736  0.352998  1.127575      5.892197
    139   1      3   3   1     4  0.062265      86.208        0.0        4.4      0.083  0.052397  0.017746  0.353139  1.127249      5.889896
    140   1     -5   0   4     2  0.062301      86.381        0.0        3.6      0.106  0.052401  0.017800  0.353921  1.125441      2.938617
    141   1      0   1   6     4  0.062308      86.417        0.0       10.4      0.225  0.052401  0.017811  0.354084  1.125066      5.874624
    142   1     -5   1   3     4  0.062329      86.514        0.1       32.0      0.593  0.052404  0.017841  0.354524  1.124050      5.867594
    143   1     -5   1   2     4  0.062331      86.524        0.0      288.7      0.001  0.052404  0.017844  0.354571  1.123942      5.866851
    144   1     -4   0   6     2  0.062566      87.569        0.2       75.7      1.060  0.052442  0.018173  0.359248  1.113203      2.897724
    145   1      4   0   2     2  0.062582      87.635        0.1       36.7      0.583  0.052446  0.018194  0.359541  1.112534      2.895588
    146   1     -2   2   6     4  0.062621      87.797        0.0        5.7      0.144  0.052454  0.018246  0.360257  1.110896      5.780816
    147   1      2   2   4     4  0.062631      87.839        0.2       28.0      0.432  0.052456  0.018259  0.360440  1.110480      5.778203
    148   1     -2   4   1     4  0.062641      87.879        0.0        5.3      0.094  0.052459  0.018272  0.360618  1.110074      5.775661
    149   1     -1   2   6     4  0.062975      89.149        0.1       74.0      1.099  0.052548  0.018681  0.366137  1.097522      5.701112
    150   1      1   2   5     4  0.062982      89.172        0.0        5.3      0.087  0.052550  0.018689  0.366234  1.097301      5.699873
    151   1     -2   4   2     4  0.063014      89.286        0.0        0.8      0.017  0.052561  0.018726  0.366723  1.096193      5.693686
    152   1      2   4   0     4  0.063017      89.294        0.1       25.6      0.486  0.052561  0.018729  0.366758  1.096113      5.693242
    153   1     -5   1   4     4  0.063026      89.326        0.0        8.6      0.199  0.052564  0.018739  0.366896  1.095800      5.691507
    154   1     -5   1   1     4  0.063035      89.357        0.0        2.1      0.063  0.052567  0.018750  0.367029  1.095501      5.689852
    155   1     -4   2   5     4  0.063070      89.479        0.0        8.0      0.214  0.052578  0.018789  0.367547  1.094327      5.683413
    156   1      4   2   1     4  0.063084      89.529        0.1       13.4      0.342  0.052583  0.018806  0.367757  1.093850      5.680816
    157   1     -1   3   5     4  0.063154      89.764        0.0        3.1      0.078  0.052606  0.018883  0.368755  1.091590      5.668671
    158   1      1   3   4     4  0.063159      89.783        0.1       15.5      0.326  0.052608  0.018889  0.368834  1.091412      5.667729
    159   1     -2   3   5     4  0.063172      89.826        0.1        8.0      0.145  0.052612  0.018903  0.369015  1.091003      5.665560
    160   1      2   3   3     4  0.063182      89.859        0.2       28.4      0.545  0.052616  0.018914  0.369154  1.090687      5.663898
    161   1     -4   1   6     4  0.063386      90.513        0.1       35.2      0.665  0.052689  0.019132  0.371892  1.084494      5.632326
    162   1      4   1   2     4  0.063407      90.579        0.0        9.4      0.211  0.052697  0.019154  0.372166  1.083875      5.629285
    163   1     -1   4   3     4  0.063422      90.627        0.1       12.2      0.231  0.052703  0.019169  0.372361  1.083433      5.627127
    164   1      1   4   2     4  0.063425      90.637        0.1       18.0      0.364  0.052704  0.019173  0.372404  1.083337      5.626656
    165   1     -3   2   6     4  0.063611      91.196        0.2       49.8      0.810  0.052778  0.019361  0.374699  1.078145      5.602160
    166   1      3   2   3     4  0.063630      91.252        0.0       10.8      0.268  0.052786  0.019380  0.374926  1.077632      5.599822
    167   1     -4   3   2     4  0.063726      91.527        0.1       29.4      0.483  0.052825  0.019473  0.376042  1.075107      5.588536
    168   1      5   0   0     2  0.063920      92.066        0.0       31.6      0.654  0.052909  0.019657  0.378200  1.070218      2.783874
    169   1      0   4   3     4  0.064079      92.490        0.1       64.0      0.942  0.052981  0.019803  0.379873  1.066422      5.552593
    170   1     -4   3   3     4  0.064250      92.930        0.0        2.3      0.046  0.053060  0.019956  0.381590  1.062519      5.537937
    171   1     -4   3   1     4  0.064257      92.947        0.1       41.6      0.756  0.053064  0.019962  0.381654  1.062373      5.537408
    172   1     -2   4   3     4  0.064487      93.515        0.0        0.4      0.007  0.053175  0.020161  0.383831  1.057408      5.520200
    173   1      2   4   1     4  0.064494      93.531        0.2       70.3      0.981  0.053178  0.020167  0.383894  1.057265      5.519726
    174   1      3   0   4     2  0.064519      93.591        0.0        3.9      0.104  0.053191  0.020188  0.384118  1.056753      2.759024
    175   1      1   0   6     2  0.064837      94.329        0.0       33.2      0.630  0.053352  0.020450  0.386879  1.050420      2.749353
    176   1      0   3   5     4  0.064894      94.456        0.0       18.2      0.357  0.053381  0.020496  0.387348  1.049339      5.495675
    177   1     -2   1   7     4  0.064906      94.482        0.0       14.2      0.254  0.053387  0.020506  0.387445  1.049117      5.495063
    178   1      2   1   5     4  0.064928      94.532        0.1       16.5      0.365  0.053399  0.020523  0.387627  1.048697      5.493912
    179   1     -3   3   5     4  0.064977      94.641        0.0        7.4      0.175  0.053425  0.020563  0.388026  1.047776      5.491433
    180   1      3   3   2     4  0.064997      94.684        0.3       31.6      0.573  0.053435  0.020578  0.388185  1.047409      5.490463

   No.  Code     H   K   L  Mult     Hw         2theta      Icalc       Iobs      Sigma      HwG     HwL       ETA       d-hkl        CORR

    181   1     -5   1   5     4  0.065126      94.964        0.1       18.4      0.353  0.053504  0.020679  0.389197  1.045067      5.484484
    182   1      5   1   0     4  0.065150      95.015        0.1       14.8      0.300  0.053517  0.020698  0.389384  1.044634      5.483421
    183   1      0   2   6     4  0.065264      95.256        0.2       34.7      0.595  0.053578  0.020785  0.390247  1.042630      5.478674
    184   1     -5   2   3     4  0.065310      95.354        0.0        5.2      0.110  0.053603  0.020821  0.390595  1.041821      5.476841
    185   1     -5   2   2     4  0.065315      95.364        0.0       11.0      0.245  0.053606  0.020825  0.390631  1.041735      5.476650
    186   1     -3   1   7     4  0.065873      96.477        0.2      123.9      1.492  0.053918  0.021235  0.394501  1.032652      5.459419
    187   1      3   1   4     4  0.065909      96.546        0.0        5.8      0.136  0.053939  0.021261  0.394734  1.032101      5.458574
    188   1     -4   3   4     4  0.066244      97.171        0.0       22.9      0.440  0.054134  0.021496  0.396823  1.027120      5.452017
    189   1      4   3   0     4  0.066262      97.204        0.1       21.6      0.365  0.054145  0.021509  0.396933  1.026857      5.451725
    190   1     -1   1   7     4  0.066293      97.260        0.0        9.4      0.170  0.054163  0.021530  0.397119  1.026411      5.451243
    191   1      1   1   6     4  0.066308      97.287        0.0       25.2      0.485  0.054172  0.021540  0.397207  1.026198      5.451019
    192   1     -5   2   4     4  0.066820      98.184        0.2       78.1      1.063  0.054479  0.021883  0.400089  1.019209      5.445729
    193   1     -5   2   1     4  0.066839      98.215        0.0        2.1      0.038  0.054491  0.021895  0.400187  1.018968      5.445621
    194   1     -3   4   2     4  0.066926      98.363        0.2       42.9      0.711  0.054544  0.021952  0.400650  1.017833      5.445171
    195   1     -3   4   1     4  0.066930      98.369        0.0        0.2      0.003  0.054547  0.021955  0.400669  1.017784      5.445156
    196   1     -1   4   4     4  0.067392      99.125        0.3       74.9      1.065  0.054833  0.022250  0.402981  1.012044      5.444639
    197   1      1   4   3     4  0.067402      99.140        0.0        0.2      0.003  0.054839  0.022255  0.403025  1.011934      5.444657
    198   1     -4   2   6     4  0.067557      99.385        0.1       23.6      0.467  0.054937  0.022352  0.403756  1.010093      5.445136
    199   1      4   2   2     4  0.067600      99.452        0.0        3.7      0.054  0.054964  0.022379  0.403954  1.009593      5.445319

     -----------------------------------------------------
     BRAGG R-Factors and weight fractions for Pattern #  1
     -----------------------------------------------------

 => Phase:  1     Darstellung, Eigenschaften und Kristallstruktur von Cu~2~P~7~ und Strukturverfeinerungen von CuP~2~ und AgP~2~
 => Bragg R-factor:   99.8       Vol:  193.569( 0.000)  Fract(%):  100.00( 0.00)
 => Rf-factor=  95.2             ATZ:         501.974   Brindley:  1.0000

     -----------------------------------------------------------------
      SYMBOLIC NAMES AND FINAL VALUES AND SIGMA OF REFINED PARAMETERS:
     -----------------------------------------------------------------


 ------------------------------------------------------------------
 => Number of bytes for floating point variables: 4
 => Dimensions of dynamic allocated arrays in this run of FullProf:
 ------------------------------------------------------------------

 => Total approximate array memory (dynamic + static): 158360142 bytes

    MaxPOINT=    60000 Max.num. of points(+int. Inten.)/diffraction pattern       
    MaxREFLT=    20000 Max.num. of reflections/diffraction pattern               
    MaxPARAM=      300 Max.num. of refinable parameters                          
    MaxOVERL=    18096 Max.num. of overlapping reflections                       

 ----------------------------------------------------------
 => Number of bytes for floating point arrays: 4
 => Dimensions of fixed arrays in this release of FullProf:
 ----------------------------------------------------------

    NPATT   =       80 Max.num. of powder diffraction patterns                    
    NATS    =      830 Max.num. of atoms (all kind) in asymmetric unit            
    MPAR    =     1800 Max.num. of non atomic parameters/phase                    
    IEXCL   =       30 Max.num. of excluded regions                               
    IBACP   =      377 Max.num. of background points for interpolation            
    NPHT    =       16 Max.num. of phases                                         
    NMAGM   =        8 Max.num. of rotation-matrices sets for magnetic structure  
    NBASIS  =       12 Max.num. of basis functions associated to a single atom    
    NIREPS  =        9 Max.num. of irreducible representations to be combined     
    N_EQ    =      384 Max.num. of user-supplied symmetry operators/propagation vectors
    NGL     =      400 Max.num. of global parameters/diffraction pattern          
    N_LINC  =       30 Max.num. of global linear restraints                        
    NAT_P   =       68 Max.num. of atomic parameters per atom                     
    NCONST  =      500 Max.num. of slack constraints per phase                    
    N_SPE   =       30 Max.num. of different chemical species                     
    N_FORM  =       60 Max.num. of scattering factor values in a table            
    NPR     =      150 Max.num. of points defining a numerical profile            
    INPR    =       25 Max.num. of different numerical peak shapes                
    NPRC    =      150 Max.num. of terms in the table for correcting intensities  
    NSOL    =       10 Max.num. of solutions to be stored in Montecarlo searchs   

 
              CPU Time:     1.305 seconds
                            0.022 minutes

 => Run finished at:     Date: 05/08/2023  Time: 09:37:53.687                              
