

        **********************************************************
        ** PROGRAM FullProf.2k (Version 7.20 - Oct2019-ILL JRC) **
        **********************************************************
                       M U L T I -- P A T T E R N                 
            Rietveld, Profile Matching & Integrated Intensity     
                 Refinement of X-ray and/or Neutron Data


    Date: 05/08/2023  Time: 08:44:51.104                              

 => PCR file code: P2O5-2
 => DAT file code: 230804_Cu3P_geom.dat -> Relative contribution: 1.0000                                                            

 ==> CONDITIONS OF THIS RUN FOR PATTERN No.:  1

 => Global Refinement of X-ray powder diffraction data                                                                              
 => Global Refinement of X-ray powder diffraction data                                                                              
    Bragg-Brentano(X-rays) or Debye-Scherrer geometry(Neutrons)
 => Title: Refinements of structures containing bonds between Si, P, S or Cl and O

 => Number of phases:    1
 => Number of excluded regions:    0
 => Number of scattering factors supplied:    0
 => Conventional weights: w=1.0/Variance(yobs)
 => Asymmetry correction as in J.Appl.Cryst. 26,128(1993)
 => Background refined by polynomial function
 => The    7th default profile function was selected
 => T-C-H Pseudo-Voigt function 
    This function is convoluted with asymmetry due to axial 
    divergence as formulated by: 
    van Laar and Yelon, J. Appl. Cryst. 17, 47(1984).
    and using the method of:
    Finger, Cox and Jephcoat, J. Appl. Cryst. 27, 892 (1994).
    Fortran 90 module adapted from function PROFVAL (in F77) : 
    L.W. Finger, J. Appl. Cryst. 31, 111 (1998).


 ==> INPUT/OUTPUT OPTIONS:

 => Generate file *.PRF for plot
 => Output Integrated Intensities
 => Generate new input file *.PCR

 => Data supplied in free format for pattern:  1
 => Plot pattern at each cycle
 => Wavelengths:  1.54056 1.54439
 => Alpha2/Alpha1 ratio:   0.5000
 => Cos(Monochromator angle)=   0.9100
 => Asymmetry correction for angles lower than    0.000 degrees
 => Absorption correction (AC), muR-eff =   0.0000  0.0000
 => Base of peaks: 2.0*HW*    8.00

 => Number of cycles:    1
 => Relaxation factors ==>    for coordinates:  1.00
 => for anisotropic temperature factors:  1.00
 => for halfwidth/strain/size parameters:  1.00
 => for lattice constants and propagation vectors:  1.00
 => EPS-value for convergence:    0.1
 => Number of Least-Squares parameters varied:     0

 =>--------------------------->
 =>------->  PATTERN number:  1
 =>--------------------------->
 => Global parameters and codes ==>
 => Zero-point:     0.0000    0.0000
 => Background parameters and codes ==>
 => Origin of polynomial at 2theta/TOF/E(KeV):   40.000  
  0.0000      0.0000      0.0000      0.0000      0.0000      0.0000    
        0.00        0.00        0.00        0.00        0.00        0.00
 => Displacement peak-shift parameter and code:     0.00    0.00
 => Transparency peak-shift parameter and code:     0.00    0.00

 => Reading Intensity data  =>>

 ==> Angular range, step and number of points:
     2Thmin:       5.000000  2Thmax:     100.000000  Step:       0.020000  No. of points:   4751
 --------------------------------------------------------------------------------
 => Phase  No. 1
      Refinements of structures containing bonds between Si, P, S or Cl and 
 --------------------------------------------------------------------------------
 =>-------> Pattern#  1
 => Crystal Structure Refinement
 => Preferred orientation vector:   0.0000  0.0000  1.0000

 =>-------> Data for PHASE: 1
 => Number of atoms:    6
 => Number of distance  constraints:    0
 => Number of angle     constraints:    0

 => Symmetry information on space group: R 3 c               
 -> The multiplicity of the general position is:  18
 -> The space group is Acentric                 
 -> Lattice type  R: { 000; 2/3 1/3 1/3; 1/3 2/3 2/3   }+          
 -> Reduced set of symmetry operators:

  No.  IT   Symmetry symbol    Rotation part     Associated Translation
   1: ( 1)   1            --> ( x  ,   y, z) + {  0.0000  0.0000  0.0000}
   2: ( 2)  3+ ( 0, 0, z) --> (  -y, x-y, z) + {  0.0000  0.0000  0.0000}
   3: ( 3)  3- ( 0, 0, z) --> (-x+y,-x  , z) + {  0.0000  0.0000  0.0000}
   4: (19)   m ( x,-x, z) --> (  -y,-x  , z) + {  0.0000  0.0000  0.5000}
   5: (20)   m ( x,2x, z) --> (-x+y,   y, z) + {  0.0000  0.0000  0.5000}
   6: (21)   m (2x, x, z) --> ( x  , x-y, z) + {  0.0000  0.0000  0.5000}


        Information on Space Group: 
        --------------------------- 

 =>   Number of Space group: 161
 =>  Hermann-Mauguin Symbol: R 3 c
 =>             Hall Symbol: R 3 -2"c
 =>            Setting Type: IT (Generated from Hermann-Mauguin symbol)
 =>          Crystal System: Trigonal
 =>              Laue Class: -3m1
 =>             Point Group: 3m
 =>         Bravais Lattice: R
 =>          Lattice Symbol: hR
 =>  Reduced Number of S.O.:   6
 =>    General multiplicity:  18
 =>          Centrosymmetry: Acentric
 =>  Generators (exc. -1&L):   2
 =>         Asymmetric unit:  0.000 <= x <=  0.667
                              0.000 <= y <=  0.667
                              0.000 <= z <=  0.167

 => List of S.O. without inversion and lattice centring translations
 => SYMM(  1): x,y,z                               => SYMM(  2): -y,x-y,z
 => SYMM(  3): -x+y,-x,z                           => SYMM(  4): -y,-x,z+1/2
 => SYMM(  5): -x+y,y,z+1/2                        => SYMM(  6): x,x-y,z+1/2


 => Initial parameters ==>
 Atom    Ntyp                  X         Y         Z         B         occ.         in  fin  Spc  Mult
                             B11       B22       B33       B12       B13       B23
 O2     O                  0.09100   0.12500   0.56200   0.00000   1.00000           0    0    0   18
                 Codes:    0.00000   0.00000   0.00000   0.00000   0.00000
 P1     P                  0.00000   0.00000   0.94500   0.00000   0.33333           0    0    0    6
                 Codes:    0.00000   0.00000   0.00000   0.00000   0.00000
 O1     O                  0.00000   0.00000   0.77500   0.00000   0.33333           0    0    0    6
                 Codes:    0.00000   0.00000   0.00000   0.00000   0.00000
 P2     P                  0.21900   0.11300   0.69100   0.00000   1.00000           0    0    0   18
                 Codes:    0.00000   0.00000   0.00000   0.00000   0.00000
 O4     O                  0.21000   0.20400   0.40700   0.00000   1.00000           0    0    0   18
                 Codes:    0.00000   0.00000   0.00000   0.00000   0.00000
 O3     O                  0.92700   0.05300   0.45600   0.00000   1.00000           0    0    0   18
                 Codes:    0.00000   0.00000   0.00000   0.00000   0.00000

 => IT IS ASSUMED THAT THE FIRST GIVEN SITE IS FULLY OCCUPIED 
    OR THE FIRST AND SECOND ATOMS ARE IN THE SAME SITE WITH TOTAL FULL OCCUPATION
  (If this is not the case, change the order of atoms to obtain correct values for the content of the unit cell)
    The phase contains sites partially occupied
      -> Atom: O   ,  Chemical element: O   Atomic Mass:    15.9994
      -> Atom: P   ,  Chemical element: P   Atomic Mass:    30.9738
      -> Atom: O   ,  Chemical element: O   Atomic Mass:    15.9994
      -> Atom: P   ,  Chemical element: P   Atomic Mass:    30.9738
      -> Atom: O   ,  Chemical element: O   Atomic Mass:    15.9994
      -> Atom: O   ,  Chemical element: O   Atomic Mass:    15.9994
 => The suggested value of ATZ is   1703.33
    This value will be used for quantitative analysis and ouput to the PCR/NEW file
 => The chemical content of the unit cell is: 
      18.0000 O    +   5.9999 P    +   5.9999 O    +  18.0000 P    +  18.0000 O    +  18.0000 O      
 => The normalized site occupation numbers in % are: 
     100.0000 O2     :       99.9990 P1     :       99.9990 O1     :      100.0000 P2     :      100.0000 O4     :      100.0000 O3       
 => The density (volumic mass) of the compound is:    2.325 g/cm3

 =>-------> PROFILE PARAMETERS FOR PATTERN:  1

 => Overall scale factor:   0.100000E-02
 => ETA (p-Voigt) OR M (Pearson VII):   0.0000
 => Overall temperature factor:      0.00000
 => Halfwidth U,V,W:      0.00413    -0.00762     0.00625
 => X and Y parameters:       0.0190      0.0000
 => Direct cell parameters:   10.2000  10.2000  13.5000  90.0000  90.0000 120.0000
 => Preferred orientation parameters:   0.0000  0.0000
 => Asymmetry parameters     :      0.00000     0.00000     0.00000     0.00000
 => Strain parameters        :      0.00000     0.00000     0.00000
 => Size   parameters        :      0.00000     0.00000
 => Further shape parameters (S_L and D_L):   0.00000   0.00000
    S_L is source width/detector distance
    D_L is detector width/detector distance

 ==> CODEWORDS FOR PROFILE PARAMETERS of PATTERN#  1

 => Overall scale factor:    0.000
 => ETA (p-Voigt) OR M (Pearson VII):    0.000
 => Overall temperature factor:    0.000
 => Halfwidth U,V,W:    0.000   0.000   0.000
 => X and Y parameters:    0.000   0.000
 => Direct cell parameters:    0.000   0.000   0.000   0.000   0.000   0.000
 => Preferred orientation parameters:    0.000   0.000
 => Asymmetry parameters     :    0.000   0.000   0.000   0.000
 => Strain parameters        :    0.000   0.000   0.000
 => Size   parameters        :    0.000   0.000

 => Cell constraints according to Laue symmetry: -3m1 

        Metric information:
        -------------------

 => Direct cell parameters:

         a =      10.2000      b =      10.2000      c =      13.5000
     alpha =       90.000   beta =       90.000  gamma =      120.000
                        Direct Cell Volume =    1216.3673

 => Reciprocal cell parameters:

         a*=     0.113206      b*=     0.113206      c*=     0.074074
     alpha*=       90.000   beta*=       90.000  gamma*=       60.000
                    Reciprocal Cell Volume =   0.00082212

 => Direct and Reciprocal Metric Tensors:

                   GD                                       GR
    104.0400    -52.0200      0.0000          0.012816    0.006408    0.000000
    -52.0200    104.0400      0.0000          0.006408    0.012816    0.000000
      0.0000      0.0000    182.2500          0.000000    0.000000    0.005487

 =>  Cartesian frame: z // c; y is in the bc-plane; x is y ^ z = a*  

     Crystal_to_Orthonormal_Matrix              Orthonormal_to_Crystal Matrix
              Cr_Orth_cel                               Orth_Cr_cel  
     10.2000     -5.1000      0.0000          0.098039    0.056603   -0.000000
      0.0000      8.8335      0.0000          0.000000    0.113206   -0.000000
      0.0000      0.0000     13.5000          0.000000    0.000000    0.074074

     Busing-Levy B-matrix: Hc=B.H            Inverse of the Busing-Levy B-matrix
                BL_M                                      BL_Minv  
    0.113206    0.056603    0.000000            8.8335     -5.1000     -0.0000
    0.000000    0.098039   -0.000000            0.0000     10.2000      0.0000
    0.000000    0.000000    0.074074            0.0000      0.0000     13.5000

 => Laue symmetry -3m1  will be used to generate HKL for pattern#   1
 => Reflections generated between S(1/d)min:  0.0565 A-1 and S(1/d)max:  1.0057 A-1
 =>                                    dmax: 17.7030 A   and      dmin:  0.9943 A
 => The number of reflections generated is:    147
 => The max. scatt. variable (gen.ref.) is:       101.5543
 => Scattering coefficients from internal table


 => X-ray scattering coeff. (A1, B1, A2,...C, f(0), Z, Dfp,Dfpp)

 O       3.0485  13.2771   2.2868   5.7011   1.5463   0.3239   0.8670  32.9089   0.2508   7.9994   8.0000   0.0470   0.0320
 P       6.4345   1.9067   4.1791  27.1570   1.7800   0.5260   1.4908  68.1645   1.1149  14.9993  15.0000   0.2830   0.4340
  
 => Zero counts at step no.      2 at 2theta/TOF/E(KeV):         5.0200  Intensity fixed to 1.0 and variance to 1E6
 => Zero counts at step no.      4 at 2theta/TOF/E(KeV):         5.0600  Intensity fixed to 1.0 and variance to 1E6
 => Zero counts at step no.      6 at 2theta/TOF/E(KeV):         5.1000  Intensity fixed to 1.0 and variance to 1E6
 => Zero counts at step no.      7 at 2theta/TOF/E(KeV):         5.1200  Intensity fixed to 1.0 and variance to 1E6
 => Zero counts at step no.      8 at 2theta/TOF/E(KeV):         5.1400  Intensity fixed to 1.0 and variance to 1E6
 => Zero counts at step no.     10 at 2theta/TOF/E(KeV):         5.1800  Intensity fixed to 1.0 and variance to 1E6
 => Zero counts at step no.     12 at 2theta/TOF/E(KeV):         5.2200  Intensity fixed to 1.0 and variance to 1E6
 => Zero counts at step no.     16 at 2theta/TOF/E(KeV):         5.3000  Intensity fixed to 1.0 and variance to 1E6
 => Zero counts at step no.     18 at 2theta/TOF/E(KeV):         5.3400  Intensity fixed to 1.0 and variance to 1E6
 => Zero counts at step no.     19 at 2theta/TOF/E(KeV):         5.3600  Intensity fixed to 1.0 and variance to 1E6
 => Zero counts at step no.     20 at 2theta/TOF/E(KeV):         5.3800  Intensity fixed to 1.0 and variance to 1E6
 => Zero counts at step no.     21 at 2theta/TOF/E(KeV):         5.4000  Intensity fixed to 1.0 and variance to 1E6
 => Zero counts at step no.     22 at 2theta/TOF/E(KeV):         5.4200  Intensity fixed to 1.0 and variance to 1E6
 => Zero counts at step no.     24 at 2theta/TOF/E(KeV):         5.4600  Intensity fixed to 1.0 and variance to 1E6
 => Zero counts at step no.     25 at 2theta/TOF/E(KeV):         5.4800  Intensity fixed to 1.0 and variance to 1E6
 => Zero counts at step no.     26 at 2theta/TOF/E(KeV):         5.5000  Intensity fixed to 1.0 and variance to 1E6
 => Zero counts at step no.     27 at 2theta/TOF/E(KeV):         5.5200  Intensity fixed to 1.0 and variance to 1E6
 => Zero counts at step no.     28 at 2theta/TOF/E(KeV):         5.5400  Intensity fixed to 1.0 and variance to 1E6
 => Zero counts at step no.     30 at 2theta/TOF/E(KeV):         5.5800  Intensity fixed to 1.0 and variance to 1E6
 => Zero counts at step no.     31 at 2theta/TOF/E(KeV):         5.6000  Intensity fixed to 1.0 and variance to 1E6
 => Zero counts at step no.     32 at 2theta/TOF/E(KeV):         5.6200  Intensity fixed to 1.0 and variance to 1E6
 => Zero counts at step no.     35 at 2theta/TOF/E(KeV):         5.6800  Intensity fixed to 1.0 and variance to 1E6
 => Zero counts at step no.     36 at 2theta/TOF/E(KeV):         5.7000  Intensity fixed to 1.0 and variance to 1E6
 => Zero counts at step no.     38 at 2theta/TOF/E(KeV):         5.7400  Intensity fixed to 1.0 and variance to 1E6
 => Zero counts at step no.     40 at 2theta/TOF/E(KeV):         5.7800  Intensity fixed to 1.0 and variance to 1E6
 => Zero counts at step no.     42 at 2theta/TOF/E(KeV):         5.8200  Intensity fixed to 1.0 and variance to 1E6
 => Zero counts at step no.     43 at 2theta/TOF/E(KeV):         5.8400  Intensity fixed to 1.0 and variance to 1E6
 => Zero counts at step no.     44 at 2theta/TOF/E(KeV):         5.8600  Intensity fixed to 1.0 and variance to 1E6
 => Zero counts at step no.     46 at 2theta/TOF/E(KeV):         5.9000  Intensity fixed to 1.0 and variance to 1E6
 => Zero counts at step no.     47 at 2theta/TOF/E(KeV):         5.9200  Intensity fixed to 1.0 and variance to 1E6
 => Zero counts at step no.     48 at 2theta/TOF/E(KeV):         5.9400  Intensity fixed to 1.0 and variance to 1E6
 => Zero counts at step no.     49 at 2theta/TOF/E(KeV):         5.9600  Intensity fixed to 1.0 and variance to 1E6
 => Zero counts at step no.     50 at 2theta/TOF/E(KeV):         5.9800  Intensity fixed to 1.0 and variance to 1E6
 => Zero counts at step no.     52 at 2theta/TOF/E(KeV):         6.0200  Intensity fixed to 1.0 and variance to 1E6
 => Zero counts at step no.     54 at 2theta/TOF/E(KeV):         6.0600  Intensity fixed to 1.0 and variance to 1E6
 => Zero counts at step no.     55 at 2theta/TOF/E(KeV):         6.0800  Intensity fixed to 1.0 and variance to 1E6
 => Zero counts at step no.     60 at 2theta/TOF/E(KeV):         6.1800  Intensity fixed to 1.0 and variance to 1E6
 => Zero counts at step no.     61 at 2theta/TOF/E(KeV):         6.2000  Intensity fixed to 1.0 and variance to 1E6
 => Zero counts at step no.     62 at 2theta/TOF/E(KeV):         6.2200  Intensity fixed to 1.0 and variance to 1E6
 => Zero counts at step no.     64 at 2theta/TOF/E(KeV):         6.2600  Intensity fixed to 1.0 and variance to 1E6
 => Zero counts at step no.     65 at 2theta/TOF/E(KeV):         6.2800  Intensity fixed to 1.0 and variance to 1E6
 => Zero counts at step no.     66 at 2theta/TOF/E(KeV):         6.3000  Intensity fixed to 1.0 and variance to 1E6
 => Zero counts at step no.     68 at 2theta/TOF/E(KeV):         6.3400  Intensity fixed to 1.0 and variance to 1E6
 => Zero counts at step no.     70 at 2theta/TOF/E(KeV):         6.3800  Intensity fixed to 1.0 and variance to 1E6
 => Zero counts at step no.     72 at 2theta/TOF/E(KeV):         6.4200  Intensity fixed to 1.0 and variance to 1E6
 => Zero counts at step no.     74 at 2theta/TOF/E(KeV):         6.4600  Intensity fixed to 1.0 and variance to 1E6
 => Zero counts at step no.     76 at 2theta/TOF/E(KeV):         6.5000  Intensity fixed to 1.0 and variance to 1E6
 => Zero counts at step no.     78 at 2theta/TOF/E(KeV):         6.5400  Intensity fixed to 1.0 and variance to 1E6
 => Zero counts at step no.     82 at 2theta/TOF/E(KeV):         6.6200  Intensity fixed to 1.0 and variance to 1E6
 => Zero counts at step no.     83 at 2theta/TOF/E(KeV):         6.6400  Intensity fixed to 1.0 and variance to 1E6
 => Zero counts at step no.     86 at 2theta/TOF/E(KeV):         6.7000  Intensity fixed to 1.0 and variance to 1E6
 => Zero counts at step no.     87 at 2theta/TOF/E(KeV):         6.7200  Intensity fixed to 1.0 and variance to 1E6
 => Zero counts at step no.     88 at 2theta/TOF/E(KeV):         6.7400  Intensity fixed to 1.0 and variance to 1E6
 => Zero counts at step no.     92 at 2theta/TOF/E(KeV):         6.8200  Intensity fixed to 1.0 and variance to 1E6
 => Zero counts at step no.     96 at 2theta/TOF/E(KeV):         6.9000  Intensity fixed to 1.0 and variance to 1E6
 => Zero counts at step no.     97 at 2theta/TOF/E(KeV):         6.9200  Intensity fixed to 1.0 and variance to 1E6
 => Zero counts at step no.     98 at 2theta/TOF/E(KeV):         6.9400  Intensity fixed to 1.0 and variance to 1E6
 => Zero counts at step no.     99 at 2theta/TOF/E(KeV):         6.9600  Intensity fixed to 1.0 and variance to 1E6
 => Zero counts at step no.    102 at 2theta/TOF/E(KeV):         7.0200  Intensity fixed to 1.0 and variance to 1E6
 => Zero counts at step no.    103 at 2theta/TOF/E(KeV):         7.0400  Intensity fixed to 1.0 and variance to 1E6
 => Zero counts at step no.    104 at 2theta/TOF/E(KeV):         7.0600  Intensity fixed to 1.0 and variance to 1E6
 => Zero counts at step no.    106 at 2theta/TOF/E(KeV):         7.1000  Intensity fixed to 1.0 and variance to 1E6
 => Zero counts at step no.    107 at 2theta/TOF/E(KeV):         7.1200  Intensity fixed to 1.0 and variance to 1E6
 => Zero counts at step no.    112 at 2theta/TOF/E(KeV):         7.2200  Intensity fixed to 1.0 and variance to 1E6
 => Zero counts at step no.    114 at 2theta/TOF/E(KeV):         7.2600  Intensity fixed to 1.0 and variance to 1E6
 => Zero counts at step no.    116 at 2theta/TOF/E(KeV):         7.3000  Intensity fixed to 1.0 and variance to 1E6
 => Zero counts at step no.    120 at 2theta/TOF/E(KeV):         7.3800  Intensity fixed to 1.0 and variance to 1E6
 => Zero counts at step no.    124 at 2theta/TOF/E(KeV):         7.4600  Intensity fixed to 1.0 and variance to 1E6
 => Zero counts at step no.    126 at 2theta/TOF/E(KeV):         7.5000  Intensity fixed to 1.0 and variance to 1E6
 => Zero counts at step no.    128 at 2theta/TOF/E(KeV):         7.5400  Intensity fixed to 1.0 and variance to 1E6
 => Zero counts at step no.    130 at 2theta/TOF/E(KeV):         7.5800  Intensity fixed to 1.0 and variance to 1E6
 => Zero counts at step no.    132 at 2theta/TOF/E(KeV):         7.6200  Intensity fixed to 1.0 and variance to 1E6
 => Zero counts at step no.    134 at 2theta/TOF/E(KeV):         7.6600  Intensity fixed to 1.0 and variance to 1E6
 => Zero counts at step no.    136 at 2theta/TOF/E(KeV):         7.7000  Intensity fixed to 1.0 and variance to 1E6
 => Zero counts at step no.    138 at 2theta/TOF/E(KeV):         7.7400  Intensity fixed to 1.0 and variance to 1E6
 => Zero counts at step no.    140 at 2theta/TOF/E(KeV):         7.7800  Intensity fixed to 1.0 and variance to 1E6
 => Zero counts at step no.    144 at 2theta/TOF/E(KeV):         7.8600  Intensity fixed to 1.0 and variance to 1E6
 => Zero counts at step no.    146 at 2theta/TOF/E(KeV):         7.9000  Intensity fixed to 1.0 and variance to 1E6
 => Zero counts at step no.    148 at 2theta/TOF/E(KeV):         7.9400  Intensity fixed to 1.0 and variance to 1E6
 => Zero counts at step no.    150 at 2theta/TOF/E(KeV):         7.9800  Intensity fixed to 1.0 and variance to 1E6
 => Zero counts at step no.    151 at 2theta/TOF/E(KeV):         8.0000  Intensity fixed to 1.0 and variance to 1E6
 => Zero counts at step no.    152 at 2theta/TOF/E(KeV):         8.0200  Intensity fixed to 1.0 and variance to 1E6
 => Zero counts at step no.    153 at 2theta/TOF/E(KeV):         8.0400  Intensity fixed to 1.0 and variance to 1E6
 => Zero counts at step no.    169 at 2theta/TOF/E(KeV):         8.3600  Intensity fixed to 1.0 and variance to 1E6
 => Zero counts at step no.    174 at 2theta/TOF/E(KeV):         8.4600  Intensity fixed to 1.0 and variance to 1E6
 
 => No optimization for routine tasks


   Standard deviations have to be multiplied by: 2.5720
   (correlated residuals) See references:
  -J.F.Berar & P.Lelann, J. Appl. Cryst. 24, 1-5 (1991) 
  -J.F.Berar, Acc. in Pow. Diff. II,NIST Sp.Pub. 846, 63(1992) 

 ++++++++++++++++++++++++++++++++++++++++++++++++++++++++++++++++++++++++++++++++++++++++++++++++++++++++++++++++++++++++

 => CYCLE No.:    1
 ---------------------------------------------------------------------------------------
 => Phase  1 Name: Refinements of structures containing bonds between Si, P, S or Cl and 
 ---------------------------------------------------------------------------------------
 => New parameters, shifts, and standard deviations

 Atom        x       dx      sx       y       dy      sy       z       dz      sz       B       dB      sB      occ.    docc.   socc.

 O2       0.09100 0.00000 0.00000  0.12500 0.00000 0.00000  0.56200 0.00000 0.00000  0.00000 0.00000 0.00000  1.00000 0.00000 0.00000
 P1       0.00000 0.00000 0.00000  0.00000 0.00000 0.00000  0.94500 0.00000 0.00000  0.00000 0.00000 0.00000  0.33333 0.00000 0.00000
 O1       0.00000 0.00000 0.00000  0.00000 0.00000 0.00000  0.77500 0.00000 0.00000  0.00000 0.00000 0.00000  0.33333 0.00000 0.00000
 P2       0.21900 0.00000 0.00000  0.11300 0.00000 0.00000  0.69100 0.00000 0.00000  0.00000 0.00000 0.00000  1.00000 0.00000 0.00000
 O4       0.21000 0.00000 0.00000  0.20400 0.00000 0.00000  0.40700 0.00000 0.00000  0.00000 0.00000 0.00000  1.00000 0.00000 0.00000
 O3       0.92700 0.00000 0.00000  0.05300 0.00000 0.00000  0.45600 0.00000 0.00000  0.00000 0.00000 0.00000  1.00000 0.00000 0.00000

 ==> PROFILE PARAMETERS FOR PATTERN#  1

 => Overall scale factor:      0.001000000     0.000000000     0.000000000
 => Eta(p-Voigt) or m(Pearson VII):   0.000000  0.000000  0.000000
 => Overall tem. factor:     0.000000    0.000000    0.000000
 => Halfwidth parameters: 
         0.004133    0.000000    0.000000
        -0.007618    0.000000    0.000000
         0.006255    0.000000    0.000000
 => Cell parameters: 
       10.200000    0.000000    0.000000
       10.200000    0.000000    0.000000
       13.500000    0.000000    0.000000
       90.000000    0.000000    0.000000
       90.000000    0.000000    0.000000
      120.000000    0.000000    0.000000
 => Preferred orientation: 
         0.000000    0.000000    0.000000
         0.000000    0.000000    0.000000
 => Asymmetry parameters: 
         0.000000    0.000000    0.000000
         0.000000    0.000000    0.000000
         0.000000    0.000000    0.000000
         0.000000    0.000000    0.000000
 => X and Y parameters: 
         0.018961    0.000000    0.000000
         0.000000    0.000000    0.000000
 => Strain parameters: 
         0.000000    0.000000    0.000000
         0.000000    0.000000    0.000000
         0.000000    0.000000    0.000000
 => Size   parameters (G,L): 
         0.000000    0.000000    0.000000
         0.000000    0.000000    0.000000
 => Further shape parameters (S_L and D_L): 
       0.000000  0.000000  0.000000
       0.000000  0.000000  0.000000

 ==> GLOBAL PARAMETERS FOR PATTERN#  1


 => Zero-point:     0.0000    0.0000    0.0000
 => Background Polynomial Parameters ==>
       0.0000      0.0000      0.0000    
       0.0000      0.0000      0.0000    
       0.0000      0.0000      0.0000    
       0.0000      0.0000      0.0000    
       0.0000      0.0000      0.0000    
       0.0000      0.0000      0.0000    

 => Cos( theta)-shift parameter :   0.0000  0.0000  0.0000
 => Sin(2theta)-shift parameter :   0.0000  0.0000  0.0000

 ==> RELIABILITY FACTORS WITH ALL NON-EXCLUDED POINTS FOR PATTERN:  1

 => R-Factors:   669.     0.679E+04 Chi2: 0.728E+06 DW-Stat.:  0.1748   Patt#:  1
 => Expected :            7.96                                1.9099
 => Deviance : 0.972E+07     Dev*:   0.000    
 => GoF-index: 0.85E+03     Sqrt(Residual/N)
 => N-P+C:  4751

 =>    SumYdif       SumYobs      SumYcal      SumwYobsSQ     Residual    Condition
     0.5018E+07    0.7500E+06    0.4849E+07    0.7499E+06    0.3461E+10     0.000    


 => Conventional Rietveld Rp,Rwp,Re and Chi2:   669.     0.679E+04  7.96     0.7284E+06
 => (Values obtained using Ynet, but true sigma(y))
 =>  SumYnet, Sum(w Ynet**2):     0.7500E+06    0.7499E+06

 => N-sigma of the GoF: 35500388.000

 ==> RELIABILITY FACTORS FOR POINTS WITH BRAGG CONTRIBUTIONS FOR PATTERN:  1

 => R-Factors:   797.     0.752E+04 Chi2: 0.991E+06 DW-Stat.:  0.1748   Patt#:
 => Expected :            7.55                                1.8949
 => Deviance : 0.972E+07     Dev*:         NaN
 => GoF-index: 0.10E+04     Sqrt(Residual/N)
 => N-P+C:  3493

 =>    SumYdif       SumYobs      SumYcal      SumwYobsSQ     Residual    Condition
     0.4881E+07    0.6125E+06    0.4849E+07    0.6125E+06    0.3460E+10     0.000    


 => Conventional Rietveld Rp,Rwp,Re and Chi2:   797.     0.752E+04  7.55     0.9907E+06
 => (Values obtained using Ynet, but true sigma(y))
 =>  SumYnet, Sum(w Ynet**2):     0.6125E+06    0.6125E+06

 => N-sigma of the GoF: 41400852.000

 => Global user-weigthed Chi2 (Bragg contrib.):  0.991E+06

 => ---------> Pattern#  1
 => Phase:  1
 =>    Bragg R-factor:  637.    
 =>    RF-factor     :  87.9    


   Standard deviations have to be multiplied by: 2.5720
   (correlated residuals) See references:
  -J.F.Berar & P.Lelann, J. Appl. Cryst. 24, 1-5 (1991) 
  -J.F.Berar, Acc. in Pow. Diff. II,NIST Sp.Pub. 846, 63(1992) 

 ++++++++++++++++++++++++++++++++++++++++++++++++++++++++++++++++++++++++++++++++++++++++++++++++++++++++++++++++++++++++

 => CYCLE No.:    1
 =>  Convergence reached at this CYCLE !!!!
 =>  Parameter shifts set to zero
 ---------------------------------------------------------------------------------------
 => Phase  1 Name: Refinements of structures containing bonds between Si, P, S or Cl and 
 ---------------------------------------------------------------------------------------
 => New parameters, shifts, and standard deviations

 Atom        x       dx      sx       y       dy      sy       z       dz      sz       B       dB      sB      occ.    docc.   socc.

 O2       0.09100 0.00000 0.00000  0.12500 0.00000 0.00000  0.56200 0.00000 0.00000  0.00000 0.00000 0.00000  1.00000 0.00000 0.00000
 P1       0.00000 0.00000 0.00000  0.00000 0.00000 0.00000  0.94500 0.00000 0.00000  0.00000 0.00000 0.00000  0.33333 0.00000 0.00000
 O1       0.00000 0.00000 0.00000  0.00000 0.00000 0.00000  0.77500 0.00000 0.00000  0.00000 0.00000 0.00000  0.33333 0.00000 0.00000
 P2       0.21900 0.00000 0.00000  0.11300 0.00000 0.00000  0.69100 0.00000 0.00000  0.00000 0.00000 0.00000  1.00000 0.00000 0.00000
 O4       0.21000 0.00000 0.00000  0.20400 0.00000 0.00000  0.40700 0.00000 0.00000  0.00000 0.00000 0.00000  1.00000 0.00000 0.00000
 O3       0.92700 0.00000 0.00000  0.05300 0.00000 0.00000  0.45600 0.00000 0.00000  0.00000 0.00000 0.00000  1.00000 0.00000 0.00000

 ==> PROFILE PARAMETERS FOR PATTERN#  1

 => Overall scale factor:      0.001000000     0.000000000     0.000000000
 => Eta(p-Voigt) or m(Pearson VII):   0.000000  0.000000  0.000000
 => Overall tem. factor:     0.000000    0.000000    0.000000
 => Halfwidth parameters: 
         0.004133    0.000000    0.000000
        -0.007618    0.000000    0.000000
         0.006255    0.000000    0.000000
 => Cell parameters: 
       10.200000    0.000000    0.000000
       10.200000    0.000000    0.000000
       13.500000    0.000000    0.000000
       90.000000    0.000000    0.000000
       90.000000    0.000000    0.000000
      120.000000    0.000000    0.000000
 => Preferred orientation: 
         0.000000    0.000000    0.000000
         0.000000    0.000000    0.000000
 => Asymmetry parameters: 
         0.000000    0.000000    0.000000
         0.000000    0.000000    0.000000
         0.000000    0.000000    0.000000
         0.000000    0.000000    0.000000
 => X and Y parameters: 
         0.018961    0.000000    0.000000
         0.000000    0.000000    0.000000
 => Strain parameters: 
         0.000000    0.000000    0.000000
         0.000000    0.000000    0.000000
         0.000000    0.000000    0.000000
 => Size   parameters (G,L): 
         0.000000    0.000000    0.000000
         0.000000    0.000000    0.000000
 => Further shape parameters (S_L and D_L): 
       0.000000  0.000000  0.000000
       0.000000  0.000000  0.000000

 ==> GLOBAL PARAMETERS FOR PATTERN#  1


 => Zero-point:     0.0000    0.0000    0.0000
 => Background Polynomial Parameters ==>
       0.0000      0.0000      0.0000    
       0.0000      0.0000      0.0000    
       0.0000      0.0000      0.0000    
       0.0000      0.0000      0.0000    
       0.0000      0.0000      0.0000    
       0.0000      0.0000      0.0000    

 => Cos( theta)-shift parameter :   0.0000  0.0000  0.0000
 => Sin(2theta)-shift parameter :   0.0000  0.0000  0.0000

 ==> RELIABILITY FACTORS WITH ALL NON-EXCLUDED POINTS FOR PATTERN:  1

 => R-Factors:   669.     0.679E+04 Chi2: 0.728E+06 DW-Stat.:  0.1748   Patt#:  1
 => Expected :            7.96                                1.9099
 => Deviance : 0.972E+07     Dev*:   0.000    
 => GoF-index: 0.85E+03     Sqrt(Residual/N)
 => N-P+C:  4751

 =>    SumYdif       SumYobs      SumYcal      SumwYobsSQ     Residual    Condition
     0.5018E+07    0.7500E+06    0.4849E+07    0.7499E+06    0.3461E+10     0.000    


 => Conventional Rietveld Rp,Rwp,Re and Chi2:   669.     0.679E+04  7.96     0.7284E+06
 => (Values obtained using Ynet, but true sigma(y))
 =>  SumYnet, Sum(w Ynet**2):     0.7500E+06    0.7499E+06

 => N-sigma of the GoF: 35500388.000

 ==> RELIABILITY FACTORS FOR POINTS WITH BRAGG CONTRIBUTIONS FOR PATTERN:  1

 => R-Factors:   797.     0.752E+04 Chi2: 0.991E+06 DW-Stat.:  0.1748   Patt#:
 => Expected :            7.55                                1.8949
 => Deviance : 0.972E+07     Dev*:         NaN
 => GoF-index: 0.10E+04     Sqrt(Residual/N)
 => N-P+C:  3493

 =>    SumYdif       SumYobs      SumYcal      SumwYobsSQ     Residual    Condition
     0.4881E+07    0.6125E+06    0.4849E+07    0.6125E+06    0.3460E+10     0.000    


 => Conventional Rietveld Rp,Rwp,Re and Chi2:   797.     0.752E+04  7.55     0.9907E+06
 => (Values obtained using Ynet, but true sigma(y))
 =>  SumYnet, Sum(w Ynet**2):     0.6125E+06    0.6125E+06

 => N-sigma of the GoF: 41400852.000

 => Global user-weigthed Chi2 (Bragg contrib.):  0.991E+06

 => ---------> Pattern#  1
 => Phase:  1
 =>    Bragg R-factor:  637.    
 =>    RF-factor     :  87.9    

 --------------------------------------------------------------------------------------------------------------
 Pattern#  1 Phase No.:   1 Phase name: Refinements of structures cont
 --------------------------------------------------------------------------------------------------------------

   No.  Code     H   K   L  Mult     Hw         2theta      Icalc       Iobs      Sigma      HwG     HwL       ETA       d-hkl        CORR

      1   1      0   1   2     6  0.073839      16.515     3263.6       55.8      0.884  0.072364  0.002752  0.050250  5.363379    269.904724
      2   1      1   1   0     6  0.073577      17.374    17095.1       66.7      0.939  0.072025  0.002897  0.053053  5.100000    243.307571
      3   1      2   0   2     6  0.071585      24.059     4033.5       88.1      1.131  0.069421  0.004041  0.075604  3.695849    124.194092
      4   1      1   1   3    12  0.070907      26.392      547.8       97.6      1.214  0.068527  0.004446  0.083800  3.374270    204.611893
      5   1      2   1   1    12  0.070590      27.497     2077.4       85.3      1.183  0.068107  0.004639  0.087747  3.241086    187.664124
      6   1      1   0   4     6  0.070365      28.284     3707.3       90.8      1.108  0.067808  0.004777  0.090580  3.152722     88.401550
      7   1      1   2   2    12  0.069927      29.830     2549.3      212.9      1.867  0.067224  0.005051  0.096215  2.992658    157.909454
      8   1      3   0   0     6  0.069787      30.330     2850.9       83.0      1.108  0.067036  0.005139  0.098052  2.944486     76.210358
      9   1      0   2   4     6  0.068939      33.385     2746.6      114.2      1.294  0.065896  0.005686  0.109482  2.681690     62.045944
     10   1      2   2   0     6  0.068455      35.164       10.9      104.0      1.278  0.065238  0.006008  0.116294  2.550000     55.464218
     11   1      1   3   1    12  0.067892      37.270      450.3       87.4      1.166  0.064467  0.006394  0.124513  2.410587     97.751015
     12   1      2   1   4    12  0.067732      37.874      340.1       81.3      1.052  0.064248  0.006505  0.126898  2.373559     94.383133
     13   1      3   1   2    12  0.067416      39.081      157.1      108.0      1.281  0.063811  0.006730  0.131714  2.302959     88.116058
     14   1      0   0   6     2  0.067168      40.040      215.6       92.3      1.153  0.063466  0.006909  0.135578  2.250000     13.924793
     15   1      2   2   3    12  0.067016      40.632      125.7       83.9      1.079  0.063254  0.007020  0.137984  2.218557     80.891579
     16   1      1   2   5    12  0.066406      43.049      269.5       17.0      0.223  0.062396  0.007478  0.147943  2.099417     71.195679
     17   1      0   4   2     6  0.066403      43.061     1429.3       83.1      1.029  0.062392  0.007481  0.147990  2.098890     35.577061
     18   1      1   1   6    12  0.066184      43.948      941.4       89.7      1.136  0.062081  0.007651  0.151703  2.058565     68.007942
     19   1      3   2   1    12  0.065877      45.208      181.1      102.6      1.330  0.061642  0.007894  0.157032  2.004080     63.866562
     20   1      1   3   4    12  0.065753      45.724     2005.5       97.4      1.174  0.061463  0.007995  0.159233  1.982652     62.272614
     21   1      2   3   2    12  0.065506      46.764      560.3       77.5      1.112  0.061105  0.008198  0.163702  1.940947     59.227100
     22   1      4   1   0    12  0.065426      47.107      247.6       52.7      0.844  0.060988  0.008265  0.165184  1.927619     58.269779
     23   1      4   0   4     6  0.064928      49.270     1037.9      119.8      1.400  0.060255  0.008695  0.174646  1.847924     26.354176
     24   1      3   1   5    12  0.064710      50.244       69.4      106.9      1.221  0.059930  0.008891  0.178968  1.814357     50.450569
     25   1      0   3   6     6  0.064534      51.044      582.3       75.0      0.806  0.059665  0.009053  0.182544  1.787793     24.350014
     26   1      3   0   6     6  0.064534      51.044     1348.9      173.8      1.867  0.059665  0.009053  0.182544  1.787793     24.350014
     27   1      1   4   3    12  0.064427      51.535       63.3       37.3      0.550  0.059504  0.009153  0.184753  1.771897     47.667931
     28   1      4   1   3    12  0.064427      51.535       42.2       24.9      0.367  0.059504  0.009153  0.184753  1.771897     47.667931
     29   1      3   2   4    12  0.064192      52.636      767.6      198.3      4.119  0.059145  0.009379  0.189739  1.737390     45.467674
     30   1      5   0   2     6  0.063997      53.576     1133.7       89.3      1.203  0.058842  0.009573  0.194030  1.709121     21.853327
     31   1      3   3   0     6  0.063933      53.886      512.0       31.3      0.666  0.058743  0.009637  0.195457  1.700000     21.573265
     32   1      2   2   6    12  0.063843      54.331      280.9       49.0      0.813  0.058601  0.009730  0.197504  1.687135     42.363274
     33   1      2   1   7    12  0.063721      54.936      195.5       61.6      0.970  0.058410  0.009857  0.200301  1.669986     41.331516
     34   1      0   1   8     6  0.063633      55.384     1103.9       72.8      1.010  0.058269  0.009951  0.202384  1.657526     20.295441
     35   1      2   4   1    12  0.063627      55.412       49.3        4.0      0.071  0.058260  0.009957  0.202515  1.656748     40.544910
     36   1      2   3   5    12  0.063370      56.751       24.5        8.0      0.250  0.057845  0.010242  0.208782  1.620785     38.451370
     37   1      4   2   2    12  0.063368      56.761      652.8      205.6      6.369  0.057842  0.010244  0.208825  1.620543     38.437473
     38   1      3   3   3    12  0.063150      57.941      300.6       95.1      1.265  0.057482  0.010498  0.214403  1.590303     36.727581
     39   1      2   0   8     6  0.063049      58.503      158.1       55.7      0.815  0.057314  0.010619  0.217074  1.576361     17.977493
     40   1      5   1   1    12  0.063044      58.530       24.6        9.8      0.184  0.057305  0.010625  0.217204  1.575692     35.918182
     41   1      0   5   4     6  0.062968      58.961        1.5       28.9      0.548  0.057177  0.010719  0.219257  1.565213     17.672237
     42   1      1   5   2    12  0.062819      59.834      458.0      741.0     32.009  0.056920  0.010910  0.223442  1.544448     34.224625
     43   1      1   3   7    12  0.062610      61.102       73.6      110.9      1.416  0.056554  0.011192  0.229566  1.515388     32.696106
     44   1      1   2   8    12  0.062544      61.521      266.9       44.2      0.824  0.056435  0.011285  0.231602  1.506060     32.215202
     45   1      2   4   4    12  0.062475      61.965      483.7       60.4      0.928  0.056311  0.011385  0.233762  1.496329     31.718666
     46   1      6   0   0     6  0.062308      63.095      197.3       86.1      1.249  0.055999  0.011641  0.239282  1.472243     15.256258
     47   1      1   4   6    12  0.062250      63.498       11.3        1.2      0.019  0.055889  0.011733  0.241261  1.463863     30.100634
     48   1      4   1   6    12  0.062250      63.498      507.7       55.3      0.874  0.055889  0.011733  0.241261  1.463863     30.100634
     49   1      4   3   1    12  0.062116      64.482       35.6       74.4      1.130  0.055626  0.011959  0.246109  1.443882     29.134995
     50   1      1   1   9    12  0.062084      64.725       13.9       18.3      0.460  0.055563  0.012016  0.247309  1.439048     28.904953
     51   1      5   1   4    12  0.062063      64.889       49.2       38.2      0.663  0.055520  0.012054  0.248121  1.435806     28.751423
     52   1      4   2   5    12  0.061960      65.707        7.6        4.5      0.059  0.055309  0.012245  0.252178  1.419889     28.006958
     53   1      3   4   2    12  0.061959      65.715      178.3       98.7      1.244  0.055306  0.012247  0.252220  1.419726     27.999407
     54   1      5   2   0    12  0.061926      65.990       44.5       35.2      0.642  0.055237  0.012311  0.253584  1.414486     27.757702
     55   1      3   2   7    12  0.061820      66.921       16.1       70.1      1.053  0.055005  0.012531  0.258220  1.397055     26.966125
     56   1      3   1   8    12  0.061776      67.320      245.8       64.1      0.940  0.054907  0.012626  0.260214  1.389736     26.639450
     57   1      1   5   5    12  0.061654      68.544        7.8       90.1      1.282  0.054617  0.012921  0.266343  1.367866     25.684017
     58   1      3   3   6    12  0.061595      69.207      286.3       96.4      1.276  0.054465  0.013082  0.269670  1.356374     25.194675
     59   1      2   5   3    12  0.061561      69.617       54.3       30.5      0.613  0.054373  0.013182  0.271727  1.349393     24.901745
     60   1      5   2   3    12  0.061561      69.617        9.8        5.5      0.110  0.054373  0.013182  0.271727  1.349393     24.901745

   No.  Code     H   K   L  Mult     Hw         2theta      Icalc       Iobs      Sigma      HwG     HwL       ETA       d-hkl        CORR

     61   1      0   4   8     6  0.061520      70.126       94.8       36.9      0.636  0.054261  0.013308  0.274286  1.340845     12.273819
     62   1      1   6   1    12  0.061519      70.150       59.0       21.7      0.395  0.054255  0.013314  0.274410  1.340433     24.530720
     63   1      1   0  10     6  0.061492      70.508      140.5       17.4      0.356  0.054178  0.013402  0.276211  1.334505     12.144161
     64   1      4   3   4    12  0.061490      70.541      395.4       39.9      0.642  0.054171  0.013410  0.276376  1.333964     24.266315
     65   1      6   1   2    12  0.061437      71.336      394.6       85.1      1.115  0.054004  0.013609  0.280379  1.321040     23.746986
     66   1      2   3   8    12  0.061357      72.882      102.3       89.8      1.278  0.053697  0.014000  0.288172  1.296776     22.805044
     67   1      2   2   9    12  0.061347      73.136        5.1        4.0      0.129  0.053649  0.014065  0.289450  1.292901     22.658754
     68   1      0   2  10     6  0.061342      73.259       97.3       39.8      0.704  0.053626  0.014097  0.290068  1.291038     11.294411
     69   1      3   4   5    12  0.061317      74.066       51.1       60.6      0.932  0.053480  0.014305  0.294132  1.278954     22.141762
     70   1      4   4   0     6  0.061311      74.334      115.4       50.6      0.754  0.053433  0.014375  0.295482  1.275000     10.999010
     71   1      2   4   7    12  0.061297      75.218       22.3       68.2      1.038  0.053284  0.014607  0.299926  1.262190     21.540993
     72   1      3   5   1    12  0.061294      75.623       19.2       25.9      0.581  0.053219  0.014714  0.301954  1.256446     21.340456
     73   1      2   1  10    12  0.061294      75.970      548.8       68.6      0.930  0.053165  0.014806  0.303696  1.251560     21.172081
     74   1      1   6   4    12  0.061294      76.002       37.2        5.8      0.117  0.053160  0.014815  0.303856  1.251113     21.156799
     75   1      5   3   2    12  0.061301      76.775      153.1       35.1      0.515  0.053045  0.015022  0.307723  1.240432     20.796274
     76   1      0   7   2     6  0.061301      76.775      151.7       34.8      0.510  0.053045  0.015022  0.307723  1.240432     10.398138
     77   1      0   6   6     6  0.061313      77.401      279.2       22.6      0.330  0.052958  0.015191  0.310847  1.231950     10.258567
     78   1      6   0   6     6  0.061313      77.401      591.8       47.9      0.700  0.052958  0.015191  0.310847  1.231950     10.258567
     79   1      4   4   3    12  0.061324      77.794        9.3       12.3      0.326  0.052906  0.015298  0.312801  1.226712     20.348003
     80   1      5   1   7    12  0.061328      77.906        1.6        7.1      0.224  0.052892  0.015329  0.313358  1.225225     20.300449
     81   1      5   0   8     6  0.061341      78.282        8.3       16.5      0.313  0.052845  0.015432  0.315224  1.220279     10.071872
     82   1      6   2   1    12  0.061342      78.306       20.9       39.4      0.639  0.052842  0.015438  0.315342  1.219968     20.133987
     83   1      6   1   5    12  0.061399      79.439       67.0       52.7      1.379  0.052713  0.015753  0.320937  1.205393     19.686073
     84   1      2   6   2    12  0.061399      79.447      127.2       96.8      2.529  0.052712  0.015755  0.320976  1.205293     19.683083
     85   1      2   5   6    12  0.061440      80.067       56.8       20.3      0.297  0.052650  0.015929  0.324022  1.197507     19.452379
     86   1      5   2   6    12  0.061440      80.067      130.8       46.7      0.686  0.052650  0.015929  0.324022  1.197507     19.452379
     87   1      4   2   8    12  0.061510      80.940      227.6       90.6      1.198  0.052573  0.016177  0.328283  1.186780     19.144566
     88   1      1   4   9    12  0.061532      81.186        6.9        1.6      0.032  0.052554  0.016247  0.329476  1.183808     19.061401
     89   1      4   1   9    12  0.061532      81.186       14.2        3.2      0.066  0.052554  0.016247  0.329476  1.183808     19.061401
     90   1      1   3  10    12  0.061543      81.305      135.7       16.6      0.332  0.052545  0.016282  0.330052  1.182377     19.021704
     91   1      3   5   4    12  0.061546      81.336      215.2       26.7      0.451  0.052543  0.016291  0.330204  1.182001     19.011293
     92   1      7   0   4     6  0.061546      81.336       43.6        5.4      0.091  0.052543  0.016291  0.330204  1.182001      9.505647
     93   1      7   1   0    12  0.061653      82.348       20.7       96.4      1.269  0.052476  0.016584  0.335082  1.170020     18.687969
     94   1      4   3   7    12  0.061761      83.208       13.6       67.3      1.006  0.052434  0.016837  0.339185  1.160097     18.432253
     95   1      1   5   8    12  0.061812      83.578      266.1       72.9      1.041  0.052420  0.016947  0.340939  1.155896     18.327393
     96   1      1   2  11    12  0.061864      83.933       20.3        8.1      0.162  0.052408  0.017052  0.342611  1.151914     18.229925
     97   1      4   0  10     6  0.061865      83.941       32.2       13.1      0.249  0.052408  0.017055  0.342647  1.151827      9.113905
     98   1      6   2   4    12  0.061870      83.972       30.6       18.5      0.380  0.052407  0.017064  0.342794  1.151479     18.219391
     99   1      5   3   5    12  0.061989      84.719       17.8       67.1      0.976  0.052393  0.017289  0.346288  1.143221     18.023754
    100   1      1   7   3    12  0.062170      85.724       19.1       50.3      0.680  0.052391  0.017596  0.350930  1.132371     17.779640
    101   1      7   1   3    12  0.062170      85.724       23.7       62.6      0.845  0.052391  0.017596  0.350930  1.132371     17.779640
    102   1      5   4   1    12  0.062269      86.226       10.1       23.6      0.547  0.052397  0.017752  0.353220  1.127060     17.665703
    103   1      0   0  12     2  0.062310      86.423       52.4       19.6      0.364  0.052401  0.017813  0.354112  1.125000      2.937084
    104   1      3   3   9    12  0.062314      86.446      100.3       31.0      0.511  0.052402  0.017820  0.354217  1.124757     17.617443
    105   1      3   2  10    12  0.062339      86.564       35.5       19.7      0.484  0.052405  0.017857  0.354749  1.123530     17.592024
    106   1      2   6   5    12  0.062512      87.340        6.6        1.4      0.019  0.052432  0.018100  0.358228  1.115538     17.431545
    107   1      4   5   2    12  0.062514      87.347      428.7       85.0      1.154  0.052432  0.018103  0.358262  1.115459     17.430000
    108   1      6   3   0    12  0.062573      87.598      242.0       31.0      0.500  0.052444  0.018182  0.359376  1.112911     17.380749
    109   1      4   4   6    12  0.062660      87.958       72.9       31.7      0.619  0.052463  0.018297  0.360966  1.109278     17.312119
    110   1      1   6   7    12  0.062786      88.452        8.2       24.6      0.569  0.052494  0.018455  0.363125  1.104361     17.222286
    111   1      3   4   8    12  0.062884      88.820      177.3       62.5      0.939  0.052521  0.018574  0.364721  1.100735     17.158340
    112   1      1   1  12    12  0.062945      89.039       85.0       26.3      0.516  0.052539  0.018646  0.365666  1.098589     17.121431
    113   1      3   1  11    12  0.062982      89.172        8.6        9.2      0.251  0.052551  0.018689  0.366237  1.097295     17.099518
    114   1      8   0   2     6  0.063213      89.962       19.6       87.7      1.153  0.052627  0.018949  0.369591  1.089699      8.488079
    115   1      3   6   3    12  0.063530      90.956       13.1       45.6      0.572  0.052745  0.019280  0.373719  1.080362     16.837299
    116   1      6   3   3    12  0.063530      90.956       18.8       65.1      0.818  0.052745  0.019280  0.373719  1.080362     16.837299
    117   1      2   7   1    12  0.063702      91.457       44.7       49.6      0.839  0.052815  0.019450  0.375759  1.075747     16.774082
    118   1      0   5  10     6  0.063821      91.794       12.7        8.5      0.141  0.052866  0.019564  0.377115  1.072676      8.367032
    119   1      5   4   4    12  0.063832      91.825       52.7       38.8      0.652  0.052871  0.019575  0.377239  1.072395     16.730488
    120   1      7   2   2    12  0.064112      92.577      176.3       87.9      1.173  0.052996  0.019834  0.380215  1.065645     16.648806

   No.  Code     H   K   L  Mult     Hw         2theta      Icalc       Iobs      Sigma      HwG     HwL       ETA       d-hkl        CORR

    121   1      3   5   7    12  0.064558      93.683        5.4       80.3      1.195  0.053210  0.020221  0.384466  1.055957     16.546408
    122   1      6   1   8    12  0.064715      94.051       55.5       53.0      0.811  0.053289  0.020351  0.385850  1.052786     16.516851
    123   1      0   3  12     6  0.064812      94.271      175.1       37.4      0.576  0.053339  0.020430  0.386667  1.050907      8.250150
    124   1      3   0  12     6  0.064812      94.271      102.2       21.8      0.336  0.053339  0.020430  0.386667  1.050907      8.250150
    125   1      2   3  11    12  0.064871      94.405       14.4        3.1      0.067  0.053369  0.020478  0.387159  1.049775     16.490660
    126   1      2   4  10    12  0.064874      94.412       58.8       12.5      0.264  0.053371  0.020480  0.387188  1.049709     16.490107
    127   1      0   8   4     6  0.064888      94.444       50.6       13.5      0.310  0.053378  0.020492  0.387302  1.049445      8.243955
    128   1      4   5   5    12  0.065232      95.190       10.7       65.6      0.997  0.053561  0.020761  0.390010  1.043182     16.439861
    129   1      1   7   6    12  0.065534      95.811       47.2       41.8      0.546  0.053727  0.020989  0.392206  1.038058     16.406801
    130   1      7   1   6    12  0.065534      95.811       53.8       47.7      0.623  0.053727  0.020989  0.392206  1.038058     16.406801
    131   1      6   2   7    12  0.065784      96.307       26.1       41.1      0.758  0.053868  0.021172  0.393920  1.034025     16.384878
    132   1      8   1   1    12  0.065990      96.700       10.0       17.2      0.407  0.053986  0.021319  0.395257  1.030860     16.370274
    133   1      2   2  12    12  0.066096      96.898       85.2       34.9      0.619  0.054047  0.021393  0.395919  1.029283     16.363871
    134   1      2   5   9    12  0.066108      96.921        2.7        1.0      0.020  0.054055  0.021402  0.395997  1.029096     16.363153
    135   1      5   2   9    12  0.066108      96.921        7.6        2.8      0.057  0.054055  0.021402  0.395997  1.029096     16.363153
    136   1      5   1  10    12  0.066172      97.040      188.0       29.6      0.479  0.054092  0.021447  0.396390  1.028156     16.359657
    137   1      2   7   4    12  0.066189      97.071      147.9       23.8      0.419  0.054102  0.021458  0.396494  1.027909     16.358772
    138   1      1   8   2    12  0.066613      97.829       32.6       38.6      0.714  0.054354  0.021746  0.398961  1.021960     16.341980
    139   1      5   5   0     6  0.066760      98.082      152.8       64.5      0.893  0.054443  0.021844  0.399766  1.020000      8.169184
    140   1      0   7   8     6  0.067514      99.317       47.1       48.9      0.572  0.054910  0.022325  0.403555  1.010602      8.167459
    141   1      5   3   8    12  0.067514      99.317       79.2       82.2      0.961  0.054910  0.022325  0.403555  1.010602     16.334917
    142   1      4   6   1    12  0.067529      99.341        2.3        2.4      0.032  0.054919  0.022335  0.403625  1.010425     16.335079

     -----------------------------------------------------
     BRAGG R-Factors and weight fractions for Pattern #  1
     -----------------------------------------------------

 => Phase:  1     Refinements of structures containing bonds between Si, P, S or Cl and O
 => Bragg R-factor:   638.       Vol: 1216.367( 0.000)  Fract(%):  100.00( 0.00)
 => Rf-factor=  87.9             ATZ:        1703.332   Brindley:  1.0000

     -----------------------------------------------------------------
      SYMBOLIC NAMES AND FINAL VALUES AND SIGMA OF REFINED PARAMETERS:
     -----------------------------------------------------------------


 ------------------------------------------------------------------
 => Number of bytes for floating point variables: 4
 => Dimensions of dynamic allocated arrays in this run of FullProf:
 ------------------------------------------------------------------

 => Total approximate array memory (dynamic + static): 128415065 bytes

    MaxPOINT=    60000 Max.num. of points(+int. Inten.)/diffraction pattern       
    MaxREFLT=    20000 Max.num. of reflections/diffraction pattern               
    MaxPARAM=      300 Max.num. of refinable parameters                          
    MaxOVERL=    18096 Max.num. of overlapping reflections                       

 ----------------------------------------------------------
 => Number of bytes for floating point arrays: 4
 => Dimensions of fixed arrays in this release of FullProf:
 ----------------------------------------------------------

    NPATT   =       80 Max.num. of powder diffraction patterns                    
    NATS    =      830 Max.num. of atoms (all kind) in asymmetric unit            
    MPAR    =     1800 Max.num. of non atomic parameters/phase                    
    IEXCL   =       30 Max.num. of excluded regions                               
    IBACP   =      377 Max.num. of background points for interpolation            
    NPHT    =       16 Max.num. of phases                                         
    NMAGM   =        8 Max.num. of rotation-matrices sets for magnetic structure  
    NBASIS  =       12 Max.num. of basis functions associated to a single atom    
    NIREPS  =        9 Max.num. of irreducible representations to be combined     
    N_EQ    =      384 Max.num. of user-supplied symmetry operators/propagation vectors
    NGL     =      400 Max.num. of global parameters/diffraction pattern          
    N_LINC  =       30 Max.num. of global linear restraints                        
    NAT_P   =       68 Max.num. of atomic parameters per atom                     
    NCONST  =      500 Max.num. of slack constraints per phase                    
    N_SPE   =       30 Max.num. of different chemical species                     
    N_FORM  =       60 Max.num. of scattering factor values in a table            
    NPR     =      150 Max.num. of points defining a numerical profile            
    INPR    =       25 Max.num. of different numerical peak shapes                
    NPRC    =      150 Max.num. of terms in the table for correcting intensities  
    NSOL    =       10 Max.num. of solutions to be stored in Montecarlo searchs   

 
              CPU Time:     1.305 seconds
                            0.022 minutes

 => Run finished at:     Date: 05/08/2023  Time: 08:44:52.593                              
