

        **********************************************************
        ** PROGRAM FullProf.2k (Version 7.20 - Oct2019-ILL JRC) **
        **********************************************************
                       M U L T I -- P A T T E R N                 
            Rietveld, Profile Matching & Integrated Intensity     
                 Refinement of X-ray and/or Neutron Data


    Date: 05/08/2023  Time: 08:44:21.107                              

 => PCR file code: P2O5-1
 => DAT file code: 230804_Cu3P_geom.dat -> Relative contribution: 1.0000                                                            

 ==> CONDITIONS OF THIS RUN FOR PATTERN No.:  1

 => Global Refinement of X-ray powder diffraction data                                                                              
 => Global Refinement of X-ray powder diffraction data                                                                              
    Bragg-Brentano(X-rays) or Debye-Scherrer geometry(Neutrons)
 => Title: Refinements of Structures Containing Bonds between Si, P, S or Cl and O

 => Number of phases:    1
 => Number of excluded regions:    0
 => Number of scattering factors supplied:    0
 => Conventional weights: w=1.0/Variance(yobs)
 => Asymmetry correction as in J.Appl.Cryst. 26,128(1993)
 => Background refined by polynomial function
 => The    7th default profile function was selected
 => T-C-H Pseudo-Voigt function 
    This function is convoluted with asymmetry due to axial 
    divergence as formulated by: 
    van Laar and Yelon, J. Appl. Cryst. 17, 47(1984).
    and using the method of:
    Finger, Cox and Jephcoat, J. Appl. Cryst. 27, 892 (1994).
    Fortran 90 module adapted from function PROFVAL (in F77) : 
    L.W. Finger, J. Appl. Cryst. 31, 111 (1998).


 ==> INPUT/OUTPUT OPTIONS:

 => Generate file *.PRF for plot
 => Output Integrated Intensities
 => Generate new input file *.PCR

 => Data supplied in free format for pattern:  1
 => Plot pattern at each cycle
 => Wavelengths:  1.54056 1.54439
 => Alpha2/Alpha1 ratio:   0.5000
 => Cos(Monochromator angle)=   0.9100
 => Asymmetry correction for angles lower than    0.000 degrees
 => Absorption correction (AC), muR-eff =   0.0000  0.0000
 => Base of peaks: 2.0*HW*    8.00

 => Number of cycles:    1
 => Relaxation factors ==>    for coordinates:  1.00
 => for anisotropic temperature factors:  1.00
 => for halfwidth/strain/size parameters:  1.00
 => for lattice constants and propagation vectors:  1.00
 => EPS-value for convergence:    0.1
 => Number of Least-Squares parameters varied:     0

 =>--------------------------->
 =>------->  PATTERN number:  1
 =>--------------------------->
 => Global parameters and codes ==>
 => Zero-point:     0.0000    0.0000
 => Background parameters and codes ==>
 => Origin of polynomial at 2theta/TOF/E(KeV):   40.000  
  0.0000      0.0000      0.0000      0.0000      0.0000      0.0000    
        0.00        0.00        0.00        0.00        0.00        0.00
 => Displacement peak-shift parameter and code:     0.00    0.00
 => Transparency peak-shift parameter and code:     0.00    0.00

 => Reading Intensity data  =>>

 ==> Angular range, step and number of points:
     2Thmin:       5.000000  2Thmax:     100.000000  Step:       0.020000  No. of points:   4751
 --------------------------------------------------------------------------------
 => Phase  No. 1
      Refinements of Structures Containing Bonds between Si, P, S or Cl and 
 --------------------------------------------------------------------------------
 =>-------> Pattern#  1
 => Crystal Structure Refinement
 => Preferred orientation vector:   0.0000  0.0000  1.0000

 =>-------> Data for PHASE: 1
 => Number of atoms:    6
 => Number of distance  constraints:    0
 => Number of angle     constraints:    0

 => Symmetry information on space group: P n a m             
 -> The multiplicity of the general position is:   8
 -> The space group is Centric (-1 at origin)   
 -> Lattice type  P: { 000 }                                       
 -> Reduced set of symmetry operators:

  No.  IT   Symmetry symbol    Rotation part     Associated Translation
   1: ( 1)   1            -->     ( x, y, z) + {  0.0000  0.0000  0.0000}
   2: ( 4)   2 ( x, 0, 0) -->     ( x,-y,-z) + {  0.5000  0.5000  0.5000}
   3: ( 3)   2 ( 0, y, 0) -->     (-x, y,-z) + {  0.5000  0.5000  0.0000}
   4: ( 2)   2 ( 0, 0, z) -->     (-x,-y, z) + {  0.0000  0.0000  0.5000}


        Information on Space Group: 
        --------------------------- 

 =>   Number of Space group:  62
 =>  Hermann-Mauguin Symbol: P n a m
 =>             Hall Symbol: -P 2c 2n
 =>    Table Setting Choice: a-cb
 =>            Setting Type: IT (Generated from Hermann-Mauguin symbol)
 =>          Crystal System: Orthorhombic
 =>              Laue Class: mmm
 =>             Point Group: mmm
 =>         Bravais Lattice: P
 =>          Lattice Symbol: oP
 =>  Reduced Number of S.O.:   4
 =>    General multiplicity:   8
 =>          Centrosymmetry: Centric (-1 at origin)
 =>  Generators (exc. -1&L):   2
 =>         Asymmetric unit:  0.000 <= x <=  0.500
                              0.000 <= y <=  1.000
                              0.000 <= z <=  0.250

 => List of S.O. without inversion and lattice centring translations
 => SYMM(  1): x,y,z                               => SYMM(  2): x+1/2,-y+1/2,-z+1/2
 => SYMM(  3): -x+1/2,y+1/2,-z                     => SYMM(  4): -x,-y,z+1/2


 => Initial parameters ==>
 Atom    Ntyp                  X         Y         Z         B         occ.         in  fin  Spc  Mult
                             B11       B22       B33       B12       B13       B23
 O2     O                  0.36280   0.15470   0.25000   0.00000   0.50000           0    0    0    4
                 Codes:    0.00000   0.00000   0.00000   0.00000   0.00000
 O1     O                  0.28090   0.50350   0.25000   0.00000   0.50000           0    0    0    4
                 Codes:    0.00000   0.00000   0.00000   0.00000   0.00000
 P1     P                  0.24110   0.29180   0.25000   0.00000   0.50000           0    0    0    4
                 Codes:    0.00000   0.00000   0.00000   0.00000   0.00000
 O4     O                  0.13780   0.28330  -0.00080   0.00000   1.00000           0    0    0    8
                 Codes:    0.00000   0.00000   0.00000   0.00000   0.00000
 P2     P                  0.40110   0.65670   0.25000   0.00000   0.50000           0    0    0    4
                 Codes:    0.00000   0.00000   0.00000   0.00000   0.00000
 O3     O                  0.55300   0.58900   0.25000   0.00000   0.50000           0    0    0    4
                 Codes:    0.00000   0.00000   0.00000   0.00000   0.00000

 => IT IS ASSUMED THAT THE FIRST GIVEN SITE IS FULLY OCCUPIED 
    OR THE FIRST AND SECOND ATOMS ARE IN THE SAME SITE WITH TOTAL FULL OCCUPATION
  (If this is not the case, change the order of atoms to obtain correct values for the content of the unit cell)
    The given occupation factors have been obtained mutiplying m/M by   1.0000
      -> Atom: O   ,  Chemical element: O   Atomic Mass:    15.9994
      -> Atom: O   ,  Chemical element: O   Atomic Mass:    15.9994
      -> Atom: P   ,  Chemical element: P   Atomic Mass:    30.9738
      -> Atom: O   ,  Chemical element: O   Atomic Mass:    15.9994
      -> Atom: P   ,  Chemical element: P   Atomic Mass:    30.9738
      -> Atom: O   ,  Chemical element: O   Atomic Mass:    15.9994
 => The given value of ATZ is        567.78 the program has calculated:         567.78
    The value of ATZ given in the input PCR file will be used for quantitative analysis
 => The chemical content of the unit cell is: 
       4.0000 O    +   4.0000 O    +   4.0000 P    +   8.0000 O    +   4.0000 P    +   4.0000 O      
 => The normalized site occupation numbers in % are: 
     100.0000 O2     :      100.0000 O1     :      100.0000 P1     :      100.0000 O4     :      100.0000 P2     :      100.0000 O3       
 => The density (volumic mass) of the compound is:    2.880 g/cm3

 =>-------> PROFILE PARAMETERS FOR PATTERN:  1

 => Overall scale factor:   0.100000E-02
 => ETA (p-Voigt) OR M (Pearson VII):   0.0000
 => Overall temperature factor:      0.00000
 => Halfwidth U,V,W:      0.00413    -0.00762     0.00625
 => X and Y parameters:       0.0190      0.0000
 => Direct cell parameters:    9.2300   7.1800   4.9400  90.0000  90.0000  90.0000
 => Preferred orientation parameters:   0.0000  0.0000
 => Asymmetry parameters     :      0.00000     0.00000     0.00000     0.00000
 => Strain parameters        :      0.00000     0.00000     0.00000
 => Size   parameters        :      0.00000     0.00000
 => Further shape parameters (S_L and D_L):   0.00000   0.00000
    S_L is source width/detector distance
    D_L is detector width/detector distance

 ==> CODEWORDS FOR PROFILE PARAMETERS of PATTERN#  1

 => Overall scale factor:    0.000
 => ETA (p-Voigt) OR M (Pearson VII):    0.000
 => Overall temperature factor:    0.000
 => Halfwidth U,V,W:    0.000   0.000   0.000
 => X and Y parameters:    0.000   0.000
 => Direct cell parameters:    0.000   0.000   0.000   0.000   0.000   0.000
 => Preferred orientation parameters:    0.000   0.000
 => Asymmetry parameters     :    0.000   0.000   0.000   0.000
 => Strain parameters        :    0.000   0.000   0.000
 => Size   parameters        :    0.000   0.000

 => Cell constraints according to Laue symmetry: mmm  

        Metric information:
        -------------------

 => Direct cell parameters:

         a =       9.2300      b =       7.1800      c =       4.9400
     alpha =       90.000   beta =       90.000  gamma =       90.000
                        Direct Cell Volume =     327.3807

 => Reciprocal cell parameters:

         a*=     0.108342      b*=     0.139276      c*=     0.202429
     alpha*=       90.000   beta*=       90.000  gamma*=       90.000
                    Reciprocal Cell Volume =   0.00305455

 => Direct and Reciprocal Metric Tensors:

                   GD                                       GR
     85.1929      0.0000      0.0000          0.011738    0.000000    0.000000
      0.0000     51.5524      0.0000          0.000000    0.019398    0.000000
      0.0000      0.0000     24.4036          0.000000    0.000000    0.040978

 =>  Cartesian frame: z // c; y is in the bc-plane; x is y ^ z = a*  

     Crystal_to_Orthonormal_Matrix              Orthonormal_to_Crystal Matrix
              Cr_Orth_cel                               Orth_Cr_cel  
      9.2300      0.0000      0.0000          0.108342   -0.000000   -0.000000
      0.0000      7.1800      0.0000          0.000000    0.139276   -0.000000
      0.0000      0.0000      4.9400          0.000000    0.000000    0.202429

     Busing-Levy B-matrix: Hc=B.H            Inverse of the Busing-Levy B-matrix
                BL_M                                      BL_Minv  
    0.108342    0.000000    0.000000            9.2300     -0.0000     -0.0000
    0.000000    0.139276   -0.000000            0.0000      7.1800      0.0000
    0.000000    0.000000    0.202429            0.0000      0.0000      4.9400

 => Laue symmetry mmm   will be used to generate HKL for pattern#   1
 => Reflections generated between S(1/d)min:  0.0565 A-1 and S(1/d)max:  1.0057 A-1
 =>                                    dmax: 17.7030 A   and      dmin:  0.9943 A
 => The number of reflections generated is:    199
 => The max. scatt. variable (gen.ref.) is:       101.5543
 => Scattering coefficients from internal table


 => X-ray scattering coeff. (A1, B1, A2,...C, f(0), Z, Dfp,Dfpp)

 O       3.0485  13.2771   2.2868   5.7011   1.5463   0.3239   0.8670  32.9089   0.2508   7.9994   8.0000   0.0470   0.0320
 P       6.4345   1.9067   4.1791  27.1570   1.7800   0.5260   1.4908  68.1645   1.1149  14.9993  15.0000   0.2830   0.4340
  
 => Zero counts at step no.      2 at 2theta/TOF/E(KeV):         5.0200  Intensity fixed to 1.0 and variance to 1E6
 => Zero counts at step no.      4 at 2theta/TOF/E(KeV):         5.0600  Intensity fixed to 1.0 and variance to 1E6
 => Zero counts at step no.      6 at 2theta/TOF/E(KeV):         5.1000  Intensity fixed to 1.0 and variance to 1E6
 => Zero counts at step no.      7 at 2theta/TOF/E(KeV):         5.1200  Intensity fixed to 1.0 and variance to 1E6
 => Zero counts at step no.      8 at 2theta/TOF/E(KeV):         5.1400  Intensity fixed to 1.0 and variance to 1E6
 => Zero counts at step no.     10 at 2theta/TOF/E(KeV):         5.1800  Intensity fixed to 1.0 and variance to 1E6
 => Zero counts at step no.     12 at 2theta/TOF/E(KeV):         5.2200  Intensity fixed to 1.0 and variance to 1E6
 => Zero counts at step no.     16 at 2theta/TOF/E(KeV):         5.3000  Intensity fixed to 1.0 and variance to 1E6
 => Zero counts at step no.     18 at 2theta/TOF/E(KeV):         5.3400  Intensity fixed to 1.0 and variance to 1E6
 => Zero counts at step no.     19 at 2theta/TOF/E(KeV):         5.3600  Intensity fixed to 1.0 and variance to 1E6
 => Zero counts at step no.     20 at 2theta/TOF/E(KeV):         5.3800  Intensity fixed to 1.0 and variance to 1E6
 => Zero counts at step no.     21 at 2theta/TOF/E(KeV):         5.4000  Intensity fixed to 1.0 and variance to 1E6
 => Zero counts at step no.     22 at 2theta/TOF/E(KeV):         5.4200  Intensity fixed to 1.0 and variance to 1E6
 => Zero counts at step no.     24 at 2theta/TOF/E(KeV):         5.4600  Intensity fixed to 1.0 and variance to 1E6
 => Zero counts at step no.     25 at 2theta/TOF/E(KeV):         5.4800  Intensity fixed to 1.0 and variance to 1E6
 => Zero counts at step no.     26 at 2theta/TOF/E(KeV):         5.5000  Intensity fixed to 1.0 and variance to 1E6
 => Zero counts at step no.     27 at 2theta/TOF/E(KeV):         5.5200  Intensity fixed to 1.0 and variance to 1E6
 => Zero counts at step no.     28 at 2theta/TOF/E(KeV):         5.5400  Intensity fixed to 1.0 and variance to 1E6
 => Zero counts at step no.     30 at 2theta/TOF/E(KeV):         5.5800  Intensity fixed to 1.0 and variance to 1E6
 => Zero counts at step no.     31 at 2theta/TOF/E(KeV):         5.6000  Intensity fixed to 1.0 and variance to 1E6
 => Zero counts at step no.     32 at 2theta/TOF/E(KeV):         5.6200  Intensity fixed to 1.0 and variance to 1E6
 => Zero counts at step no.     35 at 2theta/TOF/E(KeV):         5.6800  Intensity fixed to 1.0 and variance to 1E6
 => Zero counts at step no.     36 at 2theta/TOF/E(KeV):         5.7000  Intensity fixed to 1.0 and variance to 1E6
 => Zero counts at step no.     38 at 2theta/TOF/E(KeV):         5.7400  Intensity fixed to 1.0 and variance to 1E6
 => Zero counts at step no.     40 at 2theta/TOF/E(KeV):         5.7800  Intensity fixed to 1.0 and variance to 1E6
 => Zero counts at step no.     42 at 2theta/TOF/E(KeV):         5.8200  Intensity fixed to 1.0 and variance to 1E6
 => Zero counts at step no.     43 at 2theta/TOF/E(KeV):         5.8400  Intensity fixed to 1.0 and variance to 1E6
 => Zero counts at step no.     44 at 2theta/TOF/E(KeV):         5.8600  Intensity fixed to 1.0 and variance to 1E6
 => Zero counts at step no.     46 at 2theta/TOF/E(KeV):         5.9000  Intensity fixed to 1.0 and variance to 1E6
 => Zero counts at step no.     47 at 2theta/TOF/E(KeV):         5.9200  Intensity fixed to 1.0 and variance to 1E6
 => Zero counts at step no.     48 at 2theta/TOF/E(KeV):         5.9400  Intensity fixed to 1.0 and variance to 1E6
 => Zero counts at step no.     49 at 2theta/TOF/E(KeV):         5.9600  Intensity fixed to 1.0 and variance to 1E6
 => Zero counts at step no.     50 at 2theta/TOF/E(KeV):         5.9800  Intensity fixed to 1.0 and variance to 1E6
 => Zero counts at step no.     52 at 2theta/TOF/E(KeV):         6.0200  Intensity fixed to 1.0 and variance to 1E6
 => Zero counts at step no.     54 at 2theta/TOF/E(KeV):         6.0600  Intensity fixed to 1.0 and variance to 1E6
 => Zero counts at step no.     55 at 2theta/TOF/E(KeV):         6.0800  Intensity fixed to 1.0 and variance to 1E6
 => Zero counts at step no.     60 at 2theta/TOF/E(KeV):         6.1800  Intensity fixed to 1.0 and variance to 1E6
 => Zero counts at step no.     61 at 2theta/TOF/E(KeV):         6.2000  Intensity fixed to 1.0 and variance to 1E6
 => Zero counts at step no.     62 at 2theta/TOF/E(KeV):         6.2200  Intensity fixed to 1.0 and variance to 1E6
 => Zero counts at step no.     64 at 2theta/TOF/E(KeV):         6.2600  Intensity fixed to 1.0 and variance to 1E6
 => Zero counts at step no.     65 at 2theta/TOF/E(KeV):         6.2800  Intensity fixed to 1.0 and variance to 1E6
 => Zero counts at step no.     66 at 2theta/TOF/E(KeV):         6.3000  Intensity fixed to 1.0 and variance to 1E6
 => Zero counts at step no.     68 at 2theta/TOF/E(KeV):         6.3400  Intensity fixed to 1.0 and variance to 1E6
 => Zero counts at step no.     70 at 2theta/TOF/E(KeV):         6.3800  Intensity fixed to 1.0 and variance to 1E6
 => Zero counts at step no.     72 at 2theta/TOF/E(KeV):         6.4200  Intensity fixed to 1.0 and variance to 1E6
 => Zero counts at step no.     74 at 2theta/TOF/E(KeV):         6.4600  Intensity fixed to 1.0 and variance to 1E6
 => Zero counts at step no.     76 at 2theta/TOF/E(KeV):         6.5000  Intensity fixed to 1.0 and variance to 1E6
 => Zero counts at step no.     78 at 2theta/TOF/E(KeV):         6.5400  Intensity fixed to 1.0 and variance to 1E6
 => Zero counts at step no.     82 at 2theta/TOF/E(KeV):         6.6200  Intensity fixed to 1.0 and variance to 1E6
 => Zero counts at step no.     83 at 2theta/TOF/E(KeV):         6.6400  Intensity fixed to 1.0 and variance to 1E6
 => Zero counts at step no.     86 at 2theta/TOF/E(KeV):         6.7000  Intensity fixed to 1.0 and variance to 1E6
 => Zero counts at step no.     87 at 2theta/TOF/E(KeV):         6.7200  Intensity fixed to 1.0 and variance to 1E6
 => Zero counts at step no.     88 at 2theta/TOF/E(KeV):         6.7400  Intensity fixed to 1.0 and variance to 1E6
 => Zero counts at step no.     92 at 2theta/TOF/E(KeV):         6.8200  Intensity fixed to 1.0 and variance to 1E6
 => Zero counts at step no.     96 at 2theta/TOF/E(KeV):         6.9000  Intensity fixed to 1.0 and variance to 1E6
 => Zero counts at step no.     97 at 2theta/TOF/E(KeV):         6.9200  Intensity fixed to 1.0 and variance to 1E6
 => Zero counts at step no.     98 at 2theta/TOF/E(KeV):         6.9400  Intensity fixed to 1.0 and variance to 1E6
 => Zero counts at step no.     99 at 2theta/TOF/E(KeV):         6.9600  Intensity fixed to 1.0 and variance to 1E6
 => Zero counts at step no.    102 at 2theta/TOF/E(KeV):         7.0200  Intensity fixed to 1.0 and variance to 1E6
 => Zero counts at step no.    103 at 2theta/TOF/E(KeV):         7.0400  Intensity fixed to 1.0 and variance to 1E6
 => Zero counts at step no.    104 at 2theta/TOF/E(KeV):         7.0600  Intensity fixed to 1.0 and variance to 1E6
 => Zero counts at step no.    106 at 2theta/TOF/E(KeV):         7.1000  Intensity fixed to 1.0 and variance to 1E6
 => Zero counts at step no.    107 at 2theta/TOF/E(KeV):         7.1200  Intensity fixed to 1.0 and variance to 1E6
 => Zero counts at step no.    112 at 2theta/TOF/E(KeV):         7.2200  Intensity fixed to 1.0 and variance to 1E6
 => Zero counts at step no.    114 at 2theta/TOF/E(KeV):         7.2600  Intensity fixed to 1.0 and variance to 1E6
 => Zero counts at step no.    116 at 2theta/TOF/E(KeV):         7.3000  Intensity fixed to 1.0 and variance to 1E6
 => Zero counts at step no.    120 at 2theta/TOF/E(KeV):         7.3800  Intensity fixed to 1.0 and variance to 1E6
 => Zero counts at step no.    124 at 2theta/TOF/E(KeV):         7.4600  Intensity fixed to 1.0 and variance to 1E6
 => Zero counts at step no.    126 at 2theta/TOF/E(KeV):         7.5000  Intensity fixed to 1.0 and variance to 1E6
 => Zero counts at step no.    128 at 2theta/TOF/E(KeV):         7.5400  Intensity fixed to 1.0 and variance to 1E6
 => Zero counts at step no.    130 at 2theta/TOF/E(KeV):         7.5800  Intensity fixed to 1.0 and variance to 1E6
 => Zero counts at step no.    132 at 2theta/TOF/E(KeV):         7.6200  Intensity fixed to 1.0 and variance to 1E6
 => Zero counts at step no.    134 at 2theta/TOF/E(KeV):         7.6600  Intensity fixed to 1.0 and variance to 1E6
 => Zero counts at step no.    136 at 2theta/TOF/E(KeV):         7.7000  Intensity fixed to 1.0 and variance to 1E6
 => Zero counts at step no.    138 at 2theta/TOF/E(KeV):         7.7400  Intensity fixed to 1.0 and variance to 1E6
 => Zero counts at step no.    140 at 2theta/TOF/E(KeV):         7.7800  Intensity fixed to 1.0 and variance to 1E6
 => Zero counts at step no.    144 at 2theta/TOF/E(KeV):         7.8600  Intensity fixed to 1.0 and variance to 1E6
 => Zero counts at step no.    146 at 2theta/TOF/E(KeV):         7.9000  Intensity fixed to 1.0 and variance to 1E6
 => Zero counts at step no.    148 at 2theta/TOF/E(KeV):         7.9400  Intensity fixed to 1.0 and variance to 1E6
 => Zero counts at step no.    150 at 2theta/TOF/E(KeV):         7.9800  Intensity fixed to 1.0 and variance to 1E6
 => Zero counts at step no.    151 at 2theta/TOF/E(KeV):         8.0000  Intensity fixed to 1.0 and variance to 1E6
 => Zero counts at step no.    152 at 2theta/TOF/E(KeV):         8.0200  Intensity fixed to 1.0 and variance to 1E6
 => Zero counts at step no.    153 at 2theta/TOF/E(KeV):         8.0400  Intensity fixed to 1.0 and variance to 1E6
 => Zero counts at step no.    169 at 2theta/TOF/E(KeV):         8.3600  Intensity fixed to 1.0 and variance to 1E6
 => Zero counts at step no.    174 at 2theta/TOF/E(KeV):         8.4600  Intensity fixed to 1.0 and variance to 1E6
 
 => No optimization for routine tasks


   Standard deviations have to be multiplied by: 3.8442
   (correlated residuals) See references:
  -J.F.Berar & P.Lelann, J. Appl. Cryst. 24, 1-5 (1991) 
  -J.F.Berar, Acc. in Pow. Diff. II,NIST Sp.Pub. 846, 63(1992) 

 ++++++++++++++++++++++++++++++++++++++++++++++++++++++++++++++++++++++++++++++++++++++++++++++++++++++++++++++++++++++++

 => CYCLE No.:    1
 ---------------------------------------------------------------------------------------
 => Phase  1 Name: Refinements of Structures Containing Bonds between Si, P, S or Cl and 
 ---------------------------------------------------------------------------------------
 => New parameters, shifts, and standard deviations

 Atom        x       dx      sx       y       dy      sy       z       dz      sz       B       dB      sB      occ.    docc.   socc.

 O2       0.36280 0.00000 0.00000  0.15470 0.00000 0.00000  0.25000 0.00000 0.00000  0.00000 0.00000 0.00000  0.50000 0.00000 0.00000
 O1       0.28090 0.00000 0.00000  0.50350 0.00000 0.00000  0.25000 0.00000 0.00000  0.00000 0.00000 0.00000  0.50000 0.00000 0.00000
 P1       0.24110 0.00000 0.00000  0.29180 0.00000 0.00000  0.25000 0.00000 0.00000  0.00000 0.00000 0.00000  0.50000 0.00000 0.00000
 O4       0.13780 0.00000 0.00000  0.28330 0.00000 0.00000 -0.00080 0.00000 0.00000  0.00000 0.00000 0.00000  1.00000 0.00000 0.00000
 P2       0.40110 0.00000 0.00000  0.65670 0.00000 0.00000  0.25000 0.00000 0.00000  0.00000 0.00000 0.00000  0.50000 0.00000 0.00000
 O3       0.55300 0.00000 0.00000  0.58900 0.00000 0.00000  0.25000 0.00000 0.00000  0.00000 0.00000 0.00000  0.50000 0.00000 0.00000

 ==> PROFILE PARAMETERS FOR PATTERN#  1

 => Overall scale factor:      0.001000000     0.000000000     0.000000000
 => Eta(p-Voigt) or m(Pearson VII):   0.000000  0.000000  0.000000
 => Overall tem. factor:     0.000000    0.000000    0.000000
 => Halfwidth parameters: 
         0.004133    0.000000    0.000000
        -0.007618    0.000000    0.000000
         0.006255    0.000000    0.000000
 => Cell parameters: 
        9.230000    0.000000    0.000000
        7.180000    0.000000    0.000000
        4.940000    0.000000    0.000000
       90.000000    0.000000    0.000000
       90.000000    0.000000    0.000000
       90.000000    0.000000    0.000000
 => Preferred orientation: 
         0.000000    0.000000    0.000000
         0.000000    0.000000    0.000000
 => Asymmetry parameters: 
         0.000000    0.000000    0.000000
         0.000000    0.000000    0.000000
         0.000000    0.000000    0.000000
         0.000000    0.000000    0.000000
 => X and Y parameters: 
         0.018961    0.000000    0.000000
         0.000000    0.000000    0.000000
 => Strain parameters: 
         0.000000    0.000000    0.000000
         0.000000    0.000000    0.000000
         0.000000    0.000000    0.000000
 => Size   parameters (G,L): 
         0.000000    0.000000    0.000000
         0.000000    0.000000    0.000000
 => Further shape parameters (S_L and D_L): 
       0.000000  0.000000  0.000000
       0.000000  0.000000  0.000000

 ==> GLOBAL PARAMETERS FOR PATTERN#  1


 => Zero-point:     0.0000    0.0000    0.0000
 => Background Polynomial Parameters ==>
       0.0000      0.0000      0.0000    
       0.0000      0.0000      0.0000    
       0.0000      0.0000      0.0000    
       0.0000      0.0000      0.0000    
       0.0000      0.0000      0.0000    
       0.0000      0.0000      0.0000    

 => Cos( theta)-shift parameter :   0.0000  0.0000  0.0000
 => Sin(2theta)-shift parameter :   0.0000  0.0000  0.0000

 ==> RELIABILITY FACTORS WITH ALL NON-EXCLUDED POINTS FOR PATTERN:  1

 => R-Factors:   113.      260.     Chi2: 0.107E+04 DW-Stat.:  0.1331   Patt#:  1
 => Expected :            7.96                                1.9099
 => Deviance : 0.347E+07     Dev*:   0.000    
 => GoF-index:  33.         Sqrt(Residual/N)
 => N-P+C:  4751

 =>    SumYdif       SumYobs      SumYcal      SumwYobsSQ     Residual    Condition
     0.8470E+06    0.7500E+06    0.3736E+06    0.7499E+06    0.5067E+07     0.000    


 => Conventional Rietveld Rp,Rwp,Re and Chi2:   113.      260.      7.96      1067.    
 => (Values obtained using Ynet, but true sigma(y))
 =>  SumYnet, Sum(w Ynet**2):     0.7500E+06    0.7499E+06

 => N-sigma of the GoF:    51934.680

 ==> RELIABILITY FACTORS FOR POINTS WITH BRAGG CONTRIBUTIONS FOR PATTERN:  1

 => R-Factors:   115.      280.     Chi2: 0.138E+04 DW-Stat.:  0.1362   Patt#:
 => Expected :            7.53                                1.8963
 => Deviance : 0.347E+07     Dev*:         NaN
 => GoF-index:  37.         Sqrt(Residual/N)
 => N-P+C:  3586

 =>    SumYdif       SumYobs      SumYcal      SumwYobsSQ     Residual    Condition
     0.7293E+06    0.6323E+06    0.3736E+06    0.6323E+06    0.4950E+07     0.000    


 => Conventional Rietveld Rp,Rwp,Re and Chi2:   115.      280.      7.53      1380.    
 => (Values obtained using Ynet, but true sigma(y))
 =>  SumYnet, Sum(w Ynet**2):     0.6323E+06    0.6323E+06

 => N-sigma of the GoF:    58403.277

 => Global user-weigthed Chi2 (Bragg contrib.):  0.138E+04

 => ---------> Pattern#  1
 => Phase:  1
 =>    Bragg R-factor:  84.8    
 =>    RF-factor     :  55.6    


   Standard deviations have to be multiplied by: 3.8442
   (correlated residuals) See references:
  -J.F.Berar & P.Lelann, J. Appl. Cryst. 24, 1-5 (1991) 
  -J.F.Berar, Acc. in Pow. Diff. II,NIST Sp.Pub. 846, 63(1992) 

 ++++++++++++++++++++++++++++++++++++++++++++++++++++++++++++++++++++++++++++++++++++++++++++++++++++++++++++++++++++++++

 => CYCLE No.:    1
 =>  Convergence reached at this CYCLE !!!!
 =>  Parameter shifts set to zero
 ---------------------------------------------------------------------------------------
 => Phase  1 Name: Refinements of Structures Containing Bonds between Si, P, S or Cl and 
 ---------------------------------------------------------------------------------------
 => New parameters, shifts, and standard deviations

 Atom        x       dx      sx       y       dy      sy       z       dz      sz       B       dB      sB      occ.    docc.   socc.

 O2       0.36280 0.00000 0.00000  0.15470 0.00000 0.00000  0.25000 0.00000 0.00000  0.00000 0.00000 0.00000  0.50000 0.00000 0.00000
 O1       0.28090 0.00000 0.00000  0.50350 0.00000 0.00000  0.25000 0.00000 0.00000  0.00000 0.00000 0.00000  0.50000 0.00000 0.00000
 P1       0.24110 0.00000 0.00000  0.29180 0.00000 0.00000  0.25000 0.00000 0.00000  0.00000 0.00000 0.00000  0.50000 0.00000 0.00000
 O4       0.13780 0.00000 0.00000  0.28330 0.00000 0.00000 -0.00080 0.00000 0.00000  0.00000 0.00000 0.00000  1.00000 0.00000 0.00000
 P2       0.40110 0.00000 0.00000  0.65670 0.00000 0.00000  0.25000 0.00000 0.00000  0.00000 0.00000 0.00000  0.50000 0.00000 0.00000
 O3       0.55300 0.00000 0.00000  0.58900 0.00000 0.00000  0.25000 0.00000 0.00000  0.00000 0.00000 0.00000  0.50000 0.00000 0.00000

 ==> PROFILE PARAMETERS FOR PATTERN#  1

 => Overall scale factor:      0.001000000     0.000000000     0.000000000
 => Eta(p-Voigt) or m(Pearson VII):   0.000000  0.000000  0.000000
 => Overall tem. factor:     0.000000    0.000000    0.000000
 => Halfwidth parameters: 
         0.004133    0.000000    0.000000
        -0.007618    0.000000    0.000000
         0.006255    0.000000    0.000000
 => Cell parameters: 
        9.230000    0.000000    0.000000
        7.180000    0.000000    0.000000
        4.940000    0.000000    0.000000
       90.000000    0.000000    0.000000
       90.000000    0.000000    0.000000
       90.000000    0.000000    0.000000
 => Preferred orientation: 
         0.000000    0.000000    0.000000
         0.000000    0.000000    0.000000
 => Asymmetry parameters: 
         0.000000    0.000000    0.000000
         0.000000    0.000000    0.000000
         0.000000    0.000000    0.000000
         0.000000    0.000000    0.000000
 => X and Y parameters: 
         0.018961    0.000000    0.000000
         0.000000    0.000000    0.000000
 => Strain parameters: 
         0.000000    0.000000    0.000000
         0.000000    0.000000    0.000000
         0.000000    0.000000    0.000000
 => Size   parameters (G,L): 
         0.000000    0.000000    0.000000
         0.000000    0.000000    0.000000
 => Further shape parameters (S_L and D_L): 
       0.000000  0.000000  0.000000
       0.000000  0.000000  0.000000

 ==> GLOBAL PARAMETERS FOR PATTERN#  1


 => Zero-point:     0.0000    0.0000    0.0000
 => Background Polynomial Parameters ==>
       0.0000      0.0000      0.0000    
       0.0000      0.0000      0.0000    
       0.0000      0.0000      0.0000    
       0.0000      0.0000      0.0000    
       0.0000      0.0000      0.0000    
       0.0000      0.0000      0.0000    

 => Cos( theta)-shift parameter :   0.0000  0.0000  0.0000
 => Sin(2theta)-shift parameter :   0.0000  0.0000  0.0000

 ==> RELIABILITY FACTORS WITH ALL NON-EXCLUDED POINTS FOR PATTERN:  1

 => R-Factors:   113.      260.     Chi2: 0.107E+04 DW-Stat.:  0.1331   Patt#:  1
 => Expected :            7.96                                1.9099
 => Deviance : 0.347E+07     Dev*:   0.000    
 => GoF-index:  33.         Sqrt(Residual/N)
 => N-P+C:  4751

 =>    SumYdif       SumYobs      SumYcal      SumwYobsSQ     Residual    Condition
     0.8470E+06    0.7500E+06    0.3736E+06    0.7499E+06    0.5067E+07     0.000    


 => Conventional Rietveld Rp,Rwp,Re and Chi2:   113.      260.      7.96      1067.    
 => (Values obtained using Ynet, but true sigma(y))
 =>  SumYnet, Sum(w Ynet**2):     0.7500E+06    0.7499E+06

 => N-sigma of the GoF:    51934.680

 ==> RELIABILITY FACTORS FOR POINTS WITH BRAGG CONTRIBUTIONS FOR PATTERN:  1

 => R-Factors:   115.      280.     Chi2: 0.138E+04 DW-Stat.:  0.1362   Patt#:
 => Expected :            7.53                                1.8963
 => Deviance : 0.347E+07     Dev*:         NaN
 => GoF-index:  37.         Sqrt(Residual/N)
 => N-P+C:  3586

 =>    SumYdif       SumYobs      SumYcal      SumwYobsSQ     Residual    Condition
     0.7293E+06    0.6323E+06    0.3736E+06    0.6323E+06    0.4950E+07     0.000    


 => Conventional Rietveld Rp,Rwp,Re and Chi2:   115.      280.      7.53      1380.    
 => (Values obtained using Ynet, but true sigma(y))
 =>  SumYnet, Sum(w Ynet**2):     0.6323E+06    0.6323E+06

 => N-sigma of the GoF:    58403.277

 => Global user-weigthed Chi2 (Bragg contrib.):  0.141E+04

 => ---------> Pattern#  1
 => Phase:  1
 =>    Bragg R-factor:  84.8    
 =>    RF-factor     :  55.6    

 --------------------------------------------------------------------------------------------------------------
 Pattern#  1 Phase No.:   1 Phase name: Refinements of Structures Cont
 --------------------------------------------------------------------------------------------------------------

   No.  Code     H   K   L  Mult     Hw         2theta      Icalc       Iobs      Sigma      HwG     HwL       ETA       d-hkl        CORR

      1   1      1   1   0     4  0.074111      15.623      241.5       59.0      0.911  0.072716  0.002601  0.047365  5.667218    201.503143
      2   1      2   0   0     2  0.073021      19.216      184.5       85.8      1.145  0.071301  0.003210  0.059134  4.615000     65.947861
      3   1      0   1   1     4  0.072244      21.820       20.1       80.4      1.083  0.070286  0.003655  0.067900  4.069775    101.451202
      4   1      2   1   0     4  0.071928      22.888      409.1      106.1      1.233  0.069873  0.003838  0.071556  3.882214     91.867294
      5   1      1   1   1     8  0.071638      23.876      220.2       66.7      0.930  0.069492  0.004009  0.074967  3.723849    168.260406
      6   1      0   2   0     2  0.071374      24.780      258.1       92.2      1.103  0.069144  0.004165  0.078117  3.590000     38.922302
      7   1      2   0   1     4  0.070903      26.407      243.2       91.7      1.163  0.068522  0.004448  0.083855  3.372344     68.120613
      8   1      1   2   0     4  0.070842      26.620        0.4       14.4      0.382  0.068440  0.004486  0.084612  3.345829     66.978142
      9   1      2   1   1     8  0.070096      29.233      532.5      171.6      1.511  0.067449  0.004945  0.094030  3.052420    109.897270
     10   1      2   2   0     4  0.069447      31.547       34.6      196.1      1.753  0.066580  0.005356  0.102566  2.833609     46.711647
     11   1      3   1   0     4  0.069429      31.612        7.6       26.0      0.253  0.066556  0.005368  0.102807  2.827971     46.507721
     12   1      1   2   1     8  0.069241      32.288      428.5      205.4      1.801  0.066303  0.005489  0.105340  2.770236     88.887535
     13   1      0   0   2     2  0.068139      36.342      196.2       90.9      1.216  0.064806  0.006223  0.120870  2.470000     17.211838
     14   1      2   2   1     8  0.068090      36.526       20.2       11.3      0.262  0.064739  0.006257  0.121591  2.457954     68.093536
     15   1      3   1   1     8  0.068074      36.583       60.3       36.0      0.607  0.064718  0.006268  0.121813  2.454271     67.863861
     16   1      3   2   0     4  0.067567      38.504       51.0       99.3      1.266  0.064020  0.006622  0.129406  2.336133     30.345163
     17   1      1   3   0     4  0.067479      38.840        0.1        3.4      0.116  0.063898  0.006685  0.130747  2.316716     29.773777
     18   1      4   0   0     2  0.067437      39.001       16.5       42.1      0.715  0.063840  0.006715  0.131393  2.307500     14.752169
     19   1      1   1   2     8  0.067236      39.776       76.0      108.5      1.244  0.063561  0.006859  0.134513  2.264287     56.513023
     20   1      4   1   0     4  0.066909      41.052        1.3      100.9      1.303  0.063104  0.007099  0.139696  2.196838     26.360006
     21   1      2   0   2     4  0.066813      41.429       17.7       52.9      0.893  0.062970  0.007170  0.141241  2.177711     25.833632
     22   1      0   3   1     4  0.066692      41.909       69.1       54.6      0.864  0.062800  0.007261  0.143216  2.153866     25.184492
     23   1      2   3   0     4  0.066540      42.514       49.4       42.6      0.781  0.062585  0.007376  0.145716  2.124623     24.399189
     24   1      3   2   1     8  0.066473      42.783       19.9       23.0      0.593  0.062491  0.007427  0.146832  2.111891     48.121998
     25   1      1   3   1     8  0.066396      43.090       10.6       23.2      0.609  0.062382  0.007486  0.148114  2.097513     47.363724
     26   1      4   0   1     4  0.066359      43.239        1.2        5.4      0.183  0.062330  0.007515  0.148733  2.090666     23.502293
     27   1      2   1   2     8  0.066323      43.385       32.3       52.8      0.850  0.062279  0.007543  0.149343  2.083965     46.654449
     28   1      0   2   2     4  0.066052      44.486        1.7       77.7      1.151  0.061893  0.007754  0.153973  2.034887     22.064217
     29   1      4   1   1     8  0.065896      45.131       81.9      101.6      1.237  0.061669  0.007879  0.156706  2.007302     42.738621
     30   1      1   2   2     8  0.065780      45.614       20.3       73.2      0.955  0.061501  0.007973  0.158764  1.987167     41.737904
     31   1      2   3   1     8  0.065571      46.489        4.0       51.2      0.824  0.061200  0.008144  0.162518  1.951765     40.006569
     32   1      4   2   0     4  0.065507      46.760       23.4       71.8      1.016  0.061107  0.008197  0.163684  1.941107     19.746223
     33   1      3   3   0     4  0.065188      48.128       27.9      104.1      1.283  0.060640  0.008467  0.169627  1.889073     18.514936
     34   1      2   2   2     8  0.065017      48.875        5.5       71.9      0.950  0.060388  0.008616  0.172905  1.861925     35.776649
     35   1      3   1   2     8  0.065007      48.920        0.5        8.3      0.143  0.060373  0.008625  0.173103  1.860322     35.703358
     36   1      4   2   1     8  0.064659      50.474       37.8      205.2      1.864  0.059854  0.008937  0.179992  1.806639     33.292454
     37   1      0   4   0     2  0.064582      50.824        0.8       34.7      0.647  0.059738  0.009008  0.181559  1.795000      8.195297
     38   1      5   1   0     4  0.064534      51.042        0.2       25.6      0.557  0.059666  0.009052  0.182535  1.787855     16.234694
     39   1      3   3   1     8  0.064377      51.768        5.1       82.4      1.017  0.059427  0.009200  0.185805  1.764462     31.459457
     40   1      1   4   0     4  0.064360      51.846        9.1       85.4      0.976  0.059402  0.009216  0.186158  1.761990     15.676842
     41   1      3   2   2     8  0.063914      53.981       74.9       86.5      1.240  0.058712  0.009657  0.195891  1.697248     28.652210
     42   1      1   3   2     8  0.063861      54.240       21.7       21.4      0.557  0.058630  0.009711  0.197083  1.689758     28.348223
     43   1      4   0   2     4  0.063836      54.364       20.4       18.1      0.442  0.058590  0.009737  0.197659  1.686172     14.101649
     44   1      5   1   1     8  0.063800      54.541        5.1       11.9      0.329  0.058534  0.009774  0.198473  1.681142     28.000755
     45   1      2   4   0     4  0.063742      54.831       35.3       46.6      0.793  0.058443  0.009835  0.199818  1.672914     13.835575
     46   1      4   3   0     4  0.063659      55.252        0.1        2.0      0.061  0.058310  0.009924  0.201771  1.661164     13.602130
     47   1      1   4   1     8  0.063647      55.309        7.8       45.6      0.774  0.058292  0.009936  0.202037  1.659584     27.141790
     48   1      5   2   0     4  0.063520      55.965       13.2       54.4      0.723  0.058087  0.010074  0.205095  1.641678     13.219947
     49   1      4   1   2     8  0.063518      55.971        6.6       26.6      0.352  0.058086  0.010076  0.205123  1.641514     26.433495
     50   1      2   3   2     8  0.063297      57.138        6.4      122.4      1.469  0.057726  0.010325  0.210605  1.610721     25.251364
     51   1      0   1   3     4  0.063256      57.361        1.1       23.4      0.493  0.057658  0.010372  0.211656  1.604998     12.517578
     52   1      2   4   1     8  0.063108      58.173       14.2       80.5      1.149  0.057413  0.010548  0.215502  1.584522     24.270685
     53   1      1   1   3     8  0.063085      58.304       14.5       35.4      0.583  0.057373  0.010576  0.216126  1.581270     24.150570
     54   1      4   3   1     8  0.063036      58.578       16.8       36.6      0.692  0.057291  0.010636  0.217430  1.574527     23.902744
     55   1      5   2   1     8  0.062916      59.265       25.8       64.5      0.982  0.057087  0.010786  0.220713  1.557904     23.298464
     56   1      2   0   3     4  0.062865      59.559       18.2       14.4      0.286  0.057001  0.010850  0.222125  1.550900     11.523369
     57   1      3   4   0     4  0.062862      59.580       38.5       27.8      0.506  0.056995  0.010855  0.222222  1.550422     11.514819
     58   1      6   0   0     2  0.062775      60.096       15.4       41.7      0.753  0.056844  0.010968  0.224704  1.538333      5.649868
     59   1      4   2   2     8  0.062688      60.623       16.0       53.3      0.891  0.056692  0.011085  0.227248  1.526210     22.173330
     60   1      2   1   3     8  0.062614      61.078       53.8       72.2      1.040  0.056561  0.011186  0.229447  1.515938     21.816410

   No.  Code     H   K   L  Mult     Hw         2theta      Icalc       Iobs      Sigma      HwG     HwL       ETA       d-hkl        CORR

     61   1      6   1   0     4  0.062531      61.606        7.5       53.1      0.846  0.056412  0.011304  0.232012  1.504196     10.706565
     62   1      3   3   2     8  0.062505      61.773        0.0        0.3      0.004  0.056365  0.011342  0.232826  1.500527     21.288145
     63   1      3   4   1     8  0.062356      62.760       13.6       47.2      0.795  0.056090  0.011565  0.237644  1.479277     20.574226
     64   1      1   2   3     8  0.062344      62.848       46.5       66.2      1.152  0.056066  0.011585  0.238072  1.477430     20.512995
     65   1      6   0   1     4  0.062284      63.261       18.3       32.5      0.706  0.055953  0.011679  0.240099  1.468766     10.113704
     66   1      5   3   0     4  0.062236      63.602       15.7       34.7      0.714  0.055861  0.011757  0.241774  1.461714      9.998549
     67   1      0   4   2     4  0.062170      64.075        9.5       42.9      0.782  0.055734  0.011865  0.244102  1.452062      9.842502
     68   1      5   1   2     8  0.062145      64.263        1.7       14.0      0.235  0.055684  0.011909  0.245028  1.448272     19.563440
     69   1      6   1   1     8  0.062083      64.729        0.0       11.0      0.334  0.055561  0.012016  0.247329  1.438967     19.267393
     70   1      1   4   2     8  0.062053      64.959        2.2       54.3      0.878  0.055501  0.012070  0.248469  1.434420     19.124004
     71   1      2   2   3     8  0.061984      65.508        2.8       28.8      0.511  0.055360  0.012198  0.251189  1.423725     18.789978
     72   1      3   1   3     8  0.061980      65.545        5.3       39.4      0.640  0.055350  0.012207  0.251373  1.423009     18.767754
     73   1      1   5   0     4  0.061954      65.757        4.9       17.3      0.393  0.055296  0.012256  0.252426  1.418930      9.320853
     74   1      4   4   0     4  0.061941      65.868       10.9       26.3      0.567  0.055268  0.012282  0.252979  1.416804      9.288143
     75   1      6   2   0     4  0.061923      66.016        2.2        9.7      0.236  0.055230  0.012317  0.253715  1.413985      9.244905
     76   1      5   3   1     8  0.061847      66.673       12.9       74.8      1.040  0.055066  0.012472  0.256985  1.401643     18.115080
     77   1      2   4   2     8  0.061750      67.575       25.7       83.7      1.180  0.054846  0.012687  0.261486  1.385118     17.623419
     78   1      0   5   1     4  0.061715      67.919        3.7       17.6      0.423  0.054764  0.012770  0.263212  1.378922      8.721044
     79   1      4   3   2     8  0.061712      67.947        2.1       12.0      0.314  0.054757  0.012777  0.263351  1.378427     17.427662
     80   1      2   5   0     4  0.061672      68.357        0.2        7.6      0.230  0.054660  0.012876  0.265404  1.371156      8.608579
     81   1      5   2   2     8  0.061651      68.581       39.3       58.1      0.918  0.054608  0.012930  0.266525  1.367232     17.104536
     82   1      1   5   1     8  0.061633      68.778       44.0       29.6      0.525  0.054563  0.012978  0.267515  1.363787     17.006201
     83   1      4   4   1     8  0.061623      68.887        1.3        4.5      0.162  0.054538  0.013004  0.268061  1.361899     16.952553
     84   1      6   2   1     8  0.061610      69.032       12.8       19.1      0.462  0.054505  0.013039  0.268788  1.359395     16.881617
     85   1      0   3   3     4  0.061596      69.195       13.7       31.5      0.557  0.054468  0.013079  0.269606  1.356591      8.401278
     86   1      3   2   3     8  0.061544      69.823        4.1       47.9      0.835  0.054327  0.013233  0.272763  1.345916     16.504738
     87   1      1   3   3     8  0.061527      70.046        5.6       48.8      0.711  0.054278  0.013288  0.273886  1.342172     16.401525
     88   1      4   0   3     4  0.061518      70.154        0.0        1.2      0.037  0.054254  0.013315  0.274428  1.340373      8.176079
     89   1      2   5   1     8  0.061438      71.325        0.1       32.3      0.741  0.054006  0.013606  0.280327  1.321206     15.835738
     90   1      4   1   3     8  0.061424      71.550       23.8     1345.9     55.299  0.053960  0.013663  0.281458  1.317610     15.740804
     91   1      3   4   2     8  0.061408      71.830       83.3       46.9      0.757  0.053903  0.013733  0.282870  1.313159     15.624158
     92   1      6   0   2     4  0.061384      72.299       41.1       42.0      0.775  0.053810  0.013852  0.285234  1.305789      7.716609
     93   1      2   3   3     8  0.061371      72.574        1.8        7.7      0.212  0.053756  0.013922  0.286617  1.301525     15.323966
     94   1      3   5   0     4  0.061370      72.592        0.8        5.2      0.153  0.053753  0.013926  0.286709  1.301243      7.658383
     95   1      7   1   0     4  0.061358      72.875        9.2       42.8      0.735  0.053698  0.013998  0.288136  1.296884      7.603047
     96   1      6   3   0     4  0.061350      73.059        0.0        0.1      0.002  0.053664  0.014046  0.289063  1.294071      7.567603
     97   1      5   4   0     4  0.061333      73.532        0.4       17.7      0.446  0.053576  0.014167  0.291446  1.286909      7.478257
     98   1      6   1   2     8  0.061328      73.679        6.4       62.4      0.872  0.053549  0.014205  0.292182  1.284716     14.902341
     99   1      3   5   1     8  0.061295      75.490        8.9       28.0      0.502  0.053240  0.014679  0.301290  1.258321     14.270413
    100   1      5   3   2     8  0.061295      75.517       32.5       81.8      1.466  0.053236  0.014686  0.301423  1.257945     14.261680
    101   1      4   2   3     8  0.061294      75.675        9.5       14.4      0.364  0.053210  0.014728  0.302217  1.255705     14.209863
    102   1      7   1   1     8  0.061294      75.769       14.5       15.2      0.371  0.053196  0.014753  0.302690  1.254378     14.179297
    103   1      6   3   1     8  0.061294      75.951       14.6       19.6      0.410  0.053168  0.014801  0.303599  1.251832     14.120950
    104   1      5   4   1     8  0.061297      76.417        4.5       36.2      0.731  0.053097  0.014925  0.305935  1.245345     13.973924
    105   1      3   3   3     8  0.061300      76.713        1.5       17.4      0.456  0.053054  0.015005  0.307412  1.241283     13.883094
    106   1      7   2   0     4  0.061304      76.974        3.0       19.3      0.446  0.053017  0.015075  0.308714  1.237726      6.902176
    107   1      0   0   4     2  0.061308      77.175       51.0       56.3      0.888  0.052989  0.015130  0.309718  1.235000      3.436130
    108   1      1   5   2     8  0.061316      77.520        0.8        3.4      0.125  0.052942  0.015223  0.311437  1.230363     13.643775
    109   1      4   4   2     8  0.061319      77.624       52.8       34.0      0.692  0.052928  0.015252  0.311954  1.228977     13.613895
    110   1      6   2   2     8  0.061323      77.762       18.1       21.1      0.488  0.052910  0.015289  0.312642  1.227136     13.574398
    111   1      4   5   0     4  0.061345      78.365        6.9       53.9      0.866  0.052835  0.015455  0.315636  1.219193      6.703210
    112   1      5   1   3     8  0.061373      78.982        1.6       46.3      0.823  0.052763  0.015625  0.318687  1.211212     13.241627
    113   1      1   1   4     8  0.061393      79.337        4.0       41.1      0.744  0.052724  0.015724  0.320438  1.206680     13.149869
    114   1      1   4   3     8  0.061410      79.622        3.2       24.4      0.523  0.052694  0.015804  0.321840  1.203074     13.077807
    115   1      7   2   1     8  0.061423      79.818        2.2       16.7      0.431  0.052675  0.015859  0.322802  1.200614     13.029146
    116   1      2   5   2     8  0.061433      79.961       11.3       29.3      0.621  0.052661  0.015899  0.323504  1.198825     12.994004
    117   1      0   6   0     2  0.061445      80.135        3.3       14.8      0.398  0.052644  0.015948  0.324354  1.196667      3.237971
    118   1      2   0   4     4  0.061467      80.430        4.9       32.9      0.652  0.052617  0.016032  0.325795  1.193021      6.440737
    119   1      1   6   0     4  0.061510      80.944       19.3       66.5      0.982  0.052573  0.016178  0.328301  1.186734      6.381096
    120   1      4   5   1     8  0.061533      81.197        0.6        3.7      0.062  0.052553  0.016251  0.329529  1.183676     12.705162

   No.  Code     H   K   L  Mult     Hw         2theta      Icalc       Iobs      Sigma      HwG     HwL       ETA       d-hkl        CORR

    121   1      2   1   4     8  0.061589      81.765       16.4       72.1      1.044  0.052512  0.016414  0.332276  1.176885     12.580888
    122   1      2   4   3     8  0.061619      82.048        5.8       23.0      0.456  0.052494  0.016496  0.333640  1.173539     12.520871
    123   1      4   3   3     8  0.061659      82.396        5.8       24.8      0.576  0.052473  0.016598  0.335311  1.169461     12.448844
    124   1      6   4   0     4  0.061673      82.516        0.2        0.5      0.013  0.052467  0.016633  0.335885  1.168066      6.212245
    125   1      0   2   4     4  0.061675      82.536       13.3       32.5      0.665  0.052465  0.016639  0.335983  1.167829      6.210181
    126   1      5   2   3     8  0.061732      82.989        9.8       43.4      0.798  0.052443  0.016772  0.338144  1.162601     12.330482
    127   1      1   2   4     8  0.061779      83.340        0.0        0.2      0.004  0.052428  0.016876  0.339813  1.158592     12.262960
    128   1      2   6   0     4  0.061782      83.361        0.7       17.7      0.454  0.052427  0.016882  0.339910  1.158358      6.129531
    129   1      7   3   0     4  0.061825      83.667        1.5       17.2      0.403  0.052417  0.016973  0.341358  1.154897      6.100916
    130   1      1   6   1     8  0.061837      83.755        1.9        8.4      0.150  0.052414  0.016999  0.341774  1.153905     12.185610
    131   1      8   0   0     2  0.061840      83.769        8.2       35.3      0.607  0.052413  0.017003  0.341839  1.153750      3.045769
    132   1      3   5   2     8  0.061873      83.992        6.8       22.2      0.430  0.052407  0.017070  0.342889  1.151255     12.142635
    133   1      7   1   2     8  0.061915      84.264        5.7       21.3      0.446  0.052400  0.017152  0.344164  1.148232     12.094319
    134   1      6   3   2     8  0.061943      84.441       13.0       31.5      0.642  0.052397  0.017205  0.344990  1.146279     12.063489
    135   1      5   4   2     8  0.062019      84.896       17.3       38.8      0.764  0.052391  0.017343  0.347109  1.141292     11.986184
    136   1      8   1   0     4  0.062054      85.094        6.0       18.1      0.458  0.052389  0.017403  0.348029  1.139137      5.976704
    137   1      6   4   1     8  0.062094      85.318       10.6       28.2      0.572  0.052389  0.017472  0.349062  1.136722     11.917159
    138   1      5   5   0     4  0.062150      85.624        0.1        0.8      0.026  0.052390  0.017565  0.350468  1.133444      5.934369
    139   1      2   2   4     8  0.062174      85.746        4.4       29.1      0.623  0.052391  0.017603  0.351028  1.132143     11.849792
    140   1      3   1   4     8  0.062180      85.780        0.3        2.7      0.079  0.052391  0.017613  0.351183  1.131783     11.844563
    141   1      3   4   3     8  0.062236      86.061        5.2       16.8      0.389  0.052395  0.017700  0.352466  1.128806     11.801829
    142   1      2   6   1     8  0.062255      86.159       25.2       40.3      0.722  0.052396  0.017731  0.352914  1.127769     11.787126
    143   1      7   3   1     8  0.062318      86.464       21.2       21.2      0.389  0.052402  0.017825  0.354297  1.124574     11.742426
    144   1      6   0   3     4  0.062327      86.508        7.3       11.1      0.250  0.052404  0.017839  0.354496  1.124115      5.868040
    145   1      8   0   1     4  0.062340      86.565        3.7       13.4      0.344  0.052405  0.017857  0.354756  1.123515      5.863906
    146   1      3   6   0     4  0.062518      87.365        0.2       42.1      0.823  0.052433  0.018109  0.358342  1.115276      5.808815
    147   1      6   1   3     8  0.062628      87.828        0.0        0.0      0.001  0.052456  0.018256  0.360393  1.110586     11.557735
    148   1      8   1   1     8  0.062642      87.886       11.4       91.4      1.206  0.052459  0.018274  0.360647  1.110007     11.550489
    149   1      7   2   2     8  0.062729      88.230        6.1       20.9      0.481  0.052480  0.018384  0.362156  1.106567     11.508089
    150   1      5   5   1     8  0.062776      88.414       23.0       41.0      0.714  0.052492  0.018443  0.362960  1.104738     11.486025
    151   1      8   2   0     4  0.062950      89.057       13.2       57.5      0.930  0.052541  0.018651  0.365742  1.098419      5.706177
    152   1      4   5   2     8  0.063102      89.590        6.0       20.1      0.396  0.052589  0.018826  0.368016  1.093263     11.355272
    153   1      5   3   3     8  0.063105      89.601        6.0       18.8      0.364  0.052590  0.018829  0.368064  1.093154     11.354095
    154   1      3   2   4     8  0.063147      89.740       12.0       32.5      0.653  0.052604  0.018875  0.368653  1.091821     11.339801
    155   1      1   3   4     8  0.063210      89.950        0.5        4.1      0.126  0.052625  0.018944  0.369538  1.089820     11.318696
    156   1      4   0   4     4  0.063241      90.051        1.2       11.9      0.225  0.052636  0.018978  0.369964  1.088856      5.654342
    157   1      3   6   1     8  0.063272      90.152        0.0        0.0      0.001  0.052647  0.019011  0.370388  1.087896     11.298820
    158   1      0   5   3     4  0.063463      90.751        2.5       74.1      1.087  0.052719  0.019211  0.372874  1.082273      5.621514
    159   1      0   6   2     4  0.063657      91.328       10.2       54.7      0.861  0.052796  0.019406  0.375235  1.076933      5.596661
    160   1      4   1   4     8  0.063671      91.370        0.0        0.1      0.002  0.052802  0.019420  0.375406  1.076547     11.189853
    161   1      1   5   3     8  0.063734      91.549       21.2       40.5      0.693  0.052829  0.019481  0.376129  1.074909     11.175328
    162   1      4   4   3     8  0.063770      91.650        0.7        3.0      0.092  0.052844  0.019515  0.376538  1.073984     11.167270
    163   1      6   2   3     8  0.063818      91.786        5.8       15.7      0.393  0.052865  0.019561  0.377081  1.072754     11.156710
    164   1      8   2   1     8  0.063839      91.843        2.3        5.3      0.107  0.052874  0.019581  0.377311  1.072233     11.152287
    165   1      1   6   2     8  0.063942      92.126        5.2       21.9      0.445  0.052919  0.019678  0.378439  1.069677     11.131066
    166   1      2   3   4     8  0.064024      92.345        5.2       31.5      0.614  0.052956  0.019753  0.379301  1.067720     11.115355
    167   1      7   4   0     4  0.064243      92.913        0.7       17.4      0.359  0.053057  0.019950  0.381523  1.062670      5.538488
    168   1      4   6   0     4  0.064260      92.954        2.0       41.4      0.681  0.053065  0.019965  0.381681  1.062311      5.537185
    169   1      6   4   2     8  0.064558      93.684        0.6       63.8      0.964  0.053210  0.020221  0.384471  1.055945     11.030864
    170   1      2   5   3     8  0.064670      93.946        0.0        6.3      0.154  0.053266  0.020314  0.385457  1.053686     11.016697
    171   1      6   5   0     4  0.064874      94.411        0.0        7.8      0.213  0.053371  0.020480  0.387183  1.049720      5.496733
    172   1      2   6   2     8  0.064925      94.525        1.3       68.2      0.957  0.053397  0.020521  0.387601  1.048757     10.988151
    173   1      7   3   2     8  0.065064      94.830        0.8       25.3      0.431  0.053471  0.020631  0.388714  1.046186     10.974586
    174   1      8   0   2     4  0.065111      94.932        1.5       41.0      0.729  0.053496  0.020668  0.389082  1.045333      5.485144
    175   1      4   2   4     8  0.065301      95.334        2.0       42.9      0.756  0.053598  0.020814  0.390525  1.041983     10.954409
    176   1      8   3   0     4  0.065459      95.660        0.9       13.7      0.263  0.053685  0.020933  0.391678  1.039292      5.471414
    177   1      7   4   1     8  0.065482      95.708        0.2        2.2      0.046  0.053698  0.020951  0.391844  1.038905     10.941245
    178   1      4   6   1     8  0.065503      95.748        2.8       33.8      0.632  0.053709  0.020966  0.391987  1.038569     10.939896
    179   1      8   1   2     8  0.065759      96.257       31.0       59.7      0.862  0.053853  0.021154  0.393750  1.034427     10.924601
    180   1      3   3   4     8  0.065805      96.347        4.0       16.7      0.397  0.053880  0.021187  0.394059  1.033698     10.922174

   No.  Code     H   K   L  Mult     Hw         2theta      Icalc       Iobs      Sigma      HwG     HwL       ETA       d-hkl        CORR

    181   1      5   5   2     8  0.066037      96.788        1.2       23.2      0.520  0.054013  0.021352  0.395551  1.030159     10.911571
    182   1      6   5   1     8  0.066267      97.212       11.3       73.3      0.994  0.054147  0.021512  0.396959  1.026794     10.903313
    183   1      3   5   3     8  0.066689      97.959        5.3       51.4      0.854  0.054400  0.021796  0.399377  1.020948     10.893331
    184   1      1   7   0     4  0.066803      98.154        2.8       19.5      0.446  0.054469  0.021872  0.399995  1.019439      5.445837
    185   1      7   1   3     8  0.066848      98.232        8.4       27.7      0.512  0.054497  0.021902  0.400240  1.018839     10.891127
    186   1      6   3   3     8  0.066954      98.410        8.6       23.4      0.542  0.054562  0.021970  0.400796  1.017473     10.890106
    187   1      0   4   4     4  0.066956      98.414        0.1        0.2      0.005  0.054563  0.021972  0.400808  1.017444      5.445045
    188   1      8   3   1     8  0.066989      98.468        0.8        2.6      0.076  0.054583  0.021993  0.400976  1.017028     10.889845
    189   1      3   6   2     8  0.067034      98.542        7.2       18.0      0.371  0.054610  0.022022  0.401206  1.016462     10.889559
    190   1      5   1   4     8  0.067059      98.585        0.5        2.2      0.059  0.054626  0.022038  0.401337  1.016137     10.889421
    191   1      9   1   0     4  0.067130      98.701        0.4        3.4      0.100  0.054670  0.022084  0.401695  1.015251      5.444570
    192   1      5   4   3     8  0.067233      98.868        2.7       15.2      0.279  0.054734  0.022149  0.402206  1.013981     10.888974
    193   1      1   4   4     8  0.067453      99.221        3.1       46.2      0.694  0.054872  0.022288  0.403270  1.011318     10.889567

     -----------------------------------------------------
     BRAGG R-Factors and weight fractions for Pattern #  1
     -----------------------------------------------------

 => Phase:  1     Refinements of Structures Containing Bonds between Si, P, S or Cl and O
 => Bragg R-factor:   84.7       Vol:  327.381( 0.000)  Fract(%):  100.00( 0.00)
 => Rf-factor=  55.4             ATZ:         567.778   Brindley:  1.0000

     -----------------------------------------------------------------
      SYMBOLIC NAMES AND FINAL VALUES AND SIGMA OF REFINED PARAMETERS:
     -----------------------------------------------------------------


 ------------------------------------------------------------------
 => Number of bytes for floating point variables: 4
 => Dimensions of dynamic allocated arrays in this run of FullProf:
 ------------------------------------------------------------------

 => Total approximate array memory (dynamic + static): 128415065 bytes

    MaxPOINT=    60000 Max.num. of points(+int. Inten.)/diffraction pattern       
    MaxREFLT=    20000 Max.num. of reflections/diffraction pattern               
    MaxPARAM=      300 Max.num. of refinable parameters                          
    MaxOVERL=    18096 Max.num. of overlapping reflections                       

 ----------------------------------------------------------
 => Number of bytes for floating point arrays: 4
 => Dimensions of fixed arrays in this release of FullProf:
 ----------------------------------------------------------

    NPATT   =       80 Max.num. of powder diffraction patterns                    
    NATS    =      830 Max.num. of atoms (all kind) in asymmetric unit            
    MPAR    =     1800 Max.num. of non atomic parameters/phase                    
    IEXCL   =       30 Max.num. of excluded regions                               
    IBACP   =      377 Max.num. of background points for interpolation            
    NPHT    =       16 Max.num. of phases                                         
    NMAGM   =        8 Max.num. of rotation-matrices sets for magnetic structure  
    NBASIS  =       12 Max.num. of basis functions associated to a single atom    
    NIREPS  =        9 Max.num. of irreducible representations to be combined     
    N_EQ    =      384 Max.num. of user-supplied symmetry operators/propagation vectors
    NGL     =      400 Max.num. of global parameters/diffraction pattern          
    N_LINC  =       30 Max.num. of global linear restraints                        
    NAT_P   =       68 Max.num. of atomic parameters per atom                     
    NCONST  =      500 Max.num. of slack constraints per phase                    
    N_SPE   =       30 Max.num. of different chemical species                     
    N_FORM  =       60 Max.num. of scattering factor values in a table            
    NPR     =      150 Max.num. of points defining a numerical profile            
    INPR    =       25 Max.num. of different numerical peak shapes                
    NPRC    =      150 Max.num. of terms in the table for correcting intensities  
    NSOL    =       10 Max.num. of solutions to be stored in Montecarlo searchs   

 
              CPU Time:     1.398 seconds
                            0.023 minutes

 => Run finished at:     Date: 05/08/2023  Time: 08:44:22.639                              
