

        **********************************************************
        ** PROGRAM FullProf.2k (Version 7.20 - Oct2019-ILL JRC) **
        **********************************************************
                       M U L T I -- P A T T E R N                 
            Rietveld, Profile Matching & Integrated Intensity     
                 Refinement of X-ray and/or Neutron Data


    Date: 05/08/2023  Time: 08:59:51.197                              

 => PCR file code: t2
 => DAT file code: 230804_Cu3P_geom.dat -> Relative contribution: 1.0000                                                            

 ==> CONDITIONS OF THIS RUN FOR PATTERN No.:  1

 => Global Refinement of X-ray powder diffraction data                                                                              
 => Global Refinement of X-ray powder diffraction data                                                                              
    Bragg-Brentano(X-rays) or Debye-Scherrer geometry(Neutrons)
 => Title: Structural refinement of low-temperature copper(II) pyrophosphate

 => Number of phases:    1
 => Number of excluded regions:    0
 => Number of scattering factors supplied:    0
 => Conventional weights: w=1.0/Variance(yobs)
 => Asymmetry correction as in J.Appl.Cryst. 26,128(1993)
 => Background refined by polynomial function
 => The    7th default profile function was selected
 => T-C-H Pseudo-Voigt function 
    This function is convoluted with asymmetry due to axial 
    divergence as formulated by: 
    van Laar and Yelon, J. Appl. Cryst. 17, 47(1984).
    and using the method of:
    Finger, Cox and Jephcoat, J. Appl. Cryst. 27, 892 (1994).
    Fortran 90 module adapted from function PROFVAL (in F77) : 
    L.W. Finger, J. Appl. Cryst. 31, 111 (1998).


 ==> INPUT/OUTPUT OPTIONS:

 => Generate file *.PRF for plot
 => Output Integrated Intensities
 => Generate new input file *.PCR

 => Data supplied in free format for pattern:  1
 => Plot pattern at each cycle
 => Wavelengths:  1.54056 1.54439
 => Alpha2/Alpha1 ratio:   0.5000
 => Cos(Monochromator angle)=   0.9100
 => Asymmetry correction for angles lower than    0.000 degrees
 => Absorption correction (AC), muR-eff =   0.0000  0.0000
 => Base of peaks: 2.0*HW*    8.00

 => Number of cycles:    1
 => Relaxation factors ==>    for coordinates:  1.00
 => for anisotropic temperature factors:  1.00
 => for halfwidth/strain/size parameters:  1.00
 => for lattice constants and propagation vectors:  1.00
 => EPS-value for convergence:    0.1
 => Number of Least-Squares parameters varied:     0

 =>--------------------------->
 =>------->  PATTERN number:  1
 =>--------------------------->
 => Global parameters and codes ==>
 => Zero-point:     0.0000    0.0000
 => Background parameters and codes ==>
 => Origin of polynomial at 2theta/TOF/E(KeV):   40.000  
  0.0000      0.0000      0.0000      0.0000      0.0000      0.0000    
        0.00        0.00        0.00        0.00        0.00        0.00
 => Displacement peak-shift parameter and code:     0.00    0.00
 => Transparency peak-shift parameter and code:     0.00    0.00

 => Reading Intensity data  =>>

 ==> Angular range, step and number of points:
     2Thmin:       5.000000  2Thmax:     100.000000  Step:       0.020000  No. of points:   4751
 --------------------------------------------------------------------------------
 => Phase  No. 1
      Structural refinement of low-temperature copper(II) pyrophosphate     
 --------------------------------------------------------------------------------
 =>-------> Pattern#  1
 => Crystal Structure Refinement
 => Preferred orientation vector:   0.0000  0.0000  1.0000

 =>-------> Data for PHASE: 1
 => Number of atoms:    6
 => Number of distance  constraints:    0
 => Number of angle     constraints:    0

 => Symmetry information on space group: C 1 2/c 1           
 -> The multiplicity of the general position is:   8
 -> The space group is Centric (-1 at origin)   
 -> Lattice type  C: { 000; 1/2 1/2  0  }+                         
 -> Reduced set of symmetry operators:

  No.  IT   Symmetry symbol    Rotation part     Associated Translation
   1: ( 1)   1            -->     ( x, y, z) + {  0.0000  0.0000  0.0000}
   2: ( 3)   2 ( 0, y, 0) -->     (-x, y,-z) + {  0.0000  0.0000  0.5000}


        Information on Space Group: 
        --------------------------- 

 =>   Number of Space group:  15
 =>  Hermann-Mauguin Symbol: C 1 2/c 1
 =>             Hall Symbol: -C 2yc
 =>    Table Setting Choice: b1
 =>            Setting Type: IT (Generated from Hermann-Mauguin symbol)
 =>          Crystal System: Monoclinic
 =>              Laue Class: 2/m
 =>             Point Group: 2/m
 =>         Bravais Lattice: C
 =>          Lattice Symbol: mC
 =>  Reduced Number of S.O.:   2
 =>    General multiplicity:   8
 =>          Centrosymmetry: Centric (-1 at origin)
 =>  Generators (exc. -1&L):   1
 =>         Asymmetric unit:  0.000 <= x <=  0.500
                              0.000 <= y <=  0.500
                              0.000 <= z <=  0.500

 => List of S.O. without inversion and lattice centring translations
 => SYMM(  1): x,y,z                               => SYMM(  2): -x,y,-z+1/2


 => Initial parameters ==>
 Atom    Ntyp                  X         Y         Z         B         occ.         in  fin  Spc  Mult
                             B11       B22       B33       B12       B13       B23
 Cu     Cu                -0.01814   0.31288   0.50706   0.81326   1.00000           0    0    0    8
                 Codes:    0.00000   0.00000   0.00000   0.00000   0.00000
 P      P                  0.19754   0.00750   0.20566   0.59218   1.00000           0    0    0    8
                 Codes:    0.00000   0.00000   0.00000   0.00000   0.00000
 O1     O                  0.00000   0.04660   0.25000   2.05288   0.50000           0    0    0    4
                 Codes:    0.00000   0.00000   0.00000   0.00000   0.00000
 O2     O                  0.37570   0.00020   0.36140   0.73430   1.00000           0    0    0    8
                 Codes:    0.00000   0.00000   0.00000   0.00000   0.00000
 O3c    O                  0.22080   0.15590   0.11280   0.88432   1.00000           0    0    0    8
                 Codes:    0.00000   0.00000   0.00000   0.00000   0.00000
 O3t    O                  0.17850  -0.15080   0.11790   1.27910   1.00000           0    0    0    8
                 Codes:    0.00000   0.00000   0.00000   0.00000   0.00000

 => IT IS ASSUMED THAT THE FIRST GIVEN SITE IS FULLY OCCUPIED 
    OR THE FIRST AND SECOND ATOMS ARE IN THE SAME SITE WITH TOTAL FULL OCCUPATION
  (If this is not the case, change the order of atoms to obtain correct values for the content of the unit cell)
    The given occupation factors have been obtained mutiplying m/M by   1.0000
      -> Atom: Cu  ,  Chemical element: CU  Atomic Mass:    63.5460
      -> Atom: P   ,  Chemical element: P   Atomic Mass:    30.9738
      -> Atom: O   ,  Chemical element: O   Atomic Mass:    15.9994
      -> Atom: O   ,  Chemical element: O   Atomic Mass:    15.9994
      -> Atom: O   ,  Chemical element: O   Atomic Mass:    15.9994
      -> Atom: O   ,  Chemical element: O   Atomic Mass:    15.9994
 => The suggested value of ATZ is   1204.14
    This value will be used for quantitative analysis and ouput to the PCR/NEW file
 => The chemical content of the unit cell is: 
       8.0000 Cu   +   8.0000 P    +   4.0000 O    +   8.0000 O    +   8.0000 O    +   8.0000 O      
 => The normalized site occupation numbers in % are: 
     100.0000 Cu     :      100.0000 P      :      100.0000 O1     :      100.0000 O2     :      100.0000 O3c    :      100.0000 O3t      
 => The density (volumic mass) of the compound is:    4.141 g/cm3

 =>-------> PROFILE PARAMETERS FOR PATTERN:  1

 => Overall scale factor:   0.100000E-02
 => ETA (p-Voigt) OR M (Pearson VII):   0.0000
 => Overall temperature factor:      0.00000
 => Halfwidth U,V,W:      0.00413    -0.00762     0.00625
 => X and Y parameters:       0.0190      0.0000
 => Direct cell parameters:    6.8950   8.1130   9.1640  90.0000 109.6200  90.0000
 => Preferred orientation parameters:   0.0000  0.0000
 => Asymmetry parameters     :      0.00000     0.00000     0.00000     0.00000
 => Strain parameters        :      0.00000     0.00000     0.00000
 => Size   parameters        :      0.00000     0.00000
 => Further shape parameters (S_L and D_L):   0.00000   0.00000
    S_L is source width/detector distance
    D_L is detector width/detector distance

 ==> CODEWORDS FOR PROFILE PARAMETERS of PATTERN#  1

 => Overall scale factor:    0.000
 => ETA (p-Voigt) OR M (Pearson VII):    0.000
 => Overall temperature factor:    0.000
 => Halfwidth U,V,W:    0.000   0.000   0.000
 => X and Y parameters:    0.000   0.000
 => Direct cell parameters:    0.000   0.000   0.000   0.000   0.000   0.000
 => Preferred orientation parameters:    0.000   0.000
 => Asymmetry parameters     :    0.000   0.000   0.000   0.000
 => Strain parameters        :    0.000   0.000   0.000
 => Size   parameters        :    0.000   0.000

 => Cell constraints according to Laue symmetry: 2/m  

        Metric information:
        -------------------

 => Direct cell parameters:

         a =       6.8950      b =       8.1130      c =       9.1640
     alpha =       90.000   beta =      109.620  gamma =       90.000
                        Direct Cell Volume =     482.8635

 => Reciprocal cell parameters:

         a*=     0.153972      b*=     0.123259      c*=     0.115849
     alpha*=       90.000   beta*=       70.380  gamma*=       90.000
                    Reciprocal Cell Volume =   0.00207098

 => Direct and Reciprocal Metric Tensors:

                   GD                                       GR
     47.5410      0.0000    -21.2165          0.023707    0.000000    0.005989
      0.0000     65.8208      0.0000          0.000000    0.015193    0.000000
    -21.2165      0.0000     83.9789          0.005989    0.000000    0.013421

 =>  Cartesian frame: z // c; y is in the bc-plane; x is y ^ z = a*  

     Crystal_to_Orthonormal_Matrix              Orthonormal_to_Crystal Matrix
              Cr_Orth_cel                               Orth_Cr_cel  
      6.8950      0.0000     -3.0771          0.145033   -0.000000    0.051701
      0.0000      8.1130      0.0000          0.000000    0.123259   -0.000000
      0.0000      0.0000      8.6319          0.000000    0.000000    0.115849

     Busing-Levy B-matrix: Hc=B.H            Inverse of the Busing-Levy B-matrix
                BL_M                                      BL_Minv  
    0.153972    0.000000    0.038900            6.4947     -0.0000     -2.3152
    0.000000    0.123259   -0.000000            0.0000      8.1130      0.0000
    0.000000    0.000000    0.109123            0.0000      0.0000      9.1640

 => Laue symmetry 2/m   will be used to generate HKL for pattern#   1
 => Reflections generated between S(1/d)min:  0.0565 A-1 and S(1/d)max:  1.0057 A-1
 =>                                    dmax: 17.7030 A   and      dmin:  0.9943 A
 => The number of reflections generated is:    260
 => The max. scatt. variable (gen.ref.) is:       101.5543
 => Scattering coefficients from internal table


 => X-ray scattering coeff. (A1, B1, A2,...C, f(0), Z, Dfp,Dfpp)

 CU     13.3380   3.5828   7.1676   0.2470   5.6158  11.3966   1.6735  64.8126   1.1910  28.9859  29.0000  -2.0190   0.5890
 P       6.4345   1.9067   4.1791  27.1570   1.7800   0.5260   1.4908  68.1645   1.1149  14.9993  15.0000   0.2830   0.4340
 O       3.0485  13.2771   2.2868   5.7011   1.5463   0.3239   0.8670  32.9089   0.2508   7.9994   8.0000   0.0470   0.0320
  
 => Zero counts at step no.      2 at 2theta/TOF/E(KeV):         5.0200  Intensity fixed to 1.0 and variance to 1E6
 => Zero counts at step no.      4 at 2theta/TOF/E(KeV):         5.0600  Intensity fixed to 1.0 and variance to 1E6
 => Zero counts at step no.      6 at 2theta/TOF/E(KeV):         5.1000  Intensity fixed to 1.0 and variance to 1E6
 => Zero counts at step no.      7 at 2theta/TOF/E(KeV):         5.1200  Intensity fixed to 1.0 and variance to 1E6
 => Zero counts at step no.      8 at 2theta/TOF/E(KeV):         5.1400  Intensity fixed to 1.0 and variance to 1E6
 => Zero counts at step no.     10 at 2theta/TOF/E(KeV):         5.1800  Intensity fixed to 1.0 and variance to 1E6
 => Zero counts at step no.     12 at 2theta/TOF/E(KeV):         5.2200  Intensity fixed to 1.0 and variance to 1E6
 => Zero counts at step no.     16 at 2theta/TOF/E(KeV):         5.3000  Intensity fixed to 1.0 and variance to 1E6
 => Zero counts at step no.     18 at 2theta/TOF/E(KeV):         5.3400  Intensity fixed to 1.0 and variance to 1E6
 => Zero counts at step no.     19 at 2theta/TOF/E(KeV):         5.3600  Intensity fixed to 1.0 and variance to 1E6
 => Zero counts at step no.     20 at 2theta/TOF/E(KeV):         5.3800  Intensity fixed to 1.0 and variance to 1E6
 => Zero counts at step no.     21 at 2theta/TOF/E(KeV):         5.4000  Intensity fixed to 1.0 and variance to 1E6
 => Zero counts at step no.     22 at 2theta/TOF/E(KeV):         5.4200  Intensity fixed to 1.0 and variance to 1E6
 => Zero counts at step no.     24 at 2theta/TOF/E(KeV):         5.4600  Intensity fixed to 1.0 and variance to 1E6
 => Zero counts at step no.     25 at 2theta/TOF/E(KeV):         5.4800  Intensity fixed to 1.0 and variance to 1E6
 => Zero counts at step no.     26 at 2theta/TOF/E(KeV):         5.5000  Intensity fixed to 1.0 and variance to 1E6
 => Zero counts at step no.     27 at 2theta/TOF/E(KeV):         5.5200  Intensity fixed to 1.0 and variance to 1E6
 => Zero counts at step no.     28 at 2theta/TOF/E(KeV):         5.5400  Intensity fixed to 1.0 and variance to 1E6
 => Zero counts at step no.     30 at 2theta/TOF/E(KeV):         5.5800  Intensity fixed to 1.0 and variance to 1E6
 => Zero counts at step no.     31 at 2theta/TOF/E(KeV):         5.6000  Intensity fixed to 1.0 and variance to 1E6
 => Zero counts at step no.     32 at 2theta/TOF/E(KeV):         5.6200  Intensity fixed to 1.0 and variance to 1E6
 => Zero counts at step no.     35 at 2theta/TOF/E(KeV):         5.6800  Intensity fixed to 1.0 and variance to 1E6
 => Zero counts at step no.     36 at 2theta/TOF/E(KeV):         5.7000  Intensity fixed to 1.0 and variance to 1E6
 => Zero counts at step no.     38 at 2theta/TOF/E(KeV):         5.7400  Intensity fixed to 1.0 and variance to 1E6
 => Zero counts at step no.     40 at 2theta/TOF/E(KeV):         5.7800  Intensity fixed to 1.0 and variance to 1E6
 => Zero counts at step no.     42 at 2theta/TOF/E(KeV):         5.8200  Intensity fixed to 1.0 and variance to 1E6
 => Zero counts at step no.     43 at 2theta/TOF/E(KeV):         5.8400  Intensity fixed to 1.0 and variance to 1E6
 => Zero counts at step no.     44 at 2theta/TOF/E(KeV):         5.8600  Intensity fixed to 1.0 and variance to 1E6
 => Zero counts at step no.     46 at 2theta/TOF/E(KeV):         5.9000  Intensity fixed to 1.0 and variance to 1E6
 => Zero counts at step no.     47 at 2theta/TOF/E(KeV):         5.9200  Intensity fixed to 1.0 and variance to 1E6
 => Zero counts at step no.     48 at 2theta/TOF/E(KeV):         5.9400  Intensity fixed to 1.0 and variance to 1E6
 => Zero counts at step no.     49 at 2theta/TOF/E(KeV):         5.9600  Intensity fixed to 1.0 and variance to 1E6
 => Zero counts at step no.     50 at 2theta/TOF/E(KeV):         5.9800  Intensity fixed to 1.0 and variance to 1E6
 => Zero counts at step no.     52 at 2theta/TOF/E(KeV):         6.0200  Intensity fixed to 1.0 and variance to 1E6
 => Zero counts at step no.     54 at 2theta/TOF/E(KeV):         6.0600  Intensity fixed to 1.0 and variance to 1E6
 => Zero counts at step no.     55 at 2theta/TOF/E(KeV):         6.0800  Intensity fixed to 1.0 and variance to 1E6
 => Zero counts at step no.     60 at 2theta/TOF/E(KeV):         6.1800  Intensity fixed to 1.0 and variance to 1E6
 => Zero counts at step no.     61 at 2theta/TOF/E(KeV):         6.2000  Intensity fixed to 1.0 and variance to 1E6
 => Zero counts at step no.     62 at 2theta/TOF/E(KeV):         6.2200  Intensity fixed to 1.0 and variance to 1E6
 => Zero counts at step no.     64 at 2theta/TOF/E(KeV):         6.2600  Intensity fixed to 1.0 and variance to 1E6
 => Zero counts at step no.     65 at 2theta/TOF/E(KeV):         6.2800  Intensity fixed to 1.0 and variance to 1E6
 => Zero counts at step no.     66 at 2theta/TOF/E(KeV):         6.3000  Intensity fixed to 1.0 and variance to 1E6
 => Zero counts at step no.     68 at 2theta/TOF/E(KeV):         6.3400  Intensity fixed to 1.0 and variance to 1E6
 => Zero counts at step no.     70 at 2theta/TOF/E(KeV):         6.3800  Intensity fixed to 1.0 and variance to 1E6
 => Zero counts at step no.     72 at 2theta/TOF/E(KeV):         6.4200  Intensity fixed to 1.0 and variance to 1E6
 => Zero counts at step no.     74 at 2theta/TOF/E(KeV):         6.4600  Intensity fixed to 1.0 and variance to 1E6
 => Zero counts at step no.     76 at 2theta/TOF/E(KeV):         6.5000  Intensity fixed to 1.0 and variance to 1E6
 => Zero counts at step no.     78 at 2theta/TOF/E(KeV):         6.5400  Intensity fixed to 1.0 and variance to 1E6
 => Zero counts at step no.     82 at 2theta/TOF/E(KeV):         6.6200  Intensity fixed to 1.0 and variance to 1E6
 => Zero counts at step no.     83 at 2theta/TOF/E(KeV):         6.6400  Intensity fixed to 1.0 and variance to 1E6
 => Zero counts at step no.     86 at 2theta/TOF/E(KeV):         6.7000  Intensity fixed to 1.0 and variance to 1E6
 => Zero counts at step no.     87 at 2theta/TOF/E(KeV):         6.7200  Intensity fixed to 1.0 and variance to 1E6
 => Zero counts at step no.     88 at 2theta/TOF/E(KeV):         6.7400  Intensity fixed to 1.0 and variance to 1E6
 => Zero counts at step no.     92 at 2theta/TOF/E(KeV):         6.8200  Intensity fixed to 1.0 and variance to 1E6
 => Zero counts at step no.     96 at 2theta/TOF/E(KeV):         6.9000  Intensity fixed to 1.0 and variance to 1E6
 => Zero counts at step no.     97 at 2theta/TOF/E(KeV):         6.9200  Intensity fixed to 1.0 and variance to 1E6
 => Zero counts at step no.     98 at 2theta/TOF/E(KeV):         6.9400  Intensity fixed to 1.0 and variance to 1E6
 => Zero counts at step no.     99 at 2theta/TOF/E(KeV):         6.9600  Intensity fixed to 1.0 and variance to 1E6
 => Zero counts at step no.    102 at 2theta/TOF/E(KeV):         7.0200  Intensity fixed to 1.0 and variance to 1E6
 => Zero counts at step no.    103 at 2theta/TOF/E(KeV):         7.0400  Intensity fixed to 1.0 and variance to 1E6
 => Zero counts at step no.    104 at 2theta/TOF/E(KeV):         7.0600  Intensity fixed to 1.0 and variance to 1E6
 => Zero counts at step no.    106 at 2theta/TOF/E(KeV):         7.1000  Intensity fixed to 1.0 and variance to 1E6
 => Zero counts at step no.    107 at 2theta/TOF/E(KeV):         7.1200  Intensity fixed to 1.0 and variance to 1E6
 => Zero counts at step no.    112 at 2theta/TOF/E(KeV):         7.2200  Intensity fixed to 1.0 and variance to 1E6
 => Zero counts at step no.    114 at 2theta/TOF/E(KeV):         7.2600  Intensity fixed to 1.0 and variance to 1E6
 => Zero counts at step no.    116 at 2theta/TOF/E(KeV):         7.3000  Intensity fixed to 1.0 and variance to 1E6
 => Zero counts at step no.    120 at 2theta/TOF/E(KeV):         7.3800  Intensity fixed to 1.0 and variance to 1E6
 => Zero counts at step no.    124 at 2theta/TOF/E(KeV):         7.4600  Intensity fixed to 1.0 and variance to 1E6
 => Zero counts at step no.    126 at 2theta/TOF/E(KeV):         7.5000  Intensity fixed to 1.0 and variance to 1E6
 => Zero counts at step no.    128 at 2theta/TOF/E(KeV):         7.5400  Intensity fixed to 1.0 and variance to 1E6
 => Zero counts at step no.    130 at 2theta/TOF/E(KeV):         7.5800  Intensity fixed to 1.0 and variance to 1E6
 => Zero counts at step no.    132 at 2theta/TOF/E(KeV):         7.6200  Intensity fixed to 1.0 and variance to 1E6
 => Zero counts at step no.    134 at 2theta/TOF/E(KeV):         7.6600  Intensity fixed to 1.0 and variance to 1E6
 => Zero counts at step no.    136 at 2theta/TOF/E(KeV):         7.7000  Intensity fixed to 1.0 and variance to 1E6
 => Zero counts at step no.    138 at 2theta/TOF/E(KeV):         7.7400  Intensity fixed to 1.0 and variance to 1E6
 => Zero counts at step no.    140 at 2theta/TOF/E(KeV):         7.7800  Intensity fixed to 1.0 and variance to 1E6
 => Zero counts at step no.    144 at 2theta/TOF/E(KeV):         7.8600  Intensity fixed to 1.0 and variance to 1E6
 => Zero counts at step no.    146 at 2theta/TOF/E(KeV):         7.9000  Intensity fixed to 1.0 and variance to 1E6
 => Zero counts at step no.    148 at 2theta/TOF/E(KeV):         7.9400  Intensity fixed to 1.0 and variance to 1E6
 => Zero counts at step no.    150 at 2theta/TOF/E(KeV):         7.9800  Intensity fixed to 1.0 and variance to 1E6
 => Zero counts at step no.    151 at 2theta/TOF/E(KeV):         8.0000  Intensity fixed to 1.0 and variance to 1E6
 => Zero counts at step no.    152 at 2theta/TOF/E(KeV):         8.0200  Intensity fixed to 1.0 and variance to 1E6
 => Zero counts at step no.    153 at 2theta/TOF/E(KeV):         8.0400  Intensity fixed to 1.0 and variance to 1E6
 => Zero counts at step no.    169 at 2theta/TOF/E(KeV):         8.3600  Intensity fixed to 1.0 and variance to 1E6
 => Zero counts at step no.    174 at 2theta/TOF/E(KeV):         8.4600  Intensity fixed to 1.0 and variance to 1E6
 
 => No optimization for routine tasks


   Standard deviations have to be multiplied by: 3.3330
   (correlated residuals) See references:
  -J.F.Berar & P.Lelann, J. Appl. Cryst. 24, 1-5 (1991) 
  -J.F.Berar, Acc. in Pow. Diff. II,NIST Sp.Pub. 846, 63(1992) 

 ++++++++++++++++++++++++++++++++++++++++++++++++++++++++++++++++++++++++++++++++++++++++++++++++++++++++++++++++++++++++

 => CYCLE No.:    1
 ---------------------------------------------------------------------------------------
 => Phase  1 Name: Structural refinement of low-temperature copper(II) pyrophosphate     
 ---------------------------------------------------------------------------------------
 => New parameters, shifts, and standard deviations

 Atom        x       dx      sx       y       dy      sy       z       dz      sz       B       dB      sB      occ.    docc.   socc.

 Cu      -0.01814 0.00000 0.00000  0.31288 0.00000 0.00000  0.50706 0.00000 0.00000  0.81326 0.00000 0.00000  1.00000 0.00000 0.00000
 P        0.19754 0.00000 0.00000  0.00750 0.00000 0.00000  0.20566 0.00000 0.00000  0.59218 0.00000 0.00000  1.00000 0.00000 0.00000
 O1       0.00000 0.00000 0.00000  0.04660 0.00000 0.00000  0.25000 0.00000 0.00000  2.05288 0.00000 0.00000  0.50000 0.00000 0.00000
 O2       0.37570 0.00000 0.00000  0.00020 0.00000 0.00000  0.36140 0.00000 0.00000  0.73430 0.00000 0.00000  1.00000 0.00000 0.00000
 O3c      0.22080 0.00000 0.00000  0.15590 0.00000 0.00000  0.11280 0.00000 0.00000  0.88432 0.00000 0.00000  1.00000 0.00000 0.00000
 O3t      0.17850 0.00000 0.00000 -0.15080 0.00000 0.00000  0.11790 0.00000 0.00000  1.27910 0.00000 0.00000  1.00000 0.00000 0.00000

 ==> PROFILE PARAMETERS FOR PATTERN#  1

 => Overall scale factor:      0.001000000     0.000000000     0.000000000
 => Eta(p-Voigt) or m(Pearson VII):   0.000000  0.000000  0.000000
 => Overall tem. factor:     0.000000    0.000000    0.000000
 => Halfwidth parameters: 
         0.004133    0.000000    0.000000
        -0.007618    0.000000    0.000000
         0.006255    0.000000    0.000000
 => Cell parameters: 
        6.895000    0.000000    0.000000
        8.113001    0.000000    0.000000
        9.164002    0.000001    0.000000
       90.000000    0.000000    0.000000
      109.619995    0.000000    0.000000
       90.000000    0.000000    0.000000
 => Preferred orientation: 
         0.000000    0.000000    0.000000
         0.000000    0.000000    0.000000
 => Asymmetry parameters: 
         0.000000    0.000000    0.000000
         0.000000    0.000000    0.000000
         0.000000    0.000000    0.000000
         0.000000    0.000000    0.000000
 => X and Y parameters: 
         0.018961    0.000000    0.000000
         0.000000    0.000000    0.000000
 => Strain parameters: 
         0.000000    0.000000    0.000000
         0.000000    0.000000    0.000000
         0.000000    0.000000    0.000000
 => Size   parameters (G,L): 
         0.000000    0.000000    0.000000
         0.000000    0.000000    0.000000
 => Further shape parameters (S_L and D_L): 
       0.000000  0.000000  0.000000
       0.000000  0.000000  0.000000

 ==> GLOBAL PARAMETERS FOR PATTERN#  1


 => Zero-point:     0.0000    0.0000    0.0000
 => Background Polynomial Parameters ==>
       0.0000      0.0000      0.0000    
       0.0000      0.0000      0.0000    
       0.0000      0.0000      0.0000    
       0.0000      0.0000      0.0000    
       0.0000      0.0000      0.0000    
       0.0000      0.0000      0.0000    

 => Cos( theta)-shift parameter :   0.0000  0.0000  0.0000
 => Sin(2theta)-shift parameter :   0.0000  0.0000  0.0000

 ==> RELIABILITY FACTORS WITH ALL NON-EXCLUDED POINTS FOR PATTERN:  1

 => R-Factors:   237.     0.115E+04 Chi2: 0.210E+05 DW-Stat.:  0.1244   Patt#:  1
 => Expected :            7.96                                1.9099
 => Deviance : 0.439E+07     Dev*:   0.000    
 => GoF-index: 0.15E+03     Sqrt(Residual/N)
 => N-P+C:  4751

 =>    SumYdif       SumYobs      SumYcal      SumwYobsSQ     Residual    Condition
     0.1775E+07    0.7500E+06    0.1516E+07    0.7499E+06    0.9998E+08     0.000    


 => Conventional Rietveld Rp,Rwp,Re and Chi2:   237.     0.115E+04  7.96     0.2104E+05
 => (Values obtained using Ynet, but true sigma(y))
 =>  SumYnet, Sum(w Ynet**2):     0.7500E+06    0.7499E+06

 => N-sigma of the GoF:  1025661.625

 ==> RELIABILITY FACTORS FOR POINTS WITH BRAGG CONTRIBUTIONS FOR PATTERN:  1

 => R-Factors:   258.     0.124E+04 Chi2: 0.270E+05 DW-Stat.:  0.1245   Patt#:
 => Expected :            7.54                                1.8978
 => Deviance : 0.439E+07     Dev*:         NaN
 => GoF-index: 0.16E+03     Sqrt(Residual/N)
 => N-P+C:  3697

 =>    SumYdif       SumYobs      SumYcal      SumwYobsSQ     Residual    Condition
     0.1675E+07    0.6499E+06    0.1516E+07    0.6499E+06    0.9988E+08     0.000    


 => Conventional Rietveld Rp,Rwp,Re and Chi2:   258.     0.124E+04  7.54     0.2702E+05
 => (Values obtained using Ynet, but true sigma(y))
 =>  SumYnet, Sum(w Ynet**2):     0.6499E+06    0.6499E+06

 => N-sigma of the GoF:  1161560.375

 => Global user-weigthed Chi2 (Bragg contrib.):  0.270E+05

 => ---------> Pattern#  1
 => Phase:  1
 =>    Bragg R-factor:  185.    
 =>    RF-factor     :  53.0    


   Standard deviations have to be multiplied by: 3.3330
   (correlated residuals) See references:
  -J.F.Berar & P.Lelann, J. Appl. Cryst. 24, 1-5 (1991) 
  -J.F.Berar, Acc. in Pow. Diff. II,NIST Sp.Pub. 846, 63(1992) 

 ++++++++++++++++++++++++++++++++++++++++++++++++++++++++++++++++++++++++++++++++++++++++++++++++++++++++++++++++++++++++

 => CYCLE No.:    1
 =>  Convergence reached at this CYCLE !!!!
 =>  Parameter shifts set to zero
 ---------------------------------------------------------------------------------------
 => Phase  1 Name: Structural refinement of low-temperature copper(II) pyrophosphate     
 ---------------------------------------------------------------------------------------
 => New parameters, shifts, and standard deviations

 Atom        x       dx      sx       y       dy      sy       z       dz      sz       B       dB      sB      occ.    docc.   socc.

 Cu      -0.01814 0.00000 0.00000  0.31288 0.00000 0.00000  0.50706 0.00000 0.00000  0.81326 0.00000 0.00000  1.00000 0.00000 0.00000
 P        0.19754 0.00000 0.00000  0.00750 0.00000 0.00000  0.20566 0.00000 0.00000  0.59218 0.00000 0.00000  1.00000 0.00000 0.00000
 O1       0.00000 0.00000 0.00000  0.04660 0.00000 0.00000  0.25000 0.00000 0.00000  2.05288 0.00000 0.00000  0.50000 0.00000 0.00000
 O2       0.37570 0.00000 0.00000  0.00020 0.00000 0.00000  0.36140 0.00000 0.00000  0.73430 0.00000 0.00000  1.00000 0.00000 0.00000
 O3c      0.22080 0.00000 0.00000  0.15590 0.00000 0.00000  0.11280 0.00000 0.00000  0.88432 0.00000 0.00000  1.00000 0.00000 0.00000
 O3t      0.17850 0.00000 0.00000 -0.15080 0.00000 0.00000  0.11790 0.00000 0.00000  1.27910 0.00000 0.00000  1.00000 0.00000 0.00000

 ==> PROFILE PARAMETERS FOR PATTERN#  1

 => Overall scale factor:      0.001000000     0.000000000     0.000000000
 => Eta(p-Voigt) or m(Pearson VII):   0.000000  0.000000  0.000000
 => Overall tem. factor:     0.000000    0.000000    0.000000
 => Halfwidth parameters: 
         0.004133    0.000000    0.000000
        -0.007618    0.000000    0.000000
         0.006255    0.000000    0.000000
 => Cell parameters: 
        6.895000    0.000000    0.000000
        8.113001    0.000000    0.000000
        9.164002    0.000000    0.000000
       90.000000    0.000000    0.000000
      109.619995    0.000000    0.000000
       90.000000    0.000000    0.000000
 => Preferred orientation: 
         0.000000    0.000000    0.000000
         0.000000    0.000000    0.000000
 => Asymmetry parameters: 
         0.000000    0.000000    0.000000
         0.000000    0.000000    0.000000
         0.000000    0.000000    0.000000
         0.000000    0.000000    0.000000
 => X and Y parameters: 
         0.018961    0.000000    0.000000
         0.000000    0.000000    0.000000
 => Strain parameters: 
         0.000000    0.000000    0.000000
         0.000000    0.000000    0.000000
         0.000000    0.000000    0.000000
 => Size   parameters (G,L): 
         0.000000    0.000000    0.000000
         0.000000    0.000000    0.000000
 => Further shape parameters (S_L and D_L): 
       0.000000  0.000000  0.000000
       0.000000  0.000000  0.000000

 ==> GLOBAL PARAMETERS FOR PATTERN#  1


 => Zero-point:     0.0000    0.0000    0.0000
 => Background Polynomial Parameters ==>
       0.0000      0.0000      0.0000    
       0.0000      0.0000      0.0000    
       0.0000      0.0000      0.0000    
       0.0000      0.0000      0.0000    
       0.0000      0.0000      0.0000    
       0.0000      0.0000      0.0000    

 => Cos( theta)-shift parameter :   0.0000  0.0000  0.0000
 => Sin(2theta)-shift parameter :   0.0000  0.0000  0.0000

 ==> RELIABILITY FACTORS WITH ALL NON-EXCLUDED POINTS FOR PATTERN:  1

 => R-Factors:   237.     0.115E+04 Chi2: 0.210E+05 DW-Stat.:  0.1244   Patt#:  1
 => Expected :            7.96                                1.9099
 => Deviance : 0.439E+07     Dev*:   0.000    
 => GoF-index: 0.15E+03     Sqrt(Residual/N)
 => N-P+C:  4751

 =>    SumYdif       SumYobs      SumYcal      SumwYobsSQ     Residual    Condition
     0.1775E+07    0.7500E+06    0.1516E+07    0.7499E+06    0.9998E+08     0.000    


 => Conventional Rietveld Rp,Rwp,Re and Chi2:   237.     0.115E+04  7.96     0.2104E+05
 => (Values obtained using Ynet, but true sigma(y))
 =>  SumYnet, Sum(w Ynet**2):     0.7500E+06    0.7499E+06

 => N-sigma of the GoF:  1025661.625

 ==> RELIABILITY FACTORS FOR POINTS WITH BRAGG CONTRIBUTIONS FOR PATTERN:  1

 => R-Factors:   258.     0.124E+04 Chi2: 0.270E+05 DW-Stat.:  0.1245   Patt#:
 => Expected :            7.54                                1.8978
 => Deviance : 0.439E+07     Dev*:         NaN
 => GoF-index: 0.16E+03     Sqrt(Residual/N)
 => N-P+C:  3697

 =>    SumYdif       SumYobs      SumYcal      SumwYobsSQ     Residual    Condition
     0.1675E+07    0.6499E+06    0.1516E+07    0.6499E+06    0.9988E+08     0.000    


 => Conventional Rietveld Rp,Rwp,Re and Chi2:   258.     0.124E+04  7.54     0.2702E+05
 => (Values obtained using Ynet, but true sigma(y))
 =>  SumYnet, Sum(w Ynet**2):     0.6499E+06    0.6499E+06

 => N-sigma of the GoF:  1161560.375

 => Global user-weigthed Chi2 (Bragg contrib.):  0.270E+05

 => ---------> Pattern#  1
 => Phase:  1
 =>    Bragg R-factor:  185.    
 =>    RF-factor     :  53.0    

 --------------------------------------------------------------------------------------------------------------
 Pattern#  1 Phase No.:   1 Phase name: Structural refinement of low-t
 --------------------------------------------------------------------------------------------------------------

   No.  Code     H   K   L  Mult     Hw         2theta      Icalc       Iobs      Sigma      HwG     HwL       ETA       d-hkl        CORR

      1   1      1   1   0     4  0.073546      17.477      194.6       46.5      0.815  0.071984  0.002914  0.053390  5.070188    160.254364
      2   1     -1   1   1     4  0.073448      17.800      169.8       42.4      0.726  0.071857  0.002969  0.054452  4.978749    154.343048
      3   1      0   0   2     2  0.072618      20.562      392.6       93.7      1.188  0.070776  0.003439  0.063637  4.315972     57.361248
      4   1      0   2   0     2  0.072222      21.892        1.0       57.5      0.943  0.070258  0.003667  0.068146  4.056500     50.378967
      5   1      1   1   1     4  0.072035      22.527       36.4       69.9      0.969  0.070012  0.003776  0.070316  3.943612     94.954414
      6   1     -1   1   2     4  0.071812      23.283      188.4       76.0      0.984  0.069720  0.003906  0.072915  3.817293     88.656189
      7   1      0   2   1     4  0.071537      24.222       61.4       74.3      0.989  0.069358  0.004069  0.076172  3.671313     81.635368
      8   1      2   0   0     2  0.070605      27.443       79.6       73.7      1.062  0.068127  0.004630  0.087553  3.247340     31.407400
      9   1     -2   0   2     2  0.070366      28.282     3285.0      126.6      1.932  0.067809  0.004777  0.090575  3.152870     29.470163
     10   1      0   2   2     4  0.069821      30.211     2738.2      169.6      1.685  0.067081  0.005118  0.097612  2.955854     51.235901
     11   1      1   1   2     4  0.069742      30.492     1429.3      118.0      1.253  0.066975  0.005168  0.098648  2.929267     50.235210
     12   1     -1   1   3     4  0.069476      31.444      124.1      174.9      1.566  0.066618  0.005338  0.102182  2.842656     47.039738
     13   1     -2   2   1     4  0.068738      34.121       70.2      115.1      1.355  0.065623  0.005819  0.112284  2.625551     39.465214
     14   1      2   2   0     4  0.068398      35.378      695.6       83.1      1.135  0.065160  0.006047  0.117120  2.535094     36.494057
     15   1      1   3   0     4  0.068246      35.942      652.0       65.6      0.929  0.064953  0.006150  0.119311  2.496551     35.261307
     16   1     -2   2   2     4  0.068217      36.049        9.9        2.2      0.048  0.064913  0.006170  0.119728  2.489375     35.033985
     17   1     -1   3   1     4  0.068201      36.109       22.8       18.1      0.419  0.064892  0.006181  0.119960  2.485407     34.908585
     18   1      0   2   3     4  0.067615      38.321        0.0       53.4      0.945  0.064086  0.006588  0.128676  2.346878     30.663591
     19   1      1   3   1     4  0.067493      38.788        5.0       62.6      0.983  0.063917  0.006675  0.130540  2.319678     29.860603
     20   1     -1   3   2     4  0.067371      39.255       75.1       50.5      0.879  0.063748  0.006762  0.132413  2.293143     29.086916
     21   1      2   2   1     4  0.067293      39.556       31.1       27.2      0.644  0.063640  0.006818  0.133625  2.276377     28.603064
     22   1      1   1   3     4  0.067220      39.838        8.6       15.7      0.439  0.063539  0.006871  0.134762  2.260931     28.160671
     23   1      2   0   2     2  0.067198      39.923       72.5       47.7      0.719  0.063508  0.006887  0.135107  2.256300     14.014339
     24   1     -2   2   3     4  0.066980      40.772        5.9       28.9      0.580  0.063204  0.007046  0.138555  2.211245     26.759850
     25   1     -1   1   4     4  0.066948      40.898      102.0       65.9      0.879  0.063159  0.007070  0.139066  2.204765     26.579668
     26   1     -3   1   1     4  0.066940      40.931       17.6        9.7      0.151  0.063147  0.007076  0.139204  2.203029     26.531487
     27   1     -3   1   2     4  0.066826      41.378      259.6       45.1      0.822  0.062988  0.007161  0.141033  2.180260     25.903505
     28   1     -2   0   4     2  0.066739      41.723      273.6       39.7      0.714  0.062866  0.007226  0.142450  2.163038     12.716621
     29   1      0   0   4     2  0.066713      41.825      109.8       21.4      0.353  0.062829  0.007245  0.142871  2.157986     12.648041
     30   1      3   1   0     4  0.066365      43.216      269.8       98.0      1.239  0.062338  0.007510  0.148639  2.091704     23.529467
     31   1      1   3   2     4  0.066134      44.154      624.7       81.2      1.134  0.062009  0.007690  0.152570  2.049438     22.435133
     32   1     -3   1   3     4  0.066052      44.490      104.6       31.9      0.638  0.061892  0.007755  0.153988  2.034734     22.060329
     33   1      0   4   0     2  0.066015      44.640       40.2       35.3      0.604  0.061839  0.007784  0.154622  2.028250     10.948015
     34   1     -1   3   3     4  0.065963      44.853        0.0        0.8      0.022  0.061765  0.007825  0.155526  2.019094     21.665049
     35   1      0   4   1     4  0.065705      45.924        8.4       24.4      0.559  0.061394  0.008034  0.160089  1.974476     20.556549
     36   1      2   2   2     4  0.065690      45.990      255.1      213.2      6.745  0.061372  0.008046  0.160371  1.971806     20.491114
     37   1     -2   2   4     4  0.065310      47.604      604.6       85.2      1.187  0.060819  0.008364  0.167341  1.908647     18.973476
     38   1      0   2   4     4  0.065288      47.696       80.6       10.0      0.178  0.060787  0.008382  0.167742  1.905173     18.891685
     39   1      3   1   1     4  0.065237      47.917       22.3       32.2      0.626  0.060712  0.008426  0.168707  1.896890     18.697380
     40   1      0   4   2     4  0.064848      49.621      105.6      102.5      1.338  0.060138  0.008765  0.176201  1.835657     17.292444
     41   1     -3   1   4     4  0.064793      49.869        4.2       16.8      0.436  0.060055  0.008815  0.177299  1.827121     17.101040
     42   1      1   1   4     4  0.064753      50.047       10.7      110.1      1.205  0.059996  0.008851  0.178090  1.821040     16.965357
     43   1     -1   1   5     4  0.064502      51.188       16.3      135.1      1.537  0.059618  0.009082  0.183194  1.783075     16.130838
     44   1      1   3   3     4  0.064452      51.418        6.3       42.4      0.730  0.059542  0.009129  0.184228  1.775643     15.970025
     45   1     -1   3   4     4  0.064265      52.291      207.5      130.2      2.474  0.059257  0.009308  0.188171  1.748045     15.380367
     46   1     -2   4   1     4  0.064263      52.301       18.2        9.4      0.174  0.059254  0.009310  0.188216  1.747736     15.373842
     47   1     -3   3   1     4  0.064259      52.319       14.7        6.4      0.101  0.059248  0.009313  0.188298  1.747179     15.362065
     48   1     -3   3   2     4  0.064181      52.690      318.9       67.1      0.955  0.059127  0.009390  0.189982  1.735756     15.121605
     49   1     -4   0   2     2  0.064087      53.138        0.8        8.5      0.254  0.058983  0.009482  0.192027  1.722165      7.419091
     50   1      2   4   0     4  0.064074      53.201        2.3       17.5      0.472  0.058962  0.009495  0.192315  1.720271     14.798906
     51   1     -2   4   2     4  0.063973      53.689       68.5       62.3      0.992  0.058806  0.009596  0.194551  1.705774     14.500228
     52   1      2   2   3     4  0.063894      54.075        4.1       11.3      0.337  0.058682  0.009677  0.196324  1.694519     14.270611
     53   1      3   3   0     4  0.063863      54.229      259.2       50.5      0.833  0.058633  0.009709  0.197035  1.690063     14.180272
     54   1      3   1   2     4  0.063795      54.565       20.3       40.3      0.677  0.058527  0.009779  0.198585  1.680453     13.986535
     55   1     -3   3   3     4  0.063647      55.309        3.5       24.8      0.452  0.058292  0.009936  0.202037  1.659583     13.570885
     56   1      0   4   3     4  0.063635      55.375       24.3       74.2      0.902  0.058272  0.009949  0.202342  1.657774     13.535178
     57   1     -2   2   5     4  0.063515      55.989       16.4       45.3      0.817  0.058080  0.010079  0.205207  1.641033     13.207391
     58   1      2   4   1     4  0.063453      56.313       19.3       30.4      0.681  0.057980  0.010148  0.206724  1.632356     13.039313
     59   1      4   0   0     2  0.063390      56.641      111.9       49.1      0.847  0.057878  0.010218  0.208265  1.623670      6.436153
     60   1     -3   1   5     4  0.063313      57.054       81.9       51.2      0.857  0.057752  0.010307  0.210207  1.612906     12.667092

   No.  Code     H   K   L  Mult     Hw         2theta      Icalc       Iobs      Sigma      HwG     HwL       ETA       d-hkl        CORR

     61   1     -2   4   3     4  0.063276      57.251       13.9       19.7      0.398  0.057692  0.010349  0.211134  1.607832     12.571031
     62   1      0   2   5     4  0.063137      58.013       12.2       26.1      0.520  0.057461  0.010513  0.214742  1.588514     12.209291
     63   1     -4   2   2     4  0.063113      58.145      158.5       74.2      1.085  0.057421  0.010542  0.215369  1.585222     12.148283
     64   1      3   3   1     4  0.063091      58.266        1.7        1.2      0.035  0.057385  0.010568  0.215946  1.582208     12.092591
     65   1     -4   0   4     2  0.063050      58.500      196.5       29.2      0.651  0.057314  0.010619  0.217060  1.576435      5.993175
     66   1      1   5   0     4  0.063034      58.591      152.6       17.3      0.447  0.057287  0.010638  0.217491  1.574214     11.945639
     67   1     -1   5   1     4  0.063013      58.705        9.7        1.2      0.027  0.057253  0.010663  0.218039  1.571409     11.894328
     68   1      2   0   4     2  0.063007      58.739      229.2       31.2      0.505  0.057243  0.010671  0.218201  1.570580      5.939595
     69   1     -4   2   1     4  0.063004      58.755       49.3        7.8      0.137  0.057238  0.010674  0.218276  1.570195     11.872167
     70   1     -4   2   3     4  0.062847      59.668       46.6       66.0      1.010  0.056969  0.010874  0.222648  1.548331     11.477427
     71   1     -3   3   4     4  0.062794      59.980       62.3       22.8      0.544  0.056878  0.010943  0.224144  1.541036     11.347600
     72   1      1   3   4     4  0.062768      60.137      573.7       46.9      0.744  0.056832  0.010977  0.224901  1.537383     11.282934
     73   1      1   5   1     4  0.062693      60.593        4.0       15.6      0.420  0.056700  0.011078  0.227103  1.526893     11.098591
     74   1     -1   5   2     4  0.062638      60.930      128.2       48.8      0.815  0.056604  0.011153  0.228733  1.519251     10.965549
     75   1     -2   0   6     2  0.062626      61.007       47.3       20.7      0.472  0.056582  0.011170  0.229104  1.517529      5.467861
     76   1      1   1   5     4  0.062625      61.013        0.5        0.2      0.005  0.056580  0.011172  0.229135  1.517385     10.933230
     77   1     -1   3   5     4  0.062603      61.149        3.2        1.8      0.045  0.056541  0.011202  0.229794  1.514333     10.880497
     78   1      2   4   2     4  0.062561      61.416        2.6        3.1      0.095  0.056465  0.011262  0.231090  1.508391     10.778304
     79   1      4   2   0     4  0.062554      61.461       77.1       49.9      0.792  0.056453  0.011272  0.231306  1.507402     10.761374
     80   1     -1   1   6     4  0.062434      62.239        2.3       41.0      0.813  0.056234  0.011447  0.235095  1.490414     10.473135
     81   1     -2   4   4     4  0.062358      62.748       93.2       54.4      0.839  0.056094  0.011562  0.237582  1.479547     10.291594
     82   1      3   1   3     4  0.062354      62.774       13.2        6.9      0.114  0.056086  0.011568  0.237710  1.478994     10.282420
     83   1      0   4   4     4  0.062347      62.824       19.0       12.7      0.321  0.056073  0.011579  0.237957  1.477927     10.264723
     84   1     -4   2   4     4  0.062288      63.232       13.5       26.7      0.628  0.055961  0.011672  0.239955  1.469378     10.123749
     85   1      2   2   4     4  0.062255      63.460       41.6       34.6      0.649  0.055899  0.011724  0.241078  1.464634     10.046107
     86   1      3   3   2     4  0.062156      64.180      229.8       78.3      1.117  0.055706  0.011889  0.244618  1.449947      9.808535
     87   1      1   5   2     4  0.062101      64.595      187.9       39.1      0.750  0.055597  0.011985  0.246668  1.441622      9.675761
     88   1      0   0   6     2  0.062081      64.744       51.1       17.4      0.345  0.055557  0.012020  0.247407  1.438657      4.814401
     89   1     -1   5   3     4  0.062031      65.136        1.3       17.9      0.452  0.055455  0.012111  0.249348  1.430941      9.507418
     90   1     -2   2   6     4  0.061969      65.632       41.8       64.9      0.947  0.055328  0.012227  0.251806  1.421328      9.357864
     91   1     -3   1   6     4  0.061959      65.713       15.3       23.4      0.459  0.055307  0.012246  0.252208  1.419773      9.333844
     92   1      4   2   1     4  0.061912      66.110        0.6       15.7      0.435  0.055206  0.012339  0.254183  1.412200      9.217609
     93   1     -3   3   5     4  0.061873      66.446        7.8       56.1      0.869  0.055122  0.012419  0.255852  1.405886      9.121594
     94   1      4   0   2     2  0.061694      68.133      105.9       89.5      1.245  0.054713  0.012821  0.264281  1.375119      4.332902
     95   1      2   4   3     4  0.061681      68.261        0.2        0.5      0.018  0.054683  0.012852  0.264920  1.372859      8.633141
     96   1     -4   2   5     4  0.061644      68.660       26.7       39.7      0.767  0.054590  0.012949  0.266921  1.365852      8.532545
     97   1     -5   1   2     4  0.061606      69.078       54.7       43.5      0.817  0.054494  0.013051  0.269020  1.358599      8.429574
     98   1      0   2   6     4  0.061593      69.234       29.9       19.3      0.459  0.054459  0.013089  0.269806  1.355909      8.391678
     99   1      0   6   0     2  0.061574      69.454      164.0       35.4      0.682  0.054409  0.013142  0.270907  1.352167      4.169621
    100   1     -5   1   3     4  0.061562      69.602       25.5       11.6      0.324  0.054376  0.013179  0.271652  1.349648      8.304131
    101   1     -2   4   5     4  0.061535      69.940       16.5       30.1      0.673  0.054301  0.013262  0.273351  1.343950      8.225228
    102   1      1   3   5     4  0.061522      70.100        4.0       13.3      0.351  0.054266  0.013301  0.274157  1.341273      8.188415
    103   1      1   5   3     4  0.061499      70.417        2.6        5.4      0.139  0.054197  0.013380  0.275753  1.336006      8.116480
    104   1      0   6   1     4  0.061498      70.425        8.0       14.5      0.356  0.054196  0.013382  0.275792  1.335876      8.114717
    105   1     -5   1   1     4  0.061493      70.500       38.2       34.2      0.651  0.054180  0.013400  0.276172  1.334633      8.097842
    106   1     -1   5   4     4  0.061449      71.144      101.3       37.2      0.657  0.054043  0.013561  0.279413  1.324131      7.956698
    107   1     -3   5   1     4  0.061448      71.167        0.0        0.0      0.000  0.054039  0.013567  0.279530  1.323754      7.951688
    108   1     -1   3   6     4  0.061443      71.243      289.6       48.2      0.742  0.054023  0.013585  0.279911  1.322536      7.935492
    109   1     -4   0   6     2  0.061429      71.476        4.0        1.0      0.020  0.053975  0.013644  0.281087  1.318787      3.942946
    110   1     -3   5   2     4  0.061429      71.478       63.8       16.0      0.340  0.053975  0.013644  0.281094  1.318765      7.885612
    111   1      0   4   5     4  0.061414      71.736        1.4        3.8      0.124  0.053922  0.013709  0.282398  1.314643      7.831475
    112   1      3   3   3     4  0.061413      71.743        0.1        0.3      0.010  0.053921  0.013711  0.282432  1.314537      7.830090
    113   1     -4   4   2     4  0.061407      71.854        2.1       13.2      0.386  0.053898  0.013739  0.282992  1.312775      7.807081
    114   1     -5   1   4     4  0.061396      72.053        7.2       22.9      0.536  0.053858  0.013789  0.283994  1.309643      7.766362
    115   1      3   1   4     4  0.061382      72.339       49.7       29.2      0.580  0.053802  0.013862  0.285436  1.305165      7.708580
    116   1     -4   4   1     4  0.061379      72.401       15.6       11.9      0.342  0.053790  0.013878  0.285747  1.304203      7.696232
    117   1      4   2   2     4  0.061373      72.522       37.0       16.2      0.397  0.053766  0.013908  0.286357  1.302325      7.672189
    118   1      3   5   0     4  0.061362      72.777      118.0       20.6      0.448  0.053717  0.013973  0.287642  1.298388      7.622088
    119   1      1   1   6     4  0.061359      72.830       83.2       18.8      0.469  0.053707  0.013987  0.287908  1.297577      7.611817
    120   1     -4   4   3     4  0.061344      73.222       61.7       29.0      0.622  0.053633  0.014087  0.289884  1.291593      7.536533

   No.  Code     H   K   L  Mult     Hw         2theta      Icalc       Iobs      Sigma      HwG     HwL       ETA       d-hkl        CORR

    121   1      0   6   2     4  0.061341      73.306        6.9       10.0      0.325  0.053617  0.014109  0.290306  1.290324      7.520693
    122   1     -3   5   3     4  0.061328      73.699        1.1        8.9      0.286  0.053545  0.014210  0.292284  1.284414      7.447443
    123   1      5   1   0     4  0.061324      73.820       34.0       39.0      0.734  0.053523  0.014242  0.292896  1.282601      7.425159
    124   1      2   2   5     4  0.061318      74.035        1.5        2.3      0.051  0.053485  0.014297  0.293977  1.279411      7.386157
    125   1     -1   1   7     4  0.061315      74.159        8.3       22.6      0.554  0.053463  0.014330  0.294603  1.277572      7.363801
    126   1     -3   3   6     4  0.061307      74.510        5.8       33.1      0.694  0.053402  0.014421  0.296365  1.272431      7.301765
    127   1      4   4   0     4  0.061301      74.846        1.3       30.2      0.620  0.053345  0.014509  0.298055  1.267547      7.243491
    128   1     -2   6   1     4  0.061295      75.467        0.6       15.0      0.319  0.053243  0.014672  0.301173  1.258651      7.139040
    129   1     -3   1   7     4  0.061294      75.705       29.8       70.3      1.651  0.053206  0.014736  0.302368  1.255280      7.100031
    130   1     -4   2   6     4  0.061294      75.784      126.4       80.3      1.372  0.053193  0.014756  0.302763  1.254172      7.087287
    131   1      2   6   0     4  0.061295      76.206        0.0        0.3      0.009  0.053129  0.014869  0.304876  1.248276      7.020019
    132   1      3   5   1     4  0.061295      76.260        0.9        5.3      0.177  0.053121  0.014883  0.305147  1.247523      7.011506
    133   1     -5   1   5     4  0.061296      76.357       13.3       17.0      0.449  0.053106  0.014909  0.305632  1.246181      6.996369
    134   1     -4   4   4     4  0.061297      76.465       56.5       21.6      0.461  0.053090  0.014938  0.306173  1.244687      6.979575
    135   1     -2   2   7     4  0.061297      76.468       14.4        5.5      0.117  0.053090  0.014939  0.306189  1.244643      6.979072
    136   1     -2   6   2     4  0.061299      76.609      180.2       39.0      0.641  0.053069  0.014977  0.306894  1.242704      6.957373
    137   1      2   4   4     4  0.061299      76.675        0.0        0.0      0.000  0.053059  0.014995  0.307224  1.241799      6.947294
    138   1     -5   3   2     4  0.061322      77.709        4.4       26.4      0.547  0.052917  0.015275  0.312380  1.227835      6.794691
    139   1     -3   5   4     4  0.061323      77.769       42.1      144.6      3.380  0.052909  0.015291  0.312677  1.227041      6.786191
    140   1      1   5   4     4  0.061328      77.909        5.6       13.9      0.347  0.052891  0.015329  0.313370  1.225194      6.766494
    141   1      0   6   3     4  0.061332      78.016        0.4        0.9      0.019  0.052878  0.015359  0.313905  1.223771      6.751385
    142   1     -5   3   3     4  0.061339      78.211        1.4       15.8      0.385  0.052854  0.015412  0.314869  1.221216      6.724423
    143   1     -2   4   6     4  0.061359      78.682        1.4       24.3      0.558  0.052797  0.015542  0.317205  1.215075      6.660442
    144   1      2   6   1     4  0.061365      78.809        0.5        8.7      0.254  0.052782  0.015577  0.317832  1.213438      6.643597
    145   1     -1   5   5     4  0.061365      78.809        0.1        1.0      0.030  0.052782  0.015577  0.317834  1.213432      6.643533
    146   1      5   1   1     4  0.061372      78.951       28.4       48.5      0.774  0.052766  0.015617  0.318532  1.211614      6.624923
    147   1     -5   3   1     4  0.061378      79.072        5.9       12.4      0.339  0.052753  0.015650  0.319131  1.210059      6.609077
    148   1      4   4   1     4  0.061381      79.127        8.9       13.2      0.328  0.052747  0.015666  0.319402  1.209357      6.601954
    149   1     -2   6   3     4  0.061409      79.607        8.3       51.4      0.846  0.052696  0.015800  0.321767  1.203262      6.540771
    150   1     -5   3   4     4  0.061478      80.566       72.0      163.3      2.773  0.052605  0.016071  0.326463  1.191340      6.424661
    151   1      4   2   3     4  0.061478      80.570        1.0        2.3      0.038  0.052604  0.016071  0.326479  1.191299      6.424264
    152   1      3   3   4     4  0.061501      80.842        0.1        0.5      0.009  0.052581  0.016149  0.327808  1.187967      6.392679
    153   1      1   3   6     4  0.061544      81.316        1.4       26.8      0.598  0.052544  0.016285  0.330109  1.182236      6.339268
    154   1     -4   4   5     4  0.061563      81.514        8.7       33.1      0.565  0.052529  0.016342  0.331067  1.179866      6.317513
    155   1      0   2   7     4  0.061564      81.518        1.6        5.9      0.099  0.052529  0.016343  0.331083  1.179825      6.317143
    156   1      3   5   2     4  0.061566      81.541        1.9        7.4      0.147  0.052528  0.016350  0.331199  1.179541      6.314547
    157   1      2   0   6     2  0.061587      81.747       29.7       41.7      0.705  0.052513  0.016409  0.332190  1.177097      3.146179
    158   1      0   4   6     4  0.061620      82.056        2.8        8.9      0.273  0.052493  0.016499  0.333681  1.173439      6.259546
    159   1      5   3   0     4  0.061645      82.275       86.3       52.0      0.868  0.052480  0.016563  0.334730  1.170876      6.236848
    160   1     -5   1   6     4  0.061662      82.429       10.3       16.1      0.424  0.052471  0.016607  0.335468  1.169080      6.221087
    161   1     -1   3   7     4  0.061683      82.604        2.2        7.2      0.197  0.052462  0.016659  0.336306  1.167047      6.203389
    162   1      2   6   2     4  0.061764      83.231       12.6       58.2      0.908  0.052433  0.016843  0.339293  1.159839      6.141915
    163   1      3   1   5     4  0.061767      83.258        1.6        8.2      0.161  0.052432  0.016852  0.339422  1.159528      6.139308
    164   1     -3   5   5     4  0.061818      83.618       14.2       44.4      0.778  0.052418  0.016958  0.341126  1.155452      6.105471
    165   1     -3   3   7     4  0.061890      84.106        0.3       14.7      0.399  0.052404  0.017104  0.343426  1.149980      6.061085
    166   1     -2   6   4     4  0.061939      84.414        7.0       27.3      0.519  0.052397  0.017197  0.344867  1.146571      6.034038
    167   1      0   6   4     4  0.061950      84.483        8.4       16.6      0.293  0.052396  0.017218  0.345186  1.145817      6.028116
    168   1     -2   0   8     2  0.061955      84.512       11.9       20.0      0.353  0.052396  0.017227  0.345324  1.145492      3.012787
    169   1     -4   2   7     4  0.061957      84.526        1.7        2.8      0.055  0.052395  0.017231  0.345387  1.145343      6.024407
    170   1     -6   0   2     2  0.061969      84.601       15.1       22.3      0.489  0.052394  0.017253  0.345737  1.144518      3.008989
    171   1     -5   3   5     4  0.061993      84.742        8.5       10.0      0.252  0.052392  0.017296  0.346394  1.142973      6.005999
    172   1      1   7   0     4  0.062024      84.925       10.7       19.3      0.441  0.052391  0.017352  0.347245  1.140975      5.990666
    173   1     -1   7   1     4  0.062041      85.023        0.6        3.3      0.093  0.052390  0.017382  0.347701  1.139905      5.982527
    174   1      4   4   2     4  0.062069      85.182        0.4        2.5      0.048  0.052389  0.017430  0.348434  1.138189      5.969558
    175   1      1   1   7     4  0.062176      85.759        2.3        6.2      0.139  0.052391  0.017607  0.351088  1.132002      5.923871
    176   1     -6   0   4     2  0.062181      85.781        4.1        7.3      0.136  0.052391  0.017614  0.351191  1.131764      2.961071
    177   1      5   1   2     4  0.062189      85.825       51.5       50.6      0.735  0.052391  0.017627  0.351392  1.131297      5.918767
    178   1      2   2   6     4  0.062204      85.904       57.9       39.3      0.634  0.052392  0.017652  0.351750  1.130465      5.912777
    179   1      4   0   4     2  0.062248      86.123       13.8       10.5      0.185  0.052396  0.017719  0.352749  1.128150      2.948130
    180   1      2   4   5     4  0.062354      86.634        0.4        3.5      0.089  0.052407  0.017879  0.355067  1.122797      5.858984

   No.  Code     H   K   L  Mult     Hw         2theta      Icalc       Iobs      Sigma      HwG     HwL       ETA       d-hkl        CORR

    181   1      1   7   1     4  0.062359      86.657        3.6       28.4      0.596  0.052407  0.017886  0.355168  1.122566      5.857406
    182   1     -1   7   2     4  0.062423      86.951       25.0       41.9      0.713  0.052417  0.017978  0.356492  1.119519      5.836796
    183   1      1   5   5     4  0.062440      87.024        3.3        8.2      0.244  0.052419  0.018001  0.356817  1.118772      5.831810
    184   1     -3   1   8     4  0.062456      87.096        3.5        9.9      0.303  0.052422  0.018024  0.357140  1.118031      5.826886
    185   1     -1   1   8     4  0.062487      87.232       52.1       41.0      0.623  0.052427  0.018067  0.357750  1.116633      5.817673
    186   1      5   3   1     4  0.062498      87.282        0.0        0.0      0.000  0.052429  0.018082  0.357971  1.116127      5.814355
    187   1     -1   5   6     4  0.062697      88.103        3.5       35.8      0.654  0.052472  0.018343  0.361602  1.107829      5.761756
    188   1     -4   4   6     4  0.062753      88.325       33.8       59.3      0.879  0.052486  0.018415  0.362571  1.105623      5.748329
    189   1     -6   2   3     4  0.062777      88.416        5.0       13.8      0.359  0.052492  0.018444  0.362970  1.104715      5.742880
    190   1      3   5   3     4  0.062820      88.578        0.9        1.9      0.053  0.052503  0.018496  0.363673  1.103115      5.733363
    191   1     -2   2   8     4  0.062839      88.652        3.0        4.4      0.132  0.052509  0.018520  0.363996  1.102383      5.729049
    192   1     -6   2   2     4  0.062863      88.740       26.1       29.1      0.612  0.052515  0.018549  0.364378  1.101515      5.723972
    193   1     -2   4   7     4  0.062931      88.989       18.0       25.1      0.454  0.052535  0.018629  0.365451  1.099077      5.709921
    194   1      2   6   3     4  0.063058      89.438        1.0       23.1      0.539  0.052574  0.018776  0.367371  1.094724      5.685583
    195   1     -6   2   4     4  0.063200      89.917       21.0       70.2      0.987  0.052622  0.018934  0.369400  1.090130      5.660974
    196   1      1   7   2     4  0.063290      90.210        1.3        1.7      0.030  0.052654  0.019031  0.370631  1.087345      5.646600
    197   1     -5   1   7     4  0.063299      90.241       27.4       26.5      0.383  0.052657  0.019041  0.370758  1.087059      5.645146
    198   1      4   2   4     4  0.063305      90.258       29.8       30.2      0.477  0.052659  0.019046  0.370828  1.086900      5.644341
    199   1     -1   7   3     4  0.063446      90.701        1.4        1.3      0.035  0.052712  0.019194  0.372667  1.082740      5.623766
    200   1     -5   3   6     4  0.063451      90.714       16.6       12.1      0.275  0.052714  0.019199  0.372724  1.082613      5.623149
    201   1      6   0   0     2  0.063456      90.732       27.3       17.5      0.377  0.052716  0.019205  0.372797  1.082447      2.811174
    202   1     -4   0   8     2  0.063489      90.832       29.1       21.8      0.518  0.052729  0.019238  0.373208  1.081519      2.808954
    203   1     -6   2   1     4  0.063508      90.890        3.4        5.5      0.184  0.052737  0.019258  0.373446  1.080979      5.615345
    204   1     -2   6   5     4  0.063547      91.007        3.7        3.1      0.080  0.052752  0.019297  0.373925  1.079896      5.610252
    205   1      0   0   8     2  0.063580      91.104       26.2       14.5      0.349  0.052765  0.019330  0.374324  1.078993      2.803027
    206   1     -3   5   6     4  0.063621      91.225       31.7       28.1      0.577  0.052782  0.019371  0.374817  1.077877      5.600937
    207   1      3   3   5     4  0.063730      91.537        0.1        4.9      0.158  0.052827  0.019477  0.376083  1.075014      5.588129
    208   1      0   6   5     4  0.064162      92.705        2.1      206.6      8.420  0.053019  0.019878  0.380713  1.064515      5.545313
    209   1     -4   6   2     4  0.064205      92.817        0.0        0.4      0.012  0.053039  0.019917  0.381149  1.063522      5.541615
    210   1      4   4   3     4  0.064282      93.009        1.7       22.4      0.409  0.053075  0.019984  0.381895  1.061825      5.535432
    211   1     -6   2   5     4  0.064376      93.244       21.6       51.2      0.793  0.053121  0.020066  0.382799  1.059764      5.528167
    212   1     -4   6   1     4  0.064414      93.338        8.4       25.1      0.506  0.053139  0.020099  0.383156  1.058949      5.525371
    213   1      0   4   7     4  0.064670      93.947        3.2       31.8      0.642  0.053266  0.020314  0.385461  1.053677      5.508319
    214   1      1   3   7     4  0.064706      94.030        0.1        1.8      0.062  0.053285  0.020344  0.385770  1.052969      5.506169
    215   1      5   3   2     4  0.064735      94.096        0.3        4.6      0.141  0.053299  0.020367  0.386017  1.052402      5.504471
    216   1     -4   6   3     4  0.064747      94.124        0.1        1.7      0.051  0.053305  0.020377  0.386120  1.052166      5.503769
    217   1     -6   0   6     2  0.064809      94.266       19.2       29.3      0.506  0.053337  0.020428  0.386646  1.050957      2.750121
    218   1     -5   5   2     4  0.064840      94.335       45.9       44.5      0.683  0.053353  0.020453  0.386903  1.050365      5.498550
    219   1      5   1   3     4  0.064899      94.468        2.5        9.4      0.285  0.053384  0.020500  0.387393  1.049236      5.495389
    220   1     -5   5   3     4  0.065062      94.827        0.2        1.9      0.055  0.053470  0.020630  0.388703  1.046212      5.487359
    221   1      6   2   0     4  0.065082      94.870        2.5       19.0      0.473  0.053481  0.020645  0.388858  1.045852      5.486445
    222   1     -4   2   8     4  0.065129      94.970        3.0       23.2      0.530  0.053505  0.020681  0.389220  1.045015      5.484355
    223   1      0   2   8     4  0.065257      95.243       30.4       39.1      0.672  0.053575  0.020781  0.390202  1.042736      5.478920
    224   1     -3   3   8     4  0.065317      95.369       78.3       50.2      0.789  0.053607  0.020826  0.390648  1.041697      5.476563
    225   1     -1   3   8     4  0.065384      95.506        0.9        1.9      0.061  0.053644  0.020876  0.391133  1.040566      5.474089
    226   1      1   7   3     4  0.065428      95.596        3.1        3.3      0.096  0.053668  0.020910  0.391453  1.039819      5.472505
    227   1     -5   5   1     4  0.065466      95.675       13.2        8.1      0.140  0.053689  0.020939  0.391730  1.039171      5.471166
    228   1      4   6   0     4  0.065474      95.691       15.9       10.5      0.180  0.053694  0.020944  0.391785  1.039044      5.470906
    229   1      3   1   6     4  0.065510      95.764        2.8        6.8      0.195  0.053714  0.020971  0.392042  1.038441      5.469691
    230   1     -1   7   4     4  0.065774      96.286        0.2        1.8      0.039  0.053862  0.021164  0.393850  1.034191      5.461902
    231   1     -3   7   1     4  0.065785      96.308        4.2       43.2      0.765  0.053869  0.021173  0.393926  1.034011      5.461603
    232   1     -3   7   2     4  0.065940      96.604        1.9       23.5      0.429  0.053957  0.021283  0.394933  1.031628      5.457868
    233   1     -4   4   7     4  0.066122      96.947       17.0       54.6      0.846  0.054063  0.021411  0.396081  1.028897      5.454131
    234   1     -5   5   4     4  0.066235      97.155       11.1       21.5      0.480  0.054129  0.021490  0.396772  1.027244      5.452156
    235   1     -4   6   4     4  0.066298      97.269       47.1       31.6      0.561  0.054166  0.021533  0.397148  1.026340      5.451169
    236   1      3   5   4     4  0.066387      97.430       83.2       27.4      0.544  0.054219  0.021594  0.397673  1.025078      5.449901
    237   1      2   6   4     4  0.066413      97.475       41.0       14.7      0.332  0.054234  0.021612  0.397822  1.024719      5.449564
    238   1      3   7   0     4  0.066626      97.851        2.8        1.4      0.037  0.054362  0.021755  0.399033  1.021785      5.447206
    239   1      1   5   6     4  0.066656      97.902       88.7       43.3      0.775  0.054380  0.021775  0.399196  1.021390      5.446943
    240   1      2   4   6     4  0.066908      98.332        8.8       16.9      0.426  0.054533  0.021940  0.400553  1.018071      5.445257

   No.  Code     H   K   L  Mult     Hw         2theta      Icalc       Iobs      Sigma      HwG     HwL       ETA       d-hkl        CORR

    241   1     -6   2   6     4  0.066962      98.424        4.8       17.4      0.453  0.054567  0.021976  0.400839  1.017367      5.445020
    242   1     -5   3   7     4  0.067030      98.536        1.9       14.5      0.403  0.054608  0.022019  0.401187  1.016508      5.444790
    243   1     -3   7   3     4  0.067156      98.743        8.2       24.7      0.472  0.054686  0.022100  0.401823  1.014933      5.444534
    244   1      0   8   0     2  0.067221      98.849        0.7        6.9      0.177  0.054726  0.022141  0.402148  1.014125      2.722245
    245   1      5   5   0     4  0.067228      98.861        0.0        0.2      0.005  0.054731  0.022146  0.402183  1.014038      5.444487
    246   1     -1   5   7     4  0.067434      99.191        1.0       14.5      0.361  0.054860  0.022276  0.403179  1.011547      5.444734
    247   1      2   2   7     4  0.067593      99.441        0.0        0.0      0.000  0.054960  0.022374  0.403923  1.009673      5.445289
    248   1     -2   6   6     4  0.067604      99.458       16.3       63.7      0.963  0.054967  0.022381  0.403972  1.009547      5.445337
    249   1      0   8   1     4  0.067809      99.774        2.7       11.9      0.240  0.055097  0.022507  0.404896  1.007198      5.446518
    250   1      4   6   1     4  0.067892      99.901        2.7       18.7      0.426  0.055150  0.022557  0.405263  1.006261      5.447134
    251   1     -5   1   8     4  0.067895      99.905        0.8        5.9      0.137  0.055152  0.022559  0.405276  1.006227      5.447157

     -----------------------------------------------------
     BRAGG R-Factors and weight fractions for Pattern #  1
     -----------------------------------------------------

 => Phase:  1     Structural refinement of low-temperature copper(II) pyrophosphate
 => Bragg R-factor:   185.       Vol:  482.864( 0.000)  Fract(%):  100.00( 0.00)
 => Rf-factor=  53.0             ATZ:        1204.141   Brindley:  1.0000

     -----------------------------------------------------------------
      SYMBOLIC NAMES AND FINAL VALUES AND SIGMA OF REFINED PARAMETERS:
     -----------------------------------------------------------------


 ------------------------------------------------------------------
 => Number of bytes for floating point variables: 4
 => Dimensions of dynamic allocated arrays in this run of FullProf:
 ------------------------------------------------------------------

 => Total approximate array memory (dynamic + static): 128415065 bytes

    MaxPOINT=    60000 Max.num. of points(+int. Inten.)/diffraction pattern       
    MaxREFLT=    20000 Max.num. of reflections/diffraction pattern               
    MaxPARAM=      300 Max.num. of refinable parameters                          
    MaxOVERL=    18096 Max.num. of overlapping reflections                       

 ----------------------------------------------------------
 => Number of bytes for floating point arrays: 4
 => Dimensions of fixed arrays in this release of FullProf:
 ----------------------------------------------------------

    NPATT   =       80 Max.num. of powder diffraction patterns                    
    NATS    =      830 Max.num. of atoms (all kind) in asymmetric unit            
    MPAR    =     1800 Max.num. of non atomic parameters/phase                    
    IEXCL   =       30 Max.num. of excluded regions                               
    IBACP   =      377 Max.num. of background points for interpolation            
    NPHT    =       16 Max.num. of phases                                         
    NMAGM   =        8 Max.num. of rotation-matrices sets for magnetic structure  
    NBASIS  =       12 Max.num. of basis functions associated to a single atom    
    NIREPS  =        9 Max.num. of irreducible representations to be combined     
    N_EQ    =      384 Max.num. of user-supplied symmetry operators/propagation vectors
    NGL     =      400 Max.num. of global parameters/diffraction pattern          
    N_LINC  =       30 Max.num. of global linear restraints                        
    NAT_P   =       68 Max.num. of atomic parameters per atom                     
    NCONST  =      500 Max.num. of slack constraints per phase                    
    N_SPE   =       30 Max.num. of different chemical species                     
    N_FORM  =       60 Max.num. of scattering factor values in a table            
    NPR     =      150 Max.num. of points defining a numerical profile            
    INPR    =       25 Max.num. of different numerical peak shapes                
    NPRC    =      150 Max.num. of terms in the table for correcting intensities  
    NSOL    =       10 Max.num. of solutions to be stored in Montecarlo searchs   

 
              CPU Time:     1.500 seconds
                            0.025 minutes

 => Run finished at:     Date: 05/08/2023  Time: 08:59:52.895                              
